[ 2018-01-23T22:01:51+08:00 ] 127.0.0.1 /
INFO: [ app_init ] --START--
INFO: Run Behavior\BuildLiteBehavior [ RunTime:0.000033s ]
INFO: [ app_init ] --END-- [ RunTime:0.000541s ]
INFO: [ app_begin ] --START--
INFO: Run Behavior\ReadHtmlCacheBehavior [ RunTime:0.025958s ]
INFO: [ app_begin ] --END-- [ RunTime:0.026099s ]
NOTIC: [2048] Declaration of Home\Controller\CommonController::error() should be compatible with Think\Controller::error($message = '', $jumpUrl = '', $ajax = false) C:\Software\wamp64\www\demo\Application\Home\Controller\CommonController.class.php 第 24 行.
NOTIC: [2048] Declaration of Common\Model\NewsModel::find() should be compatible with Think\Model::find($options = Array) C:\Software\wamp64\www\demo\Application\Common\Model\NewsModel.class.php 第 9 行.
SQL: SHOW COLUMNS FROM `tt_news` [ RunTime:0.0158s ]
SQL: SELECT * FROM `tt_news` WHERE `status` = 1 ORDER BY count desc,news_id desc  LIMIT 10   [ RunTime:0.0076s ]
NOTIC: [2048] Declaration of Common\Model\PositionContentModel::find() should be compatible with Think\Model::find($options = Array) C:\Software\wamp64\www\demo\Application\Common\Model\PositionContentModel.class.php 第 89 行.
SQL: SHOW COLUMNS FROM `tt_position_content` [ RunTime:0.0036s ]
NOTIC: [8] Undefined index: title C:\Software\wamp64\www\demo\Application\Common\Model\PositionContentModel.class.php 第 18 行.
SQL: SELECT * FROM `tt_position_content` WHERE `status` = 1 AND `position_id` = 2 ORDER BY listorder desc ,id desc LIMIT 1   [ RunTime:0.0012s ]
NOTIC: [8] Undefined index: title C:\Software\wamp64\www\demo\Application\Common\Model\PositionContentModel.class.php 第 18 行.
SQL: SELECT * FROM `tt_position_content` WHERE `status` = 1 AND `position_id` = 3 ORDER BY listorder desc ,id desc LIMIT 3   [ RunTime:0.0004s ]
SQL: SELECT * FROM `tt_news` WHERE `status` = 1 AND `thumb` <> '' ORDER BY news_id desc LIMIT 30   [ RunTime:0.0010s ]
NOTIC: [8] Undefined index: title C:\Software\wamp64\www\demo\Application\Common\Model\PositionContentModel.class.php 第 18 行.
SQL: SELECT * FROM `tt_position_content` WHERE `status` = 1 AND `position_id` = 5 ORDER BY listorder desc ,id desc LIMIT 2   [ RunTime:0.0004s ]
INFO: [ view_parse ] --START--
INFO: [ template_filter ] --START--
INFO: Run Behavior\ContentReplaceBehavior [ RunTime:0.001509s ]
INFO: [ template_filter ] --END-- [ RunTime:0.001648s ]
NOTIC: [2048] Declaration of Common\Model\BasicModel::save() should be compatible with Think\Model::save($data = '', $options = Array) C:\Software\wamp64\www\demo\Application\Common\Model\BasicModel.class.php 第 30 行.
NOTIC: [2048] Declaration of Common\Model\BasicModel::select() should be compatible with Think\Model::select($options = Array) C:\Software\wamp64\www\demo\Application\Common\Model\BasicModel.class.php 第 30 行.
NOTIC: [2048] Declaration of Common\Model\MenuModel::find() should be compatible with Think\Model::find($options = Array) C:\Software\wamp64\www\demo\Application\Common\Model\MenuModel.class.php 第 92 行.
SQL: SHOW COLUMNS FROM `tt_menu` [ RunTime:0.0035s ]
SQL: SELECT * FROM `tt_menu` WHERE `status` = 1 AND `type` = 0 ORDER BY listorder desc,menu_id desc  [ RunTime:0.0004s ]
NOTIC: [8] Undefined index: name C:\Software\wamp64\www\demo\Application\Runtime\Cache\Home\2a94b8bda04ff446dcedd42276fc99ee.php 第 80 行.
NOTIC: [8] Undefined index: name C:\Software\wamp64\www\demo\Application\Runtime\Cache\Home\2a94b8bda04ff446dcedd42276fc99ee.php 第 80 行.
INFO: Run Behavior\ParseTemplateBehavior [ RunTime:0.038062s ]
INFO: [ view_parse ] --END-- [ RunTime:0.038182s ]
INFO: [ view_filter ] --START--
INFO: Run Behavior\WriteHtmlCacheBehavior [ RunTime:0.001143s ]
INFO: [ view_filter ] --END-- [ RunTime:0.001261s ]
INFO: [ app_end ] --START--
INFO: Run Behavior\ShowPageTraceBehavior [ RunTime:0.001555s ]
INFO: [ app_end ] --END-- [ RunTime:0.001716s ]

[ 2018-01-23T22:01:51+08:00 ] 127.0.0.1 /index.php?c=index&a=getCount
INFO: [ app_init ] --START--
INFO: Run Behavior\BuildLiteBehavior [ RunTime:0.000040s ]
INFO: [ app_init ] --END-- [ RunTime:0.000691s ]
INFO: [ app_begin ] --START--
INFO: Run Behavior\ReadHtmlCacheBehavior [ RunTime:0.001053s ]
INFO: [ app_begin ] --END-- [ RunTime:0.001245s ]
NOTIC: [2048] Declaration of Home\Controller\CommonController::error() should be compatible with Think\Controller::error($message = '', $jumpUrl = '', $ajax = false) C:\Software\wamp64\www\demo\Application\Home\Controller\CommonController.class.php 第 24 行.
NOTIC: [2048] Declaration of Common\Model\NewsModel::find() should be compatible with Think\Model::find($options = Array) C:\Software\wamp64\www\demo\Application\Common\Model\NewsModel.class.php 第 9 行.
SQL: SHOW COLUMNS FROM `tt_news` [ RunTime:0.0013s ]
SQL: SELECT * FROM `tt_news` WHERE `news_id` IN ('31','45','44','43','42','41','40','39','38','37','36','35','34','33','32','30','29','28','27','26','25')  [ RunTime:0.0013s ]

[ 2018-01-23T22:17:02+08:00 ] 127.0.0.1 /index.php?c=detail&id=44
INFO: [ app_init ] --START--
INFO: Run Behavior\BuildLiteBehavior [ RunTime:0.000037s ]
INFO: [ app_init ] --END-- [ RunTime:0.000736s ]
INFO: [ app_begin ] --START--
INFO: Run Behavior\ReadHtmlCacheBehavior [ RunTime:0.001047s ]
INFO: [ app_begin ] --END-- [ RunTime:0.001255s ]
NOTIC: [2048] Declaration of Home\Controller\CommonController::error() should be compatible with Think\Controller::error($message = '', $jumpUrl = '', $ajax = false) C:\Software\wamp64\www\demo\Application\Home\Controller\CommonController.class.php 第 24 行.
NOTIC: [2048] Declaration of Common\Model\NewsModel::find() should be compatible with Think\Model::find($options = Array) C:\Software\wamp64\www\demo\Application\Common\Model\NewsModel.class.php 第 9 行.
SQL: SHOW COLUMNS FROM `tt_news` [ RunTime:0.0014s ]
SQL: SELECT * FROM `tt_news` WHERE ( news_id=44 ) LIMIT 1   [ RunTime:0.0004s ]
SQL: UPDATE `tt_news` SET `count`='27' WHERE ( news_id=44 ) [ RunTime:0.0020s ]
NOTIC: [2048] Declaration of Common\Model\NewsContentModel::find() should be compatible with Think\Model::find($options = Array) C:\Software\wamp64\www\demo\Application\Common\Model\NewsContentModel.class.php 第 46 行.
SQL: SHOW COLUMNS FROM `tt_news_content` [ RunTime:0.0025s ]
SQL: SELECT * FROM `tt_news_content` WHERE ( news_id=44 ) LIMIT 1   [ RunTime:0.0006s ]
NOTIC: [2048] Declaration of Common\Model\PositionContentModel::find() should be compatible with Think\Model::find($options = Array) C:\Software\wamp64\www\demo\Application\Common\Model\PositionContentModel.class.php 第 89 行.
SQL: SHOW COLUMNS FROM `tt_position_content` [ RunTime:0.0013s ]
NOTIC: [8] Undefined index: title C:\Software\wamp64\www\demo\Application\Common\Model\PositionContentModel.class.php 第 18 行.
SQL: SELECT * FROM `tt_position_content` WHERE `status` = 1 AND `position_id` = 5 ORDER BY listorder desc ,id desc LIMIT 2   [ RunTime:0.0004s ]
SQL: SELECT * FROM `tt_news` WHERE `status` = 1 ORDER BY count desc,news_id desc  LIMIT 10   [ RunTime:0.0006s ]
INFO: [ view_parse ] --START--
INFO: [ template_filter ] --START--
INFO: Run Behavior\ContentReplaceBehavior [ RunTime:0.000126s ]
INFO: [ template_filter ] --END-- [ RunTime:0.000295s ]
NOTIC: [2048] Declaration of Common\Model\BasicModel::save() should be compatible with Think\Model::save($data = '', $options = Array) C:\Software\wamp64\www\demo\Application\Common\Model\BasicModel.class.php 第 30 行.
NOTIC: [2048] Declaration of Common\Model\BasicModel::select() should be compatible with Think\Model::select($options = Array) C:\Software\wamp64\www\demo\Application\Common\Model\BasicModel.class.php 第 30 行.
NOTIC: [2048] Declaration of Common\Model\MenuModel::find() should be compatible with Think\Model::find($options = Array) C:\Software\wamp64\www\demo\Application\Common\Model\MenuModel.class.php 第 92 行.
SQL: SHOW COLUMNS FROM `tt_menu` [ RunTime:0.0011s ]
SQL: SELECT * FROM `tt_menu` WHERE `status` = 1 AND `type` = 0 ORDER BY listorder desc,menu_id desc  [ RunTime:0.0003s ]
NOTIC: [8] Undefined index: name C:\Software\wamp64\www\demo\Application\Runtime\Cache\Home\0d75cb75cd30b13fdd4834afd69acb19.php 第 59 行.
NOTIC: [8] Undefined index: name C:\Software\wamp64\www\demo\Application\Runtime\Cache\Home\0d75cb75cd30b13fdd4834afd69acb19.php 第 59 行.
INFO: Run Behavior\ParseTemplateBehavior [ RunTime:0.024294s ]
INFO: [ view_parse ] --END-- [ RunTime:0.024423s ]
INFO: [ view_filter ] --START--
INFO: Run Behavior\WriteHtmlCacheBehavior [ RunTime:0.000659s ]
INFO: [ view_filter ] --END-- [ RunTime:0.000756s ]
INFO: [ app_end ] --START--
INFO: Run Behavior\ShowPageTraceBehavior [ RunTime:0.000700s ]
INFO: [ app_end ] --END-- [ RunTime:0.000807s ]

[ 2018-01-23T22:26:04+08:00 ] 127.0.0.1 /index.php?c=detail&id=45
INFO: [ app_init ] --START--
INFO: Run Behavior\BuildLiteBehavior [ RunTime:0.000086s ]
INFO: [ app_init ] --END-- [ RunTime:0.002486s ]
INFO: [ app_begin ] --START--
INFO: Run Behavior\ReadHtmlCacheBehavior [ RunTime:0.000853s ]
INFO: [ app_begin ] --END-- [ RunTime:0.001022s ]
NOTIC: [2048] Declaration of Home\Controller\CommonController::error() should be compatible with Think\Controller::error($message = '', $jumpUrl = '', $ajax = false) C:\Software\wamp64\www\demo\Application\Home\Controller\CommonController.class.php 第 24 行.
NOTIC: [2048] Declaration of Common\Model\NewsModel::find() should be compatible with Think\Model::find($options = Array) C:\Software\wamp64\www\demo\Application\Common\Model\NewsModel.class.php 第 9 行.
SQL: SHOW COLUMNS FROM `tt_news` [ RunTime:0.0014s ]
SQL: SELECT * FROM `tt_news` WHERE ( news_id=45 ) LIMIT 1   [ RunTime:0.0004s ]
SQL: UPDATE `tt_news` SET `count`='32' WHERE ( news_id=45 ) [ RunTime:0.0003s ]
NOTIC: [2048] Declaration of Common\Model\NewsContentModel::find() should be compatible with Think\Model::find($options = Array) C:\Software\wamp64\www\demo\Application\Common\Model\NewsContentModel.class.php 第 46 行.
SQL: SHOW COLUMNS FROM `tt_news_content` [ RunTime:0.0010s ]
SQL: SELECT * FROM `tt_news_content` WHERE ( news_id=45 ) LIMIT 1   [ RunTime:0.0009s ]
NOTIC: [2048] Declaration of Common\Model\PositionContentModel::find() should be compatible with Think\Model::find($options = Array) C:\Software\wamp64\www\demo\Application\Common\Model\PositionContentModel.class.php 第 89 行.
SQL: SHOW COLUMNS FROM `tt_position_content` [ RunTime:0.0021s ]
NOTIC: [8] Undefined index: title C:\Software\wamp64\www\demo\Application\Common\Model\PositionContentModel.class.php 第 18 行.
SQL: SELECT * FROM `tt_position_content` WHERE `status` = 1 AND `position_id` = 5 ORDER BY listorder desc ,id desc LIMIT 2   [ RunTime:0.0006s ]
SQL: SELECT * FROM `tt_news` WHERE `status` = 1 ORDER BY count desc,news_id desc  LIMIT 10   [ RunTime:0.0008s ]
INFO: [ view_parse ] --START--
INFO: [ template_filter ] --START--
INFO: Run Behavior\ContentReplaceBehavior [ RunTime:0.000119s ]
INFO: [ template_filter ] --END-- [ RunTime:0.000284s ]
NOTIC: [2048] Declaration of Common\Model\BasicModel::save() should be compatible with Think\Model::save($data = '', $options = Array) C:\Software\wamp64\www\demo\Application\Common\Model\BasicModel.class.php 第 30 行.
NOTIC: [2048] Declaration of Common\Model\BasicModel::select() should be compatible with Think\Model::select($options = Array) C:\Software\wamp64\www\demo\Application\Common\Model\BasicModel.class.php 第 30 行.
NOTIC: [2048] Declaration of Common\Model\MenuModel::find() should be compatible with Think\Model::find($options = Array) C:\Software\wamp64\www\demo\Application\Common\Model\MenuModel.class.php 第 92 行.
SQL: SHOW COLUMNS FROM `tt_menu` [ RunTime:0.0014s ]
SQL: SELECT * FROM `tt_menu` WHERE `status` = 1 AND `type` = 0 ORDER BY listorder desc,menu_id desc  [ RunTime:0.0005s ]
NOTIC: [8] Undefined index: name C:\Software\wamp64\www\demo\Application\Runtime\Cache\Home\0d75cb75cd30b13fdd4834afd69acb19.php 第 59 行.
NOTIC: [8] Undefined index: name C:\Software\wamp64\www\demo\Application\Runtime\Cache\Home\0d75cb75cd30b13fdd4834afd69acb19.php 第 59 行.
INFO: Run Behavior\ParseTemplateBehavior [ RunTime:0.024551s ]
INFO: [ view_parse ] --END-- [ RunTime:0.024716s ]
INFO: [ view_filter ] --START--
INFO: Run Behavior\WriteHtmlCacheBehavior [ RunTime:0.000977s ]
INFO: [ view_filter ] --END-- [ RunTime:0.001154s ]
INFO: [ app_end ] --START--
INFO: Run Behavior\ShowPageTraceBehavior [ RunTime:0.001837s ]
INFO: [ app_end ] --END-- [ RunTime:0.002109s ]

