[ 2018-01-23T07:27:33+08:00 ] 127.0.0.1 /admin.php/signin.css
INFO: [ app_init ] --START--
INFO: Run Behavior\BuildLiteBehavior [ RunTime:0.000044s ]
INFO: [ app_init ] --END-- [ RunTime:0.000757s ]
ERR: 无法加载模块:Signin

[ 2018-01-23T07:27:36+08:00 ] 127.0.0.1 /admin.php/signin.css
INFO: [ app_init ] --START--
INFO: Run Behavior\BuildLiteBehavior [ RunTime:0.000025s ]
INFO: [ app_init ] --END-- [ RunTime:0.000458s ]
ERR: 无法加载模块:Signin

[ 2018-01-23T07:27:39+08:00 ] 127.0.0.1 /admin.php/signin.css
INFO: [ app_init ] --START--
INFO: Run Behavior\BuildLiteBehavior [ RunTime:0.000044s ]
INFO: [ app_init ] --END-- [ RunTime:0.000529s ]
ERR: 无法加载模块:Signin

[ 2018-01-23T22:01:43+08:00 ] ::1 /demo
INFO: [ app_init ] --START--
INFO: Run Behavior\BuildLiteBehavior [ RunTime:0.000027s ]
INFO: [ app_init ] --END-- [ RunTime:0.002053s ]
ERR: 无法加载模块:Demo

[ 2018-01-23T22:01:51+08:00 ] 127.0.0.1 /upload/2017/03/13/58c6c135796be.png
INFO: [ app_init ] --START--
INFO: Run Behavior\BuildLiteBehavior [ RunTime:0.000039s ]
INFO: [ app_init ] --END-- [ RunTime:0.000704s ]
ERR: 无法加载模块:Upload

[ 2018-01-23T22:01:51+08:00 ] 127.0.0.1 /upload/2017/03/07/58bd87910cde3.jpg
INFO: [ app_init ] --START--
INFO: Run Behavior\BuildLiteBehavior [ RunTime:0.000038s ]
INFO: [ app_init ] --END-- [ RunTime:0.000678s ]
ERR: 无法加载模块:Upload

[ 2018-01-23T22:01:51+08:00 ] 127.0.0.1 /upload/2017/03/13/58c6bfab8dd2d.png
INFO: [ app_init ] --START--
INFO: Run Behavior\BuildLiteBehavior [ RunTime:0.000041s ]
INFO: [ app_init ] --END-- [ RunTime:0.000668s ]
ERR: 无法加载模块:Upload

[ 2018-01-23T22:01:51+08:00 ] 127.0.0.1 /upload/2017/03/13/58c6c08519ab6.png
INFO: [ app_init ] --START--
INFO: Run Behavior\BuildLiteBehavior [ RunTime:0.000038s ]
INFO: [ app_init ] --END-- [ RunTime:0.000959s ]
ERR: 无法加载模块:Upload

[ 2018-01-23T22:01:51+08:00 ] 127.0.0.1 /upload/2017/03/13/58c6bef4705b6.png
INFO: [ app_init ] --START--
INFO: Run Behavior\BuildLiteBehavior [ RunTime:0.000037s ]
INFO: [ app_init ] --END-- [ RunTime:0.000820s ]
ERR: 无法加载模块:Upload

[ 2018-01-23T22:01:51+08:00 ] 127.0.0.1 /upload/2017/03/13/58c6be998a196.png
INFO: [ app_init ] --START--
INFO: Run Behavior\BuildLiteBehavior [ RunTime:0.000038s ]
INFO: [ app_init ] --END-- [ RunTime:0.000586s ]
ERR: 无法加载模块:Upload

[ 2018-01-23T22:01:51+08:00 ] 127.0.0.1 /upload/2017/03/13/58c6bf5680c1a.png
INFO: [ app_init ] --START--
INFO: Run Behavior\BuildLiteBehavior [ RunTime:0.000044s ]
INFO: [ app_init ] --END-- [ RunTime:0.000606s ]
ERR: 无法加载模块:Upload

[ 2018-01-23T22:01:51+08:00 ] 127.0.0.1 /upload/2017/03/13/58c6bdf6e2d50.png
INFO: [ app_init ] --START--
INFO: Run Behavior\BuildLiteBehavior [ RunTime:0.000037s ]
INFO: [ app_init ] --END-- [ RunTime:0.000582s ]
ERR: 无法加载模块:Upload

[ 2018-01-23T22:01:51+08:00 ] 127.0.0.1 /upload/2017/03/06/58bd7afe2b2dc.jpg
INFO: [ app_init ] --START--
INFO: Run Behavior\BuildLiteBehavior [ RunTime:0.000041s ]
INFO: [ app_init ] --END-- [ RunTime:0.000626s ]
ERR: 无法加载模块:Upload

[ 2018-01-23T22:01:51+08:00 ] 127.0.0.1 /upload/2017/03/13/58c6baef661e4.png
INFO: [ app_init ] --START--
INFO: Run Behavior\BuildLiteBehavior [ RunTime:0.000036s ]
INFO: [ app_init ] --END-- [ RunTime:0.000660s ]
ERR: 无法加载模块:Upload

[ 2018-01-23T22:01:51+08:00 ] 127.0.0.1 /upload/2017/03/13/58c6b9b135ea3.png
INFO: [ app_init ] --START--
INFO: Run Behavior\BuildLiteBehavior [ RunTime:0.000088s ]
INFO: [ app_init ] --END-- [ RunTime:0.000932s ]
ERR: 无法加载模块:Upload

[ 2018-01-23T22:01:51+08:00 ] 127.0.0.1 /upload/2017/03/13/58c6bbb58cde6.png
INFO: [ app_init ] --START--
INFO: Run Behavior\BuildLiteBehavior [ RunTime:0.000039s ]
INFO: [ app_init ] --END-- [ RunTime:0.001241s ]
ERR: 无法加载模块:Upload

[ 2018-01-23T22:01:51+08:00 ] 127.0.0.1 /upload/2017/03/07/58bd89c379c7d.jpg
INFO: [ app_init ] --START--
INFO: Run Behavior\BuildLiteBehavior [ RunTime:0.000039s ]
INFO: [ app_init ] --END-- [ RunTime:0.000717s ]
ERR: 无法加载模块:Upload

[ 2018-01-23T22:01:51+08:00 ] 127.0.0.1 /upload/2017/03/13/58c6bc3d3cb45.png
INFO: [ app_init ] --START--
INFO: Run Behavior\BuildLiteBehavior [ RunTime:0.000047s ]
INFO: [ app_init ] --END-- [ RunTime:0.000633s ]
ERR: 无法加载模块:Upload

[ 2018-01-23T22:01:51+08:00 ] 127.0.0.1 /upload/2017/03/07/58bd8a5f710cb.jpg
INFO: [ app_init ] --START--
INFO: Run Behavior\BuildLiteBehavior [ RunTime:0.000039s ]
INFO: [ app_init ] --END-- [ RunTime:0.000617s ]
ERR: 无法加载模块:Upload

[ 2018-01-23T22:01:51+08:00 ] 127.0.0.1 /upload/2017/03/06/58bd81a55eddd.jpg
INFO: [ app_init ] --START--
INFO: Run Behavior\BuildLiteBehavior [ RunTime:0.000041s ]
INFO: [ app_init ] --END-- [ RunTime:0.000740s ]
ERR: 无法加载模块:Upload

[ 2018-01-23T22:01:51+08:00 ] 127.0.0.1 /upload/2017/03/07/58bd8b2d4f3a3.jpg
INFO: [ app_init ] --START--
INFO: Run Behavior\BuildLiteBehavior [ RunTime:0.000038s ]
INFO: [ app_init ] --END-- [ RunTime:0.000737s ]
ERR: 无法加载模块:Upload

[ 2018-01-23T22:01:51+08:00 ] 127.0.0.1 /upload/2017/03/13/58c6b7c3aacef.png
INFO: [ app_init ] --START--
INFO: Run Behavior\BuildLiteBehavior [ RunTime:0.000039s ]
INFO: [ app_init ] --END-- [ RunTime:0.000944s ]
ERR: 无法加载模块:Upload

[ 2018-01-23T22:01:51+08:00 ] 127.0.0.1 /upload/2016/03/13/56e5612d525c3.png
INFO: [ app_init ] --START--
INFO: Run Behavior\BuildLiteBehavior [ RunTime:0.000037s ]
INFO: [ app_init ] --END-- [ RunTime:0.000619s ]
ERR: 无法加载模块:Upload

[ 2018-01-23T22:01:51+08:00 ] 127.0.0.1 /upload/2017/03/06/58bd5233edcca.jpg
INFO: [ app_init ] --START--
INFO: Run Behavior\BuildLiteBehavior [ RunTime:0.000038s ]
INFO: [ app_init ] --END-- [ RunTime:0.000617s ]
ERR: 无法加载模块:Upload

[ 2018-01-23T22:01:51+08:00 ] 127.0.0.1 /upload/2017/03/06/58bd52155f707.jpg
INFO: [ app_init ] --START--
INFO: Run Behavior\BuildLiteBehavior [ RunTime:0.000039s ]
INFO: [ app_init ] --END-- [ RunTime:0.000708s ]
ERR: 无法加载模块:Upload

[ 2018-01-23T22:01:51+08:00 ] 127.0.0.1 /upload/2016/03/13/56e56211c68e7.jpg
INFO: [ app_init ] --START--
INFO: Run Behavior\BuildLiteBehavior [ RunTime:0.000105s ]
INFO: [ app_init ] --END-- [ RunTime:0.001518s ]
ERR: 无法加载模块:Upload

[ 2018-01-23T22:01:51+08:00 ] 127.0.0.1 /favicon.ico
INFO: [ app_init ] --START--
INFO: Run Behavior\BuildLiteBehavior [ RunTime:0.000059s ]
INFO: [ app_init ] --END-- [ RunTime:0.000800s ]
ERR: 无法加载模块:Favicon

[ 2018-01-23T22:17:02+08:00 ] 127.0.0.1 /upload/2017/03/13/58c6c0d386d7f.png
INFO: [ app_init ] --START--
INFO: Run Behavior\BuildLiteBehavior [ RunTime:0.000043s ]
INFO: [ app_init ] --END-- [ RunTime:0.000931s ]
ERR: 无法加载模块:Upload

[ 2018-01-23T22:17:02+08:00 ] 127.0.0.1 /upload/2017/03/13/58c6c10562744.png
INFO: [ app_init ] --START--
INFO: Run Behavior\BuildLiteBehavior [ RunTime:0.000048s ]
INFO: [ app_init ] --END-- [ RunTime:0.000755s ]
ERR: 无法加载模块:Upload

[ 2018-01-23T22:17:02+08:00 ] 127.0.0.1 /upload/2017/03/13/58c6c0df4b828.png
INFO: [ app_init ] --START--
INFO: Run Behavior\BuildLiteBehavior [ RunTime:0.000041s ]
INFO: [ app_init ] --END-- [ RunTime:0.000855s ]
ERR: 无法加载模块:Upload

[ 2018-01-23T22:17:02+08:00 ] 127.0.0.1 /upload/2017/03/13/58c6c0f76ca40.png
INFO: [ app_init ] --START--
INFO: Run Behavior\BuildLiteBehavior [ RunTime:0.000048s ]
INFO: [ app_init ] --END-- [ RunTime:0.000806s ]
ERR: 无法加载模块:Upload

[ 2018-01-23T22:17:02+08:00 ] 127.0.0.1 /upload/2016/03/13/56e56211c68e7.jpg
INFO: [ app_init ] --START--
INFO: Run Behavior\BuildLiteBehavior [ RunTime:0.000040s ]
INFO: [ app_init ] --END-- [ RunTime:0.000754s ]
ERR: 无法加载模块:Upload

[ 2018-01-23T22:17:02+08:00 ] 127.0.0.1 /upload/2016/03/13/56e5612d525c3.png
INFO: [ app_init ] --START--
INFO: Run Behavior\BuildLiteBehavior [ RunTime:0.000039s ]
INFO: [ app_init ] --END-- [ RunTime:0.000918s ]
ERR: 无法加载模块:Upload

[ 2018-01-23T22:26:04+08:00 ] 127.0.0.1 /upload/2017/03/13/58c6c172a3de0.png
INFO: [ app_init ] --START--
INFO: Run Behavior\BuildLiteBehavior [ RunTime:0.000044s ]
INFO: [ app_init ] --END-- [ RunTime:0.000931s ]
ERR: 无法加载模块:Upload

[ 2018-01-23T22:26:04+08:00 ] 127.0.0.1 /upload/2017/03/13/58c6c1869a7d2.png
INFO: [ app_init ] --START--
INFO: Run Behavior\BuildLiteBehavior [ RunTime:0.000043s ]
INFO: [ app_init ] --END-- [ RunTime:0.000680s ]
ERR: 无法加载模块:Upload

[ 2018-01-23T22:26:04+08:00 ] 127.0.0.1 /upload/2017/03/13/58c6c19b00fe6.png
INFO: [ app_init ] --START--
INFO: Run Behavior\BuildLiteBehavior [ RunTime:0.000038s ]
INFO: [ app_init ] --END-- [ RunTime:0.000727s ]
ERR: 无法加载模块:Upload

[ 2018-01-23T22:26:04+08:00 ] 127.0.0.1 /upload/2017/03/13/58c6c190cd75e.png
INFO: [ app_init ] --START--
INFO: Run Behavior\BuildLiteBehavior [ RunTime:0.000038s ]
INFO: [ app_init ] --END-- [ RunTime:0.000914s ]
ERR: 无法加载模块:Upload

[ 2018-01-23T22:26:04+08:00 ] 127.0.0.1 /upload/2017/03/13/58c6c1a487134.png
INFO: [ app_init ] --START--
INFO: Run Behavior\BuildLiteBehavior [ RunTime:0.000046s ]
INFO: [ app_init ] --END-- [ RunTime:0.000782s ]
ERR: 无法加载模块:Upload

[ 2018-01-23T22:26:04+08:00 ] 127.0.0.1 /upload/2016/03/13/56e5612d525c3.png
INFO: [ app_init ] --START--
INFO: Run Behavior\BuildLiteBehavior [ RunTime:0.000040s ]
INFO: [ app_init ] --END-- [ RunTime:0.000808s ]
ERR: 无法加载模块:Upload

[ 2018-01-23T22:26:04+08:00 ] 127.0.0.1 /upload/2016/03/13/56e56211c68e7.jpg
INFO: [ app_init ] --START--
INFO: Run Behavior\BuildLiteBehavior [ RunTime:0.000038s ]
INFO: [ app_init ] --END-- [ RunTime:0.000599s ]
ERR: 无法加载模块:Upload

[ 2018-01-23T22:26:04+08:00 ] 127.0.0.1 /upload/2017/03/13/58c6c17da810e.png
INFO: [ app_init ] --START--
INFO: Run Behavior\BuildLiteBehavior [ RunTime:0.000155s ]
INFO: [ app_init ] --END-- [ RunTime:0.001946s ]
ERR: 无法加载模块:Upload

