[ 2018-01-28T15:00:31+08:00 ] 127.0.0.1 /Public/css/home/images/home-tm.png
INFO: [ app_init ] --START--
INFO: Run Behavior\BuildLiteBehavior [ RunTime:0.000044s ]
INFO: [ app_init ] --END-- [ RunTime:0.000690s ]
ERR: 无法加载模块:Public

[ 2018-01-28T15:00:31+08:00 ] 127.0.0.1 /Public/css/home/images/home-bg.jpg
INFO: [ app_init ] --START--
INFO: Run Behavior\BuildLiteBehavior [ RunTime:0.000047s ]
INFO: [ app_init ] --END-- [ RunTime:0.000932s ]
ERR: 无法加载模块:Public

[ 2018-01-28T15:00:31+08:00 ] 127.0.0.1 /Public/css/home/images/right-arrow.png
INFO: [ app_init ] --START--
INFO: Run Behavior\BuildLiteBehavior [ RunTime:0.000041s ]
INFO: [ app_init ] --END-- [ RunTime:0.000720s ]
ERR: 无法加载模块:Public

[ 2018-01-28T15:00:31+08:00 ] 127.0.0.1 /Public/css/home/images/left-arrow.png
INFO: [ app_init ] --START--
INFO: Run Behavior\BuildLiteBehavior [ RunTime:0.000040s ]
INFO: [ app_init ] --END-- [ RunTime:0.000736s ]
ERR: 无法加载模块:Public

[ 2018-01-28T15:57:39+08:00 ] 127.0.0.1 /Application/Home/View/index/css/style.css
INFO: [ app_init ] --START--
INFO: Run Behavior\BuildLiteBehavior [ RunTime:0.000052s ]
INFO: [ app_init ] --END-- [ RunTime:0.000758s ]
ERR: 无法加载模块:Application



[ 2018-01-28T15:57:39+08:00 ] 127.0.0.1 /Application/Home/View/index/css/jquery.mmenu.all.min.css
INFO: [ app_init ] --START--
INFO: Run Behavior\BuildLiteBehavior [ RunTime:0.000039s ]
INFO: [ app_init ] --END-- [ RunTime:0.000763s ]
ERR: 无法加载模块:Application

[ 2018-01-28T15:57:39+08:00 ] 127.0.0.1 /Application/Home/View/index/js/public.js
INFO: [ app_init ] --START--
INFO: Run Behavior\BuildLiteBehavior [ RunTime:0.000039s ]
INFO: [ app_init ] --END-- [ RunTime:0.000657s ]
ERR: 无法加载模块:Application

[ 2018-01-28T15:57:39+08:00 ] 127.0.0.1 /Application/Home/View/index/images/logo.png
INFO: [ app_init ] --START--
INFO: Run Behavior\BuildLiteBehavior [ RunTime:0.000040s ]
INFO: [ app_init ] --END-- [ RunTime:0.000810s ]
ERR: 无法加载模块:Application

[ 2018-01-28T15:57:39+08:00 ] 127.0.0.1 /Application/Home/View/index/js/moaModal.js
INFO: [ app_init ] --START--
INFO: Run Behavior\BuildLiteBehavior [ RunTime:0.000040s ]
INFO: [ app_init ] --END-- [ RunTime:0.000714s ]
ERR: 无法加载模块:Application

[ 2018-01-28T15:57:39+08:00 ] 127.0.0.1 /Application/Home/View/index/images/about-banner.jpg
INFO: [ app_init ] --START--
INFO: Run Behavior\BuildLiteBehavior [ RunTime:0.000043s ]
INFO: [ app_init ] --END-- [ RunTime:0.000696s ]
ERR: 无法加载模块:Application

[ 2018-01-28T15:57:39+08:00 ] 127.0.0.1 /Application/Home/View/index/js/jquery.placeholder.min.js
INFO: [ app_init ] --START--
INFO: Run Behavior\BuildLiteBehavior [ RunTime:0.000038s ]
INFO: [ app_init ] --END-- [ RunTime:0.000620s ]
ERR: 无法加载模块:Application

[ 2018-01-28T15:57:39+08:00 ] 127.0.0.1 /Application/Home/View/index/images/pro-icon.png
INFO: [ app_init ] --START--
INFO: Run Behavior\BuildLiteBehavior [ RunTime:0.000081s ]
INFO: [ app_init ] --END-- [ RunTime:0.037830s ]
ERR: 无法加载模块:Application

[ 2018-01-28T15:57:39+08:00 ] 127.0.0.1 /Application/Home/View/index/images/icon-closed.png
INFO: [ app_init ] --START--
INFO: Run Behavior\BuildLiteBehavior [ RunTime:0.000038s ]
INFO: [ app_init ] --END-- [ RunTime:0.000767s ]
ERR: 无法加载模块:Application

[ 2018-01-28T15:57:39+08:00 ] 127.0.0.1 /Application/Home/View/index/js/Sweefty.js
INFO: [ app_init ] --START--
INFO: Run Behavior\BuildLiteBehavior [ RunTime:0.000065s ]
INFO: [ app_init ] --END-- [ RunTime:0.044195s ]
ERR: 无法加载模块:Application

[ 2018-01-28T15:57:39+08:00 ] 127.0.0.1 /Application/Home/View/index/images/weixin.jpg
INFO: [ app_init ] --START--
INFO: Run Behavior\BuildLiteBehavior [ RunTime:0.000049s ]
INFO: [ app_init ] --END-- [ RunTime:0.000685s ]
ERR: 无法加载模块:Application

[ 2018-01-28T15:57:39+08:00 ] 127.0.0.1 /Application/Home/View/index/images/home-icon.png
INFO: [ app_init ] --START--
INFO: Run Behavior\BuildLiteBehavior [ RunTime:0.000034s ]
INFO: [ app_init ] --END-- [ RunTime:0.000574s ]
ERR: 无法加载模块:Application

[ 2018-01-28T15:57:39+08:00 ] 127.0.0.1 /Application/Home/View/index/images/yu.png
INFO: [ app_init ] --START--
INFO: Run Behavior\BuildLiteBehavior [ RunTime:0.000038s ]
INFO: [ app_init ] --END-- [ RunTime:0.000672s ]
ERR: 无法加载模块:Application

[ 2018-01-28T15:57:39+08:00 ] 127.0.0.1 /Application/Home/View/index/js/moaModal.js
INFO: [ app_init ] --START--
INFO: Run Behavior\BuildLiteBehavior [ RunTime:0.000058s ]
INFO: [ app_init ] --END-- [ RunTime:0.000771s ]
ERR: 无法加载模块:Application

[ 2018-01-28T15:57:39+08:00 ] 127.0.0.1 /Application/Home/View/index/images/honor.jpg
INFO: [ app_init ] --START--
INFO: Run Behavior\BuildLiteBehavior [ RunTime:0.000039s ]
INFO: [ app_init ] --END-- [ RunTime:0.000770s ]
ERR: 无法加载模块:Application

[ 2018-01-28T15:57:39+08:00 ] 127.0.0.1 /Application/Home/View/index/js/Sweefty.js
INFO: [ app_init ] --START--
INFO: Run Behavior\BuildLiteBehavior [ RunTime:0.000156s ]
INFO: [ app_init ] --END-- [ RunTime:0.001378s ]
ERR: 无法加载模块:Application

[ 2018-01-28T15:57:52+08:00 ] 127.0.0.1 /Application/Home/View/index/css/bootstrap.css
INFO: [ app_init ] --START--
INFO: Run Behavior\BuildLiteBehavior [ RunTime:0.000030s ]
INFO: [ app_init ] --END-- [ RunTime:0.000409s ]
ERR: 无法加载模块:Application

[ 2018-01-28T15:57:52+08:00 ] 127.0.0.1 /Application/Home/View/index/css/style.css
INFO: [ app_init ] --START--
INFO: Run Behavior\BuildLiteBehavior [ RunTime:0.000038s ]
INFO: [ app_init ] --END-- [ RunTime:0.000629s ]
ERR: 无法加载模块:Application

[ 2018-01-28T15:57:52+08:00 ] 127.0.0.1 /Application/Home/View/index/css/jquery.mmenu.all.min.css
INFO: [ app_init ] --START--
INFO: Run Behavior\BuildLiteBehavior [ RunTime:0.000047s ]
INFO: [ app_init ] --END-- [ RunTime:0.001838s ]
ERR: 无法加载模块:Application

[ 2018-01-28T15:57:52+08:00 ] 127.0.0.1 /Application/Home/View/index/js/public.js
INFO: [ app_init ] --START--
INFO: Run Behavior\BuildLiteBehavior [ RunTime:0.000038s ]
INFO: [ app_init ] --END-- [ RunTime:0.000689s ]
ERR: 无法加载模块:Application

[ 2018-01-28T15:57:52+08:00 ] 127.0.0.1 /Application/Home/View/index/js/jquery.placeholder.min.js
INFO: [ app_init ] --START--
INFO: Run Behavior\BuildLiteBehavior [ RunTime:0.000039s ]
INFO: [ app_init ] --END-- [ RunTime:0.000663s ]
ERR: 无法加载模块:Application

[ 2018-01-28T15:57:52+08:00 ] 127.0.0.1 /Application/Home/View/index/images/about-img.jpg
INFO: [ app_init ] --START--
INFO: Run Behavior\BuildLiteBehavior [ RunTime:0.000033s ]
INFO: [ app_init ] --END-- [ RunTime:0.000537s ]
ERR: 无法加载模块:Application

[ 2018-01-28T15:57:52+08:00 ] 127.0.0.1 /Application/Home/View/index/images/about-banner.jpg
INFO: [ app_init ] --START--
INFO: Run Behavior\BuildLiteBehavior [ RunTime:0.000034s ]
INFO: [ app_init ] --END-- [ RunTime:0.000576s ]
ERR: 无法加载模块:Application

[ 2018-01-28T15:57:52+08:00 ] 127.0.0.1 /Application/Home/View/index/images/weixin.jpg
INFO: [ app_init ] --START--
INFO: Run Behavior\BuildLiteBehavior [ RunTime:0.000046s ]
INFO: [ app_init ] --END-- [ RunTime:0.000609s ]
ERR: 无法加载模块:Application

[ 2018-01-28T15:57:52+08:00 ] 127.0.0.1 /Application/Home/View/index/images/icon-closed.png
INFO: [ app_init ] --START--
INFO: Run Behavior\BuildLiteBehavior [ RunTime:0.000035s ]
INFO: [ app_init ] --END-- [ RunTime:0.000743s ]
ERR: 无法加载模块:Application

[ 2018-01-28T15:57:52+08:00 ] 127.0.0.1 /Application/Home/View/index/images/pro-icon.png
INFO: [ app_init ] --START--
INFO: Run Behavior\BuildLiteBehavior [ RunTime:0.000043s ]
INFO: [ app_init ] --END-- [ RunTime:0.000668s ]
ERR: 无法加载模块:Application

[ 2018-01-28T15:57:52+08:00 ] 127.0.0.1 /Application/Home/View/index/images/yu.png
INFO: [ app_init ] --START--
INFO: Run Behavior\BuildLiteBehavior [ RunTime:0.000034s ]
INFO: [ app_init ] --END-- [ RunTime:0.000563s ]
ERR: 无法加载模块:Application

[ 2018-01-28T15:57:52+08:00 ] 127.0.0.1 /Application/Home/View/index/images/home-icon.png
INFO: [ app_init ] --START--
INFO: Run Behavior\BuildLiteBehavior [ RunTime:0.000031s ]
INFO: [ app_init ] --END-- [ RunTime:0.000520s ]
ERR: 无法加载模块:Application

[ 2018-01-28T15:57:52+08:00 ] 127.0.0.1 /Application/Home/View/index/images/logo.png
INFO: [ app_init ] --START--
INFO: Run Behavior\BuildLiteBehavior [ RunTime:0.000033s ]
INFO: [ app_init ] --END-- [ RunTime:0.000564s ]
ERR: 无法加载模块:Application

[ 2018-01-28T15:57:57+08:00 ] 127.0.0.1 /Application/Home/View/index/css/bootstrap.css
INFO: [ app_init ] --START--
INFO: Run Behavior\BuildLiteBehavior [ RunTime:0.000047s ]
INFO: [ app_init ] --END-- [ RunTime:0.000606s ]
ERR: 无法加载模块:Application

[ 2018-01-28T15:57:57+08:00 ] 127.0.0.1 /Application/Home/View/index/css/jquery.mmenu.all.min.css
INFO: [ app_init ] --START--
INFO: Run Behavior\BuildLiteBehavior [ RunTime:0.000040s ]
INFO: [ app_init ] --END-- [ RunTime:0.003286s ]
ERR: 无法加载模块:Application

[ 2018-01-28T15:57:57+08:00 ] 127.0.0.1 /Application/Home/View/index/css/style.css
INFO: [ app_init ] --START--
INFO: Run Behavior\BuildLiteBehavior [ RunTime:0.000031s ]
INFO: [ app_init ] --END-- [ RunTime:0.000547s ]
ERR: 无法加载模块:Application

[ 2018-01-28T15:57:57+08:00 ] 127.0.0.1 /Application/Home/View/index/images/about-banner.jpg
INFO: [ app_init ] --START--
INFO: Run Behavior\BuildLiteBehavior [ RunTime:0.000031s ]
INFO: [ app_init ] --END-- [ RunTime:0.000530s ]
ERR: 无法加载模块:Application

[ 2018-01-28T15:57:57+08:00 ] 127.0.0.1 /Application/Home/View/index/images/about-img.jpg
INFO: [ app_init ] --START--
INFO: Run Behavior\BuildLiteBehavior [ RunTime:0.000037s ]
INFO: [ app_init ] --END-- [ RunTime:0.000602s ]
ERR: 无法加载模块:Application

[ 2018-01-28T15:57:57+08:00 ] 127.0.0.1 /Application/Home/View/index/images/icon-closed.png
INFO: [ app_init ] --START--
INFO: Run Behavior\BuildLiteBehavior [ RunTime:0.000039s ]
INFO: [ app_init ] --END-- [ RunTime:0.000787s ]
ERR: 无法加载模块:Application

[ 2018-01-28T15:57:57+08:00 ] 127.0.0.1 /Application/Home/View/index/images/home-icon.png
INFO: [ app_init ] --START--
INFO: Run Behavior\BuildLiteBehavior [ RunTime:0.000034s ]
INFO: [ app_init ] --END-- [ RunTime:0.000585s ]
ERR: 无法加载模块:Application

[ 2018-01-28T15:57:57+08:00 ] 127.0.0.1 /Application/Home/View/index/images/weixin.jpg
INFO: [ app_init ] --START--
INFO: Run Behavior\BuildLiteBehavior [ RunTime:0.000048s ]
INFO: [ app_init ] --END-- [ RunTime:0.000678s ]
ERR: 无法加载模块:Application

[ 2018-01-28T15:57:57+08:00 ] 127.0.0.1 /Application/Home/View/index/images/logo.png
INFO: [ app_init ] --START--
INFO: Run Behavior\BuildLiteBehavior [ RunTime:0.000042s ]
INFO: [ app_init ] --END-- [ RunTime:0.000907s ]
ERR: 无法加载模块:Application

[ 2018-01-28T15:57:57+08:00 ] 127.0.0.1 /Application/Home/View/index/images/yu.png
INFO: [ app_init ] --START--
INFO: Run Behavior\BuildLiteBehavior [ RunTime:0.000042s ]
INFO: [ app_init ] --END-- [ RunTime:0.000866s ]
ERR: 无法加载模块:Application

[ 2018-01-28T15:57:57+08:00 ] 127.0.0.1 /Application/Home/View/index/js/jquery.placeholder.min.js
INFO: [ app_init ] --START--
INFO: Run Behavior\BuildLiteBehavior [ RunTime:0.000040s ]
INFO: [ app_init ] --END-- [ RunTime:0.004810s ]
ERR: 无法加载模块:Application

[ 2018-01-28T15:57:57+08:00 ] 127.0.0.1 /Application/Home/View/index/images/pro-icon.png
INFO: [ app_init ] --START--
INFO: Run Behavior\BuildLiteBehavior [ RunTime:0.000044s ]
INFO: [ app_init ] --END-- [ RunTime:0.000633s ]
ERR: 无法加载模块:Application

[ 2018-01-28T15:57:57+08:00 ] 127.0.0.1 /Application/Home/View/index/js/public.js
INFO: [ app_init ] --START--
INFO: Run Behavior\BuildLiteBehavior [ RunTime:0.000038s ]
INFO: [ app_init ] --END-- [ RunTime:0.003263s ]
ERR: 无法加载模块:Application

[ 2018-01-28T15:57:57+08:00 ] 127.0.0.1 /Application/Home/View/index/js/jquery.placeholder.min.js
INFO: [ app_init ] --START--
INFO: Run Behavior\BuildLiteBehavior [ RunTime:0.000037s ]
INFO: [ app_init ] --END-- [ RunTime:0.000710s ]
ERR: 无法加载模块:Application

[ 2018-01-28T15:58:01+08:00 ] 127.0.0.1 /Application/Home/View/index/css/bootstrap.css
INFO: [ app_init ] --START--
INFO: Run Behavior\BuildLiteBehavior [ RunTime:0.000031s ]
INFO: [ app_init ] --END-- [ RunTime:0.000537s ]
ERR: 无法加载模块:Application

[ 2018-01-28T15:58:01+08:00 ] 127.0.0.1 /Application/Home/View/index/css/jquery.mmenu.all.min.css
INFO: [ app_init ] --START--
INFO: Run Behavior\BuildLiteBehavior [ RunTime:0.000037s ]
INFO: [ app_init ] --END-- [ RunTime:0.000597s ]
ERR: 无法加载模块:Application

[ 2018-01-28T15:58:01+08:00 ] 127.0.0.1 /Application/Home/View/index/css/style.css
INFO: [ app_init ] --START--
INFO: Run Behavior\BuildLiteBehavior [ RunTime:0.000032s ]
INFO: [ app_init ] --END-- [ RunTime:0.000607s ]
ERR: 无法加载模块:Application

[ 2018-01-28T15:58:01+08:00 ] 127.0.0.1 /Application/Home/View/index/js/public.js
INFO: [ app_init ] --START--
INFO: Run Behavior\BuildLiteBehavior [ RunTime:0.000040s ]
INFO: [ app_init ] --END-- [ RunTime:0.000708s ]
ERR: 无法加载模块:Application

[ 2018-01-28T15:58:01+08:00 ] 127.0.0.1 /Application/Home/View/index/js/jquery.placeholder.min.js
INFO: [ app_init ] --START--
INFO: Run Behavior\BuildLiteBehavior [ RunTime:0.000034s ]
INFO: [ app_init ] --END-- [ RunTime:0.000593s ]
ERR: 无法加载模块:Application

[ 2018-01-28T15:58:01+08:00 ] 127.0.0.1 /Application/Home/View/index/images/qywh-img.jpg
INFO: [ app_init ] --START--
INFO: Run Behavior\BuildLiteBehavior [ RunTime:0.000037s ]
INFO: [ app_init ] --END-- [ RunTime:0.000665s ]
ERR: 无法加载模块:Application

[ 2018-01-28T15:58:01+08:00 ] 127.0.0.1 /Application/Home/View/index/images/home-icon.png
INFO: [ app_init ] --START--
INFO: Run Behavior\BuildLiteBehavior [ RunTime:0.000034s ]
INFO: [ app_init ] --END-- [ RunTime:0.000570s ]
ERR: 无法加载模块:Application

[ 2018-01-28T15:58:01+08:00 ] 127.0.0.1 /Application/Home/View/index/images/icon-closed.png
INFO: [ app_init ] --START--
INFO: Run Behavior\BuildLiteBehavior [ RunTime:0.000035s ]
INFO: [ app_init ] --END-- [ RunTime:0.000569s ]
ERR: 无法加载模块:Application

[ 2018-01-28T15:58:01+08:00 ] 127.0.0.1 /Application/Home/View/index/images/about-banner.jpg
INFO: [ app_init ] --START--
INFO: Run Behavior\BuildLiteBehavior [ RunTime:0.000038s ]
INFO: [ app_init ] --END-- [ RunTime:0.000597s ]
ERR: 无法加载模块:Application

[ 2018-01-28T15:58:01+08:00 ] 127.0.0.1 /Application/Home/View/index/images/yu.png
INFO: [ app_init ] --START--
INFO: Run Behavior\BuildLiteBehavior [ RunTime:0.000038s ]
INFO: [ app_init ] --END-- [ RunTime:0.000733s ]
ERR: 无法加载模块:Application

[ 2018-01-28T15:58:01+08:00 ] 127.0.0.1 /Application/Home/View/index/images/weixin.jpg
INFO: [ app_init ] --START--
INFO: Run Behavior\BuildLiteBehavior [ RunTime:0.000035s ]
INFO: [ app_init ] --END-- [ RunTime:0.000566s ]
ERR: 无法加载模块:Application

[ 2018-01-28T15:58:01+08:00 ] 127.0.0.1 /Application/Home/View/index/images/logo.png
INFO: [ app_init ] --START--
INFO: Run Behavior\BuildLiteBehavior [ RunTime:0.000037s ]
INFO: [ app_init ] --END-- [ RunTime:0.001123s ]
ERR: 无法加载模块:Application

[ 2018-01-28T15:58:01+08:00 ] 127.0.0.1 /Application/Home/View/index/images/pro-icon.png
INFO: [ app_init ] --START--
INFO: Run Behavior\BuildLiteBehavior [ RunTime:0.000041s ]
INFO: [ app_init ] --END-- [ RunTime:0.000820s ]
ERR: 无法加载模块:Application

[ 2018-01-28T15:58:05+08:00 ] 127.0.0.1 /Application/Home/View/index/css/bootstrap.css
INFO: [ app_init ] --START--
INFO: Run Behavior\BuildLiteBehavior [ RunTime:0.000035s ]
INFO: [ app_init ] --END-- [ RunTime:0.000589s ]
ERR: 无法加载模块:Application

[ 2018-01-28T15:58:05+08:00 ] 127.0.0.1 /Application/Home/View/index/css/style.css
INFO: [ app_init ] --START--
INFO: Run Behavior\BuildLiteBehavior [ RunTime:0.000034s ]
INFO: [ app_init ] --END-- [ RunTime:0.000557s ]
ERR: 无法加载模块:Application

[ 2018-01-28T15:58:05+08:00 ] 127.0.0.1 /Application/Home/View/index/css/jquery.mmenu.all.min.css
INFO: [ app_init ] --START--
INFO: Run Behavior\BuildLiteBehavior [ RunTime:0.000044s ]
INFO: [ app_init ] --END-- [ RunTime:0.000761s ]
ERR: 无法加载模块:Application

[ 2018-01-28T15:58:05+08:00 ] 127.0.0.1 /Application/Home/View/index/js/public.js
INFO: [ app_init ] --START--
INFO: Run Behavior\BuildLiteBehavior [ RunTime:0.000040s ]
INFO: [ app_init ] --END-- [ RunTime:0.000689s ]
ERR: 无法加载模块:Application

[ 2018-01-28T15:58:06+08:00 ] 127.0.0.1 /Application/Home/View/index/images/pro-icon.png
INFO: [ app_init ] --START--
INFO: Run Behavior\BuildLiteBehavior [ RunTime:0.000047s ]
INFO: [ app_init ] --END-- [ RunTime:0.000627s ]
ERR: 无法加载模块:Application

[ 2018-01-28T15:58:06+08:00 ] 127.0.0.1 /Application/Home/View/index/images/icon-closed.png
INFO: [ app_init ] --START--
INFO: Run Behavior\BuildLiteBehavior [ RunTime:0.000037s ]
INFO: [ app_init ] --END-- [ RunTime:0.000619s ]
ERR: 无法加载模块:Application

[ 2018-01-28T15:58:06+08:00 ] 127.0.0.1 /Application/Home/View/index/js/jquery.placeholder.min.js
INFO: [ app_init ] --START--
INFO: Run Behavior\BuildLiteBehavior [ RunTime:0.000037s ]
INFO: [ app_init ] --END-- [ RunTime:0.000676s ]
ERR: 无法加载模块:Application

[ 2018-01-28T15:58:06+08:00 ] 127.0.0.1 /Application/Home/View/index/images/about-banner.jpg
INFO: [ app_init ] --START--
INFO: Run Behavior\BuildLiteBehavior [ RunTime:0.000040s ]
INFO: [ app_init ] --END-- [ RunTime:0.000831s ]
ERR: 无法加载模块:Application

[ 2018-01-28T15:58:06+08:00 ] 127.0.0.1 /Application/Home/View/index/images/logo.png
INFO: [ app_init ] --START--
INFO: Run Behavior\BuildLiteBehavior [ RunTime:0.000038s ]
INFO: [ app_init ] --END-- [ RunTime:0.000619s ]
ERR: 无法加载模块:Application

[ 2018-01-28T15:58:06+08:00 ] 127.0.0.1 /Application/Home/View/index/images/honor.jpg
INFO: [ app_init ] --START--
INFO: Run Behavior\BuildLiteBehavior [ RunTime:0.000041s ]
INFO: [ app_init ] --END-- [ RunTime:0.001186s ]
ERR: 无法加载模块:Application

[ 2018-01-28T15:58:06+08:00 ] 127.0.0.1 /Application/Home/View/index/js/moaModal.js
INFO: [ app_init ] --START--
INFO: Run Behavior\BuildLiteBehavior [ RunTime:0.000038s ]
INFO: [ app_init ] --END-- [ RunTime:0.000584s ]
ERR: 无法加载模块:Application

[ 2018-01-28T15:58:06+08:00 ] 127.0.0.1 /Application/Home/View/index/js/Sweefty.js
INFO: [ app_init ] --START--
INFO: Run Behavior\BuildLiteBehavior [ RunTime:0.000041s ]
INFO: [ app_init ] --END-- [ RunTime:0.000741s ]
ERR: 无法加载模块:Application

[ 2018-01-28T15:58:06+08:00 ] 127.0.0.1 /Application/Home/View/index/images/home-icon.png
INFO: [ app_init ] --START--
INFO: Run Behavior\BuildLiteBehavior [ RunTime:0.000045s ]
INFO: [ app_init ] --END-- [ RunTime:0.001730s ]
ERR: 无法加载模块:Application

[ 2018-01-28T15:58:06+08:00 ] 127.0.0.1 /Application/Home/View/index/images/weixin.jpg
INFO: [ app_init ] --START--
INFO: Run Behavior\BuildLiteBehavior [ RunTime:0.000037s ]
INFO: [ app_init ] --END-- [ RunTime:0.000675s ]
ERR: 无法加载模块:Application

[ 2018-01-28T15:58:06+08:00 ] 127.0.0.1 /Application/Home/View/index/images/yu.png
INFO: [ app_init ] --START--
INFO: Run Behavior\BuildLiteBehavior [ RunTime:0.000054s ]
INFO: [ app_init ] --END-- [ RunTime:0.001075s ]
ERR: 无法加载模块:Application

[ 2018-01-28T16:05:06+08:00 ] 127.0.0.1 /css/bootstrap.css
INFO: [ app_init ] --START--
INFO: Run Behavior\BuildLiteBehavior [ RunTime:0.000023s ]
INFO: [ app_init ] --END-- [ RunTime:0.000435s ]
ERR: 无法加载模块:Css

[ 2018-01-28T16:05:06+08:00 ] 127.0.0.1 /css/style.css
INFO: [ app_init ] --START--
INFO: Run Behavior\BuildLiteBehavior [ RunTime:0.000034s ]
INFO: [ app_init ] --END-- [ RunTime:0.000597s ]
ERR: 无法加载模块:Css

[ 2018-01-28T16:05:06+08:00 ] 127.0.0.1 /css/jquery.mmenu.all.min.css
INFO: [ app_init ] --START--
INFO: Run Behavior\BuildLiteBehavior [ RunTime:0.000038s ]
INFO: [ app_init ] --END-- [ RunTime:0.000771s ]
ERR: 无法加载模块:Css

[ 2018-01-28T16:05:07+08:00 ] 127.0.0.1 /js/public.js
INFO: [ app_init ] --START--
INFO: Run Behavior\BuildLiteBehavior [ RunTime:0.000037s ]
INFO: [ app_init ] --END-- [ RunTime:0.000653s ]
ERR: 无法加载模块:Js

[ 2018-01-28T16:05:07+08:00 ] 127.0.0.1 /images/about-img.jpg
INFO: [ app_init ] --START--
INFO: Run Behavior\BuildLiteBehavior [ RunTime:0.000034s ]
INFO: [ app_init ] --END-- [ RunTime:0.000632s ]
ERR: 无法加载模块:Images

[ 2018-01-28T16:05:07+08:00 ] 127.0.0.1 /images/logo.png
INFO: [ app_init ] --START--
INFO: Run Behavior\BuildLiteBehavior [ RunTime:0.000039s ]
INFO: [ app_init ] --END-- [ RunTime:0.000636s ]
ERR: 无法加载模块:Images

[ 2018-01-28T16:05:07+08:00 ] 127.0.0.1 /images/about-banner.jpg
INFO: [ app_init ] --START--
INFO: Run Behavior\BuildLiteBehavior [ RunTime:0.000105s ]
INFO: [ app_init ] --END-- [ RunTime:0.000851s ]
ERR: 无法加载模块:Images

[ 2018-01-28T16:05:07+08:00 ] 127.0.0.1 /images/icon-closed.png
INFO: [ app_init ] --START--
INFO: Run Behavior\BuildLiteBehavior [ RunTime:0.000047s ]
INFO: [ app_init ] --END-- [ RunTime:0.000756s ]
ERR: 无法加载模块:Images

[ 2018-01-28T16:05:07+08:00 ] 127.0.0.1 /images/home-icon.png
INFO: [ app_init ] --START--
INFO: Run Behavior\BuildLiteBehavior [ RunTime:0.000037s ]
INFO: [ app_init ] --END-- [ RunTime:0.000600s ]
ERR: 无法加载模块:Images



[ 2018-01-28T16:05:07+08:00 ] 127.0.0.1 /images/weixin.jpg
INFO: [ app_init ] --START--
INFO: Run Behavior\BuildLiteBehavior [ RunTime:0.000041s ]
INFO: [ app_init ] --END-- [ RunTime:0.000717s ]
ERR: 无法加载模块:Images

[ 2018-01-28T16:05:07+08:00 ] 127.0.0.1 /images/yu.png
INFO: [ app_init ] --START--
INFO: Run Behavior\BuildLiteBehavior [ RunTime:0.000044s ]
INFO: [ app_init ] --END-- [ RunTime:0.000698s ]
ERR: 无法加载模块:Images

[ 2018-01-28T16:05:07+08:00 ] 127.0.0.1 /images/pro-icon.png
INFO: [ app_init ] --START--
INFO: Run Behavior\BuildLiteBehavior [ RunTime:0.000024s ]
INFO: [ app_init ] --END-- [ RunTime:0.000524s ]
ERR: 无法加载模块:Images

