[ 2018-01-24T21:35:22+08:00 ] 127.0.0.1 /css/slick.css
INFO: [ app_init ] --START--
INFO: Run Behavior\BuildLiteBehavior [ RunTime:0.000046s ]
INFO: [ app_init ] --END-- [ RunTime:0.000689s ]
ERR: æ— æ³•åŠ è½½æ¨¡å—:Css

[ 2018-01-24T21:35:22+08:00 ] 127.0.0.1 /css/style.css
INFO: [ app_init ] --START--
INFO: Run Behavior\BuildLiteBehavior [ RunTime:0.000041s ]
INFO: [ app_init ] --END-- [ RunTime:0.000698s ]
ERR: æ— æ³•åŠ è½½æ¨¡å—:Css

[ 2018-01-24T21:35:22+08:00 ] 127.0.0.1 /css/jquery.mmenu.all.min.css
INFO: [ app_init ] --START--
INFO: Run Behavior\BuildLiteBehavior [ RunTime:0.000038s ]
INFO: [ app_init ] --END-- [ RunTime:0.000735s ]
ERR: æ— æ³•åŠ è½½æ¨¡å—:Css

[ 2018-01-24T21:35:22+08:00 ] 127.0.0.1 /css/bootstrap.css
INFO: [ app_init ] --START--
INFO: Run Behavior\BuildLiteBehavior [ RunTime:0.000039s ]
INFO: [ app_init ] --END-- [ RunTime:0.000739s ]
ERR: æ— æ³•åŠ è½½æ¨¡å—:Css

[ 2018-01-24T21:35:22+08:00 ] 127.0.0.1 /js/public.js
INFO: [ app_init ] --START--
INFO: Run Behavior\BuildLiteBehavior [ RunTime:0.000039s ]
INFO: [ app_init ] --END-- [ RunTime:0.000647s ]
ERR: æ— æ³•åŠ è½½æ¨¡å—:Js

[ 2018-01-24T21:35:22+08:00 ] 127.0.0.1 /js/jquery.placeholder.min.js
INFO: [ app_init ] --START--
INFO: Run Behavior\BuildLiteBehavior [ RunTime:0.000038s ]
INFO: [ app_init ] --END-- [ RunTime:0.000615s ]
ERR: æ— æ³•åŠ è½½æ¨¡å—:Js

[ 2018-01-24T21:35:22+08:00 ] 127.0.0.1 /images/logo.png
INFO: [ app_init ] --START--
INFO: Run Behavior\BuildLiteBehavior [ RunTime:0.000065s ]
INFO: [ app_init ] --END-- [ RunTime:0.002768s ]
ERR: æ— æ³•åŠ è½½æ¨¡å—:Images

[ 2018-01-24T21:35:22+08:00 ] 127.0.0.1 /images/banner.jpg
INFO: [ app_init ] --START--
INFO: Run Behavior\BuildLiteBehavior [ RunTime:0.000043s ]
INFO: [ app_init ] --END-- [ RunTime:0.000638s ]
ERR: æ— æ³•åŠ è½½æ¨¡å—:Images

[ 2018-01-24T21:35:22+08:00 ] 127.0.0.1 /images/pro-img.jpg
INFO: [ app_init ] --START--
INFO: Run Behavior\BuildLiteBehavior [ RunTime:0.000038s ]
INFO: [ app_init ] --END-- [ RunTime:0.000625s ]
ERR: æ— æ³•åŠ è½½æ¨¡å—:Images

[ 2018-01-24T21:35:22+08:00 ] 127.0.0.1 /images/pro-img2.jpg
INFO: [ app_init ] --START--
INFO: Run Behavior\BuildLiteBehavior [ RunTime:0.000046s ]
INFO: [ app_init ] --END-- [ RunTime:0.000745s ]
ERR: æ— æ³•åŠ è½½æ¨¡å—:Images

[ 2018-01-24T21:35:22+08:00 ] 127.0.0.1 /js/slick.min.js
INFO: [ app_init ] --START--
INFO: Run Behavior\BuildLiteBehavior [ RunTime:0.000035s ]
INFO: [ app_init ] --END-- [ RunTime:0.000617s ]
ERR: æ— æ³•åŠ è½½æ¨¡å—:Js

[ 2018-01-24T21:35:22+08:00 ] 127.0.0.1 /images/icon-closed.png
INFO: [ app_init ] --START--
INFO: Run Behavior\BuildLiteBehavior [ RunTime:0.000039s ]
INFO: [ app_init ] --END-- [ RunTime:0.000780s ]
ERR: æ— æ³•åŠ è½½æ¨¡å—:Images

[ 2018-01-24T21:35:22+08:00 ] 127.0.0.1 /images/simg1.jpg
INFO: [ app_init ] --START--
INFO: Run Behavior\BuildLiteBehavior [ RunTime:0.000036s ]
INFO: [ app_init ] --END-- [ RunTime:0.000604s ]
ERR: æ— æ³•åŠ è½½æ¨¡å—:Images

[ 2018-01-24T21:35:22+08:00 ] 127.0.0.1 /images/pro-img3.jpg
INFO: [ app_init ] --START--
INFO: Run Behavior\BuildLiteBehavior [ RunTime:0.000044s ]
INFO: [ app_init ] --END-- [ RunTime:0.002308s ]
ERR: æ— æ³•åŠ è½½æ¨¡å—:Images

[ 2018-01-24T21:35:22+08:00 ] 127.0.0.1 /images/simg2.jpg
INFO: [ app_init ] --START--
INFO: Run Behavior\BuildLiteBehavior [ RunTime:0.000038s ]
INFO: [ app_init ] --END-- [ RunTime:0.000598s ]
ERR: æ— æ³•åŠ è½½æ¨¡å—:Images

[ 2018-01-24T21:35:22+08:00 ] 127.0.0.1 /images/simg3.jpg
INFO: [ app_init ] --START--
INFO: Run Behavior\BuildLiteBehavior [ RunTime:0.000047s ]
INFO: [ app_init ] --END-- [ RunTime:0.000760s ]
ERR: æ— æ³•åŠ è½½æ¨¡å—:Images

[ 2018-01-24T21:35:22+08:00 ] 127.0.0.1 /images/pro-icon.png
INFO: [ app_init ] --START--
INFO: Run Behavior\BuildLiteBehavior [ RunTime:0.000046s ]
INFO: [ app_init ] --END-- [ RunTime:0.001326s ]
ERR: æ— æ³•åŠ è½½æ¨¡å—:Images

[ 2018-01-24T21:35:22+08:00 ] 127.0.0.1 /images/partner-img2.jpg
INFO: [ app_init ] --START--
INFO: Run Behavior\BuildLiteBehavior [ RunTime:0.000036s ]
INFO: [ app_init ] --END-- [ RunTime:0.000596s ]
ERR: æ— æ³•åŠ è½½æ¨¡å—:Images

[ 2018-01-24T21:35:22+08:00 ] 127.0.0.1 /images/partner-img1.jpg
INFO: [ app_init ] --START--
INFO: Run Behavior\BuildLiteBehavior [ RunTime:0.000038s ]
INFO: [ app_init ] --END-- [ RunTime:0.000618s ]
ERR: æ— æ³•åŠ è½½æ¨¡å—:Images

[ 2018-01-24T21:35:22+08:00 ] 127.0.0.1 /images/pro-img5.jpg
INFO: [ app_init ] --START--
INFO: Run Behavior\BuildLiteBehavior [ RunTime:0.000038s ]
INFO: [ app_init ] --END-- [ RunTime:0.000682s ]
ERR: æ— æ³•åŠ è½½æ¨¡å—:Images

[ 2018-01-24T21:35:22+08:00 ] 127.0.0.1 /images/pro-img4.jpg
INFO: [ app_init ] --START--
INFO: Run Behavior\BuildLiteBehavior [ RunTime:0.000037s ]
INFO: [ app_init ] --END-- [ RunTime:0.000658s ]
ERR: æ— æ³•åŠ è½½æ¨¡å—:Images

[ 2018-01-24T21:35:22+08:00 ] 127.0.0.1 /images/simg4.jpg
INFO: [ app_init ] --START--
INFO: Run Behavior\BuildLiteBehavior [ RunTime:0.000042s ]
INFO: [ app_init ] --END-- [ RunTime:0.000868s ]
ERR: æ— æ³•åŠ è½½æ¨¡å—:Images

[ 2018-01-24T21:35:22+08:00 ] 127.0.0.1 /images/partner-img4.jpg
INFO: [ app_init ] --START--
INFO: Run Behavior\BuildLiteBehavior [ RunTime:0.000040s ]
INFO: [ app_init ] --END-- [ RunTime:0.000728s ]
ERR: æ— æ³•åŠ è½½æ¨¡å—:Images

[ 2018-01-24T21:35:22+08:00 ] 127.0.0.1 /images/partner-img3.jpg
INFO: [ app_init ] --START--
INFO: Run Behavior\BuildLiteBehavior [ RunTime:0.000425s ]
INFO: [ app_init ] --END-- [ RunTime:0.001587s ]
ERR: æ— æ³•åŠ è½½æ¨¡å—:Images

[ 2018-01-24T21:35:22+08:00 ] 127.0.0.1 /images/partner-img8.jpg
INFO: [ app_init ] --START--
INFO: Run Behavior\BuildLiteBehavior [ RunTime:0.000037s ]
INFO: [ app_init ] --END-- [ RunTime:0.000603s ]
ERR: æ— æ³•åŠ è½½æ¨¡å—:Images

[ 2018-01-24T21:35:22+08:00 ] 127.0.0.1 /images/partner-img6.jpg
INFO: [ app_init ] --START--
INFO: Run Behavior\BuildLiteBehavior [ RunTime:0.000037s ]
INFO: [ app_init ] --END-- [ RunTime:0.000638s ]
ERR: æ— æ³•åŠ è½½æ¨¡å—:Images

[ 2018-01-24T21:35:22+08:00 ] 127.0.0.1 /images/partner-img9.jpg
INFO: [ app_init ] --START--
INFO: Run Behavior\BuildLiteBehavior [ RunTime:0.000037s ]
INFO: [ app_init ] --END-- [ RunTime:0.000616s ]
ERR: æ— æ³•åŠ è½½æ¨¡å—:Images

[ 2018-01-24T21:35:22+08:00 ] 127.0.0.1 /images/partner-img10.jpg
INFO: [ app_init ] --START--
INFO: Run Behavior\BuildLiteBehavior [ RunTime:0.000036s ]
INFO: [ app_init ] --END-- [ RunTime:0.000729s ]
ERR: æ— æ³•åŠ è½½æ¨¡å—:Images

[ 2018-01-24T21:35:22+08:00 ] 127.0.0.1 /images/news-img.jpg
INFO: [ app_init ] --START--
INFO: Run Behavior\BuildLiteBehavior [ RunTime:0.000039s ]
INFO: [ app_init ] --END-- [ RunTime:0.000596s ]
ERR: æ— æ³•åŠ è½½æ¨¡å—:Images

[ 2018-01-24T21:35:22+08:00 ] 127.0.0.1 /images/news-img2.jpg
INFO: [ app_init ] --START--
INFO: Run Behavior\BuildLiteBehavior [ RunTime:0.000043s ]
INFO: [ app_init ] --END-- [ RunTime:0.000672s ]
ERR: æ— æ³•åŠ è½½æ¨¡å—:Images

[ 2018-01-24T21:35:22+08:00 ] 127.0.0.1 /images/news-img3.jpg
INFO: [ app_init ] --START--
INFO: Run Behavior\BuildLiteBehavior [ RunTime:0.000042s ]
INFO: [ app_init ] --END-- [ RunTime:0.000666s ]
ERR: æ— æ³•åŠ è½½æ¨¡å—:Images

[ 2018-01-24T21:35:22+08:00 ] 127.0.0.1 /images/home-icon.png
INFO: [ app_init ] --START--
INFO: Run Behavior\BuildLiteBehavior [ RunTime:0.000044s ]
INFO: [ app_init ] --END-- [ RunTime:0.000732s ]
ERR: æ— æ³•åŠ è½½æ¨¡å—:Images

[ 2018-01-24T21:35:22+08:00 ] 127.0.0.1 /images/partner-img5.jpg
INFO: [ app_init ] --START--
INFO: Run Behavior\BuildLiteBehavior [ RunTime:0.000040s ]
INFO: [ app_init ] --END-- [ RunTime:0.000839s ]
ERR: æ— æ³•åŠ è½½æ¨¡å—:Images

[ 2018-01-24T21:35:22+08:00 ] 127.0.0.1 /images/partner-img7.jpg
INFO: [ app_init ] --START--
INFO: Run Behavior\BuildLiteBehavior [ RunTime:0.000031s ]
INFO: [ app_init ] --END-- [ RunTime:0.000570s ]
ERR: æ— æ³•åŠ è½½æ¨¡å—:Images

[ 2018-01-24T21:35:22+08:00 ] 127.0.0.1 /images/yu.png
INFO: [ app_init ] --START--
INFO: Run Behavior\BuildLiteBehavior [ RunTime:0.000041s ]
INFO: [ app_init ] --END-- [ RunTime:0.000696s ]
ERR: æ— æ³•åŠ è½½æ¨¡å—:Images

[ 2018-01-24T21:35:22+08:00 ] 127.0.0.1 /images/ren.jpg
INFO: [ app_init ] --START--
INFO: Run Behavior\BuildLiteBehavior [ RunTime:0.000044s ]
INFO: [ app_init ] --END-- [ RunTime:0.002601s ]
ERR: æ— æ³•åŠ è½½æ¨¡å—:Images

[ 2018-01-24T21:35:22+08:00 ] 127.0.0.1 /js/slick.min.js
INFO: [ app_init ] --START--
INFO: Run Behavior\BuildLiteBehavior [ RunTime:0.000039s ]
INFO: [ app_init ] --END-- [ RunTime:0.000752s ]
ERR: æ— æ³•åŠ è½½æ¨¡å—:Js

[ 2018-01-24T21:35:22+08:00 ] 127.0.0.1 /js/public.js
INFO: [ app_init ] --START--
INFO: Run Behavior\BuildLiteBehavior [ RunTime:0.000042s ]
INFO: [ app_init ] --END-- [ RunTime:0.000803s ]
ERR: æ— æ³•åŠ è½½æ¨¡å—:Js

[ 2018-01-24T21:35:22+08:00 ] 127.0.0.1 /js/jquery.placeholder.min.js
INFO: [ app_init ] --START--
INFO: Run Behavior\BuildLiteBehavior [ RunTime:0.000021s ]
INFO: [ app_init ] --END-- [ RunTime:0.000397s ]
ERR: æ— æ³•åŠ è½½æ¨¡å—:Js

[ 2018-01-24T21:35:22+08:00 ] 127.0.0.1 /favicon.ico
INFO: [ app_init ] --START--
INFO: Run Behavior\BuildLiteBehavior [ RunTime:0.000022s ]
INFO: [ app_init ] --END-- [ RunTime:0.000395s ]
ERR: æ— æ³•åŠ è½½æ¨¡å—:Favicon

[ 2018-01-24T21:38:30+08:00 ] 127.0.0.1 /css/slick.css
INFO: [ app_init ] --START--
INFO: Run Behavior\BuildLiteBehavior [ RunTime:0.000041s ]
INFO: [ app_init ] --END-- [ RunTime:0.003866s ]
ERR: æ— æ³•åŠ è½½æ¨¡å—:Css

[ 2018-01-24T21:38:30+08:00 ] 127.0.0.1 /css/style.css
INFO: [ app_init ] --START--
INFO: Run Behavior\BuildLiteBehavior [ RunTime:0.000047s ]
INFO: [ app_init ] --END-- [ RunTime:0.000768s ]
ERR: æ— æ³•åŠ è½½æ¨¡å—:Css

[ 2018-01-24T21:38:30+08:00 ] 127.0.0.1 /css/jquery.mmenu.all.min.css
INFO: [ app_init ] --START--
INFO: Run Behavior\BuildLiteBehavior [ RunTime:0.000052s ]
INFO: [ app_init ] --END-- [ RunTime:0.000929s ]
ERR: æ— æ³•åŠ è½½æ¨¡å—:Css

[ 2018-01-24T21:38:30+08:00 ] 127.0.0.1 /css/bootstrap.css
INFO: [ app_init ] --START--
INFO: Run Behavior\BuildLiteBehavior [ RunTime:0.000037s ]
INFO: [ app_init ] --END-- [ RunTime:0.000707s ]
ERR: æ— æ³•åŠ è½½æ¨¡å—:Css

[ 2018-01-24T21:38:30+08:00 ] 127.0.0.1 /js/slick.min.js
INFO: [ app_init ] --START--
INFO: Run Behavior\BuildLiteBehavior [ RunTime:0.000041s ]
INFO: [ app_init ] --END-- [ RunTime:0.000832s ]
ERR: æ— æ³•åŠ è½½æ¨¡å—:Js

[ 2018-01-24T21:38:30+08:00 ] 127.0.0.1 /js/public.js
INFO: [ app_init ] --START--
INFO: Run Behavior\BuildLiteBehavior [ RunTime:0.000043s ]
INFO: [ app_init ] --END-- [ RunTime:0.000583s ]
ERR: æ— æ³•åŠ è½½æ¨¡å—:Js

[ 2018-01-24T21:38:30+08:00 ] 127.0.0.1 /images/banner.jpg
INFO: [ app_init ] --START--
INFO: Run Behavior\BuildLiteBehavior [ RunTime:0.000053s ]
INFO: [ app_init ] --END-- [ RunTime:0.001640s ]
ERR: æ— æ³•åŠ è½½æ¨¡å—:Images

[ 2018-01-24T21:38:30+08:00 ] 127.0.0.1 /images/icon-closed.png
INFO: [ app_init ] --START--
INFO: Run Behavior\BuildLiteBehavior [ RunTime:0.000047s ]
INFO: [ app_init ] --END-- [ RunTime:0.006433s ]
ERR: æ— æ³•åŠ è½½æ¨¡å—:Images

[ 2018-01-24T21:38:30+08:00 ] 127.0.0.1 /images/logo.png
INFO: [ app_init ] --START--
INFO: Run Behavior\BuildLiteBehavior [ RunTime:0.000039s ]
INFO: [ app_init ] --END-- [ RunTime:0.000651s ]
ERR: æ— æ³•åŠ è½½æ¨¡å—:Images

[ 2018-01-24T21:38:30+08:00 ] 127.0.0.1 /images/pro-img2.jpg
INFO: [ app_init ] --START--
INFO: Run Behavior\BuildLiteBehavior [ RunTime:0.000037s ]
INFO: [ app_init ] --END-- [ RunTime:0.000642s ]
ERR: æ— æ³•åŠ è½½æ¨¡å—:Images

[ 2018-01-24T21:38:30+08:00 ] 127.0.0.1 /images/pro-img4.jpg
INFO: [ app_init ] --START--
INFO: Run Behavior\BuildLiteBehavior [ RunTime:0.000038s ]
INFO: [ app_init ] --END-- [ RunTime:0.000597s ]
ERR: æ— æ³•åŠ è½½æ¨¡å—:Images

[ 2018-01-24T21:38:30+08:00 ] 127.0.0.1 /images/pro-img3.jpg
INFO: [ app_init ] --START--
INFO: Run Behavior\BuildLiteBehavior [ RunTime:0.000036s ]
INFO: [ app_init ] --END-- [ RunTime:0.000653s ]
ERR: æ— æ³•åŠ è½½æ¨¡å—:Images

[ 2018-01-24T21:38:30+08:00 ] 127.0.0.1 /js/jquery.placeholder.min.js
INFO: [ app_init ] --START--
INFO: Run Behavior\BuildLiteBehavior [ RunTime:0.000036s ]
INFO: [ app_init ] --END-- [ RunTime:0.000588s ]
ERR: æ— æ³•åŠ è½½æ¨¡å—:Js

[ 2018-01-24T21:38:30+08:00 ] 127.0.0.1 /images/simg1.jpg
INFO: [ app_init ] --START--
INFO: Run Behavior\BuildLiteBehavior [ RunTime:0.000041s ]
INFO: [ app_init ] --END-- [ RunTime:0.000605s ]
ERR: æ— æ³•åŠ è½½æ¨¡å—:Images

[ 2018-01-24T21:38:30+08:00 ] 127.0.0.1 /images/simg2.jpg
INFO: [ app_init ] --START--
INFO: Run Behavior\BuildLiteBehavior [ RunTime:0.000039s ]
INFO: [ app_init ] --END-- [ RunTime:0.000624s ]
ERR: æ— æ³•åŠ è½½æ¨¡å—:Images

[ 2018-01-24T21:38:30+08:00 ] 127.0.0.1 /images/pro-icon.png
INFO: [ app_init ] --START--
INFO: Run Behavior\BuildLiteBehavior [ RunTime:0.000034s ]
INFO: [ app_init ] --END-- [ RunTime:0.000677s ]
ERR: æ— æ³•åŠ è½½æ¨¡å—:Images

[ 2018-01-24T21:38:30+08:00 ] 127.0.0.1 /images/simg4.jpg
INFO: [ app_init ] --START--
INFO: Run Behavior\BuildLiteBehavior [ RunTime:0.000041s ]
INFO: [ app_init ] --END-- [ RunTime:0.000776s ]
ERR: æ— æ³•åŠ è½½æ¨¡å—:Images

[ 2018-01-24T21:38:30+08:00 ] 127.0.0.1 /images/partner-img3.jpg
INFO: [ app_init ] --START--
INFO: Run Behavior\BuildLiteBehavior [ RunTime:0.000035s ]
INFO: [ app_init ] --END-- [ RunTime:0.000682s ]
ERR: æ— æ³•åŠ è½½æ¨¡å—:Images

[ 2018-01-24T21:38:30+08:00 ] 127.0.0.1 /images/pro-img.jpg
INFO: [ app_init ] --START--
INFO: Run Behavior\BuildLiteBehavior [ RunTime:0.000036s ]
INFO: [ app_init ] --END-- [ RunTime:0.000616s ]
ERR: æ— æ³•åŠ è½½æ¨¡å—:Images

[ 2018-01-24T21:38:30+08:00 ] 127.0.0.1 /images/partner-img1.jpg
INFO: [ app_init ] --START--
INFO: Run Behavior\BuildLiteBehavior [ RunTime:0.000037s ]
INFO: [ app_init ] --END-- [ RunTime:0.000680s ]
ERR: æ— æ³•åŠ è½½æ¨¡å—:Images

[ 2018-01-24T21:38:30+08:00 ] 127.0.0.1 /images/pro-img5.jpg
INFO: [ app_init ] --START--
INFO: Run Behavior\BuildLiteBehavior [ RunTime:0.000038s ]
INFO: [ app_init ] --END-- [ RunTime:0.000588s ]
ERR: æ— æ³•åŠ è½½æ¨¡å—:Images

[ 2018-01-24T21:38:30+08:00 ] 127.0.0.1 /images/partner-img6.jpg
INFO: [ app_init ] --START--
INFO: Run Behavior\BuildLiteBehavior [ RunTime:0.000038s ]
INFO: [ app_init ] --END-- [ RunTime:0.000679s ]
ERR: æ— æ³•åŠ è½½æ¨¡å—:Images

[ 2018-01-24T21:38:30+08:00 ] 127.0.0.1 /images/simg3.jpg
INFO: [ app_init ] --START--
INFO: Run Behavior\BuildLiteBehavior [ RunTime:0.000037s ]
INFO: [ app_init ] --END-- [ RunTime:0.000611s ]
ERR: æ— æ³•åŠ è½½æ¨¡å—:Images

[ 2018-01-24T21:38:30+08:00 ] 127.0.0.1 /images/partner-img4.jpg
INFO: [ app_init ] --START--
INFO: Run Behavior\BuildLiteBehavior [ RunTime:0.000043s ]
INFO: [ app_init ] --END-- [ RunTime:0.000673s ]
ERR: æ— æ³•åŠ è½½æ¨¡å—:Images

[ 2018-01-24T21:38:30+08:00 ] 127.0.0.1 /images/partner-img2.jpg
INFO: [ app_init ] --START--
INFO: Run Behavior\BuildLiteBehavior [ RunTime:0.000040s ]
INFO: [ app_init ] --END-- [ RunTime:0.000667s ]
ERR: æ— æ³•åŠ è½½æ¨¡å—:Images

[ 2018-01-24T21:38:30+08:00 ] 127.0.0.1 /images/partner-img8.jpg
INFO: [ app_init ] --START--
INFO: Run Behavior\BuildLiteBehavior [ RunTime:0.000037s ]
INFO: [ app_init ] --END-- [ RunTime:0.000604s ]
ERR: æ— æ³•åŠ è½½æ¨¡å—:Images

[ 2018-01-24T21:38:30+08:00 ] 127.0.0.1 /images/partner-img9.jpg
INFO: [ app_init ] --START--
INFO: Run Behavior\BuildLiteBehavior [ RunTime:0.000037s ]
INFO: [ app_init ] --END-- [ RunTime:0.000668s ]
ERR: æ— æ³•åŠ è½½æ¨¡å—:Images

[ 2018-01-24T21:38:30+08:00 ] 127.0.0.1 /images/code.jpg
INFO: [ app_init ] --START--
INFO: Run Behavior\BuildLiteBehavior [ RunTime:0.000028s ]
INFO: [ app_init ] --END-- [ RunTime:0.000622s ]
ERR: æ— æ³•åŠ è½½æ¨¡å—:Images

mages

[ 2018-01-24T21:38:30+08:00 ] 127.0.0.1 /images/news-img.jpg
INFO: [ app_init ] --START--
INFO: Run Behavior\BuildLiteBehavior [ RunTime:0.000038s ]
INFO: [ app_init ] --END-- [ RunTime:0.000769s ]
ERR: æ— æ³•åŠ è½½æ¨¡å—:Images

[ 2018-01-24T21:38:30+08:00 ] 127.0.0.1 /images/news-img2.jpg
INFO: [ app_init ] --START--
INFO: Run Behavior\BuildLiteBehavior [ RunTime:0.000041s ]
INFO: [ app_init ] --END-- [ RunTime:0.000609s ]
ERR: æ— æ³•åŠ è½½æ¨¡å—:Images

[ 2018-01-24T21:38:30+08:00 ] 127.0.0.1 /images/news-img3.jpg
INFO: [ app_init ] --START--
INFO: Run Behavior\BuildLiteBehavior [ RunTime:0.000039s ]
INFO: [ app_init ] --END-- [ RunTime:0.000627s ]
ERR: æ— æ³•åŠ è½½æ¨¡å—:Images

[ 2018-01-24T21:38:30+08:00 ] 127.0.0.1 /images/partner-img5.jpg
INFO: [ app_init ] --START--
INFO: Run Behavior\BuildLiteBehavior [ RunTime:0.000038s ]
INFO: [ app_init ] --END-- [ RunTime:0.000714s ]
ERR: æ— æ³•åŠ è½½æ¨¡å—:Images

[ 2018-01-24T21:38:30+08:00 ] 127.0.0.1 /images/yu.png
INFO: [ app_init ] --START--
INFO: Run Behavior\BuildLiteBehavior [ RunTime:0.000037s ]
INFO: [ app_init ] --END-- [ RunTime:0.000589s ]
ERR: æ— æ³•åŠ è½½æ¨¡å—:Images

[ 2018-01-24T21:38:30+08:00 ] 127.0.0.1 /images/partner-img7.jpg
INFO: [ app_init ] --START--
INFO: Run Behavior\BuildLiteBehavior [ RunTime:0.000032s ]
INFO: [ app_init ] --END-- [ RunTime:0.000615s ]
ERR: æ— æ³•åŠ è½½æ¨¡å—:Images

[ 2018-01-24T21:38:30+08:00 ] 127.0.0.1 /images/ren.jpg
INFO: [ app_init ] --START--
INFO: Run Behavior\BuildLiteBehavior [ RunTime:0.000038s ]
INFO: [ app_init ] --END-- [ RunTime:0.000637s ]
ERR: æ— æ³•åŠ è½½æ¨¡å—:Images

[ 2018-01-24T21:38:30+08:00 ] 127.0.0.1 /images/home-icon.png
INFO: [ app_init ] --START--
INFO: Run Behavior\BuildLiteBehavior [ RunTime:0.000044s ]
INFO: [ app_init ] --END-- [ RunTime:0.002008s ]
ERR: æ— æ³•åŠ è½½æ¨¡å—:Images

[ 2018-01-24T21:38:30+08:00 ] 127.0.0.1 /images/weixin.jpg
INFO: [ app_init ] --START--
INFO: Run Behavior\BuildLiteBehavior [ RunTime:0.000051s ]
INFO: [ app_init ] --END-- [ RunTime:0.000795s ]
ERR: æ— æ³•åŠ è½½æ¨¡å—:Images

[ 2018-01-24T21:44:00+08:00 ] 127.0.0.1 /css/slick.css
INFO: [ app_init ] --START--
INFO: Run Behavior\BuildLiteBehavior [ RunTime:0.000032s ]
INFO: [ app_init ] --END-- [ RunTime:0.000564s ]
ERR: æ— æ³•åŠ è½½æ¨¡å—:Css

[ 2018-01-24T21:44:00+08:00 ] 127.0.0.1 /css/jquery.mmenu.all.min.css
INFO: [ app_init ] --START--
INFO: Run Behavior\BuildLiteBehavior [ RunTime:0.000038s ]
INFO: [ app_init ] --END-- [ RunTime:0.000720s ]
ERR: æ— æ³•åŠ è½½æ¨¡å—:Css

[ 2018-01-24T21:44:00+08:00 ] 127.0.0.1 /css/style.css
INFO: [ app_init ] --START--
INFO: Run Behavior\BuildLiteBehavior [ RunTime:0.000037s ]
INFO: [ app_init ] --END-- [ RunTime:0.000731s ]
ERR: æ— æ³•åŠ è½½æ¨¡å—:Css

[ 2018-01-24T21:44:00+08:00 ] 127.0.0.1 /css/bootstrap.css
INFO: [ app_init ] --START--
INFO: Run Behavior\BuildLiteBehavior [ RunTime:0.000023s ]
INFO: [ app_init ] --END-- [ RunTime:0.000493s ]
ERR: æ— æ³•åŠ è½½æ¨¡å—:Css

[ 2018-01-24T21:44:00+08:00 ] 127.0.0.1 /images/logo.png
INFO: [ app_init ] --START--
INFO: Run Behavior\BuildLiteBehavior [ RunTime:0.000040s ]
INFO: [ app_init ] --END-- [ RunTime:0.000668s ]
ERR: æ— æ³•åŠ è½½æ¨¡å—:Images

[ 2018-01-24T21:44:00+08:00 ] 127.0.0.1 /images/icon-closed.png
INFO: [ app_init ] --START--
INFO: Run Behavior\BuildLiteBehavior [ RunTime:0.000041s ]
INFO: [ app_init ] --END-- [ RunTime:0.000810s ]
ERR: æ— æ³•åŠ è½½æ¨¡å—:Images

[ 2018-01-24T21:44:00+08:00 ] 127.0.0.1 /js/public.js
INFO: [ app_init ] --START--
INFO: Run Behavior\BuildLiteBehavior [ RunTime:0.000038s ]
INFO: [ app_init ] --END-- [ RunTime:0.000630s ]
ERR: æ— æ³•åŠ è½½æ¨¡å—:Js

[ 2018-01-24T21:44:00+08:00 ] 127.0.0.1 /images/pro-icon.png
INFO: [ app_init ] --START--
INFO: Run Behavior\BuildLiteBehavior [ RunTime:0.000046s ]
INFO: [ app_init ] --END-- [ RunTime:0.000796s ]
ERR: æ— æ³•åŠ è½½æ¨¡å—:Images

[ 2018-01-24T21:44:00+08:00 ] 127.0.0.1 /js/jquery.placeholder.min.js
INFO: [ app_init ] --START--
INFO: Run Behavior\BuildLiteBehavior [ RunTime:0.000037s ]
INFO: [ app_init ] --END-- [ RunTime:0.000599s ]
ERR: æ— æ³•åŠ è½½æ¨¡å—:Js

[ 2018-01-24T21:44:00+08:00 ] 127.0.0.1 /images/banner.jpg
INFO: [ app_init ] --START--
INFO: Run Behavior\BuildLiteBehavior [ RunTime:0.000038s ]
INFO: [ app_init ] --END-- [ RunTime:0.000635s ]
ERR: æ— æ³•åŠ è½½æ¨¡å—:Images

[ 2018-01-24T21:44:00+08:00 ] 127.0.0.1 /images/pro-img.jpg
INFO: [ app_init ] --START--
INFO: Run Behavior\BuildLiteBehavior [ RunTime:0.000036s ]
INFO: [ app_init ] --END-- [ RunTime:0.000628s ]
ERR: æ— æ³•åŠ è½½æ¨¡å—:Images

[ 2018-01-24T21:44:00+08:00 ] 127.0.0.1 /images/pro-img4.jpg
INFO: [ app_init ] --START--
INFO: Run Behavior\BuildLiteBehavior [ RunTime:0.000032s ]
INFO: [ app_init ] --END-- [ RunTime:0.000526s ]
ERR: æ— æ³•åŠ è½½æ¨¡å—:Images

[ 2018-01-24T21:44:00+08:00 ] 127.0.0.1 /images/pro-img5.jpg
INFO: [ app_init ] --START--
INFO: Run Behavior\BuildLiteBehavior [ RunTime:0.000037s ]
INFO: [ app_init ] --END-- [ RunTime:0.000586s ]
ERR: æ— æ³•åŠ è½½æ¨¡å—:Images

[ 2018-01-24T21:44:00+08:00 ] 127.0.0.1 /js/slick.min.js
INFO: [ app_init ] --START--
INFO: Run Behavior\BuildLiteBehavior [ RunTime:0.000158s ]
INFO: [ app_init ] --END-- [ RunTime:0.000707s ]
ERR: æ— æ³•åŠ è½½æ¨¡å—:Js

[ 2018-01-24T21:44:00+08:00 ] 127.0.0.1 /images/simg3.jpg
INFO: [ app_init ] --START--
INFO: Run Behavior\BuildLiteBehavior [ RunTime:0.000041s ]
INFO: [ app_init ] --END-- [ RunTime:0.000720s ]
ERR: æ— æ³•åŠ è½½æ¨¡å—:Images

[ 2018-01-24T21:44:00+08:00 ] 127.0.0.1 /images/simg4.jpg
INFO: [ app_init ] --START--
INFO: Run Behavior\BuildLiteBehavior [ RunTime:0.000047s ]
INFO: [ app_init ] --END-- [ RunTime:0.000688s ]
ERR: æ— æ³•åŠ è½½æ¨¡å—:Images

[ 2018-01-24T21:44:00+08:00 ] 127.0.0.1 /images/partner-img2.jpg
INFO: [ app_init ] --START--
INFO: Run Behavior\BuildLiteBehavior [ RunTime:0.000037s ]
INFO: [ app_init ] --END-- [ RunTime:0.000625s ]
ERR: æ— æ³•åŠ è½½æ¨¡å—:Images

[ 2018-01-24T21:44:00+08:00 ] 127.0.0.1 /images/pro-img3.jpg
INFO: [ app_init ] --START--
INFO: Run Behavior\BuildLiteBehavior [ RunTime:0.000037s ]
INFO: [ app_init ] --END-- [ RunTime:0.000589s ]
ERR: æ— æ³•åŠ è½½æ¨¡å—:Images

[ 2018-01-24T21:44:00+08:00 ] 127.0.0.1 /images/simg2.jpg
INFO: [ app_init ] --START--
INFO: Run Behavior\BuildLiteBehavior [ RunTime:0.000031s ]
INFO: [ app_init ] --END-- [ RunTime:0.000531s ]
ERR: æ— æ³•åŠ è½½æ¨¡å—:Images

[ 2018-01-24T21:44:00+08:00 ] 127.0.0.1 /js/public.js
INFO: [ app_init ] --START--
INFO: Run Behavior\BuildLiteBehavior [ RunTime:0.000037s ]
INFO: [ app_init ] --END-- [ RunTime:0.000637s ]
ERR: æ— æ³•åŠ è½½æ¨¡å—:Js

[ 2018-01-24T21:44:00+08:00 ] 127.0.0.1 /images/partner-img1.jpg
INFO: [ app_init ] --START--
INFO: Run Behavior\BuildLiteBehavior [ RunTime:0.000037s ]
INFO: [ app_init ] --END-- [ RunTime:0.000661s ]
ERR: æ— æ³•åŠ è½½æ¨¡å—:Images

[ 2018-01-24T21:44:00+08:00 ] 127.0.0.1 /images/partner-img5.jpg
INFO: [ app_init ] --START--
INFO: Run Behavior\BuildLiteBehavior [ RunTime:0.000037s ]
INFO: [ app_init ] --END-- [ RunTime:0.000673s ]
ERR: æ— æ³•åŠ è½½æ¨¡å—:Images

[ 2018-01-24T21:44:00+08:00 ] 127.0.0.1 /images/partner-img6.jpg
INFO: [ app_init ] --START--
INFO: Run Behavior\BuildLiteBehavior [ RunTime:0.000041s ]
INFO: [ app_init ] --END-- [ RunTime:0.000645s ]
ERR: æ— æ³•åŠ è½½æ¨¡å—:Images

[ 2018-01-24T21:44:00+08:00 ] 127.0.0.1 /images/partner-img4.jpg
INFO: [ app_init ] --START--
INFO: Run Behavior\BuildLiteBehavior [ RunTime:0.000046s ]
INFO: [ app_init ] --END-- [ RunTime:0.013594s ]
ERR: æ— æ³•åŠ è½½æ¨¡å—:Images

[ 2018-01-24T21:44:00+08:00 ] 127.0.0.1 /images/partner-img7.jpg
INFO: [ app_init ] --START--
INFO: Run Behavior\BuildLiteBehavior [ RunTime:0.000038s ]
INFO: [ app_init ] --END-- [ RunTime:0.000599s ]
ERR: æ— æ³•åŠ è½½æ¨¡å—:Images

[ 2018-01-24T21:44:00+08:00 ] 127.0.0.1 /images/partner-img3.jpg
INFO: [ app_init ] --START--
INFO: Run Behavior\BuildLiteBehavior [ RunTime:0.000038s ]
INFO: [ app_init ] --END-- [ RunTime:0.001341s ]
ERR: æ— æ³•åŠ è½½æ¨¡å—:Images

[ 2018-01-24T21:44:00+08:00 ] 127.0.0.1 /images/partner-img8.jpg
INFO: [ app_init ] --START--
INFO: Run Behavior\BuildLiteBehavior [ RunTime:0.000038s ]
INFO: [ app_init ] --END-- [ RunTime:0.000612s ]
ERR: æ— æ³•åŠ è½½æ¨¡å—:Images

[ 2018-01-24T21:44:00+08:00 ] 127.0.0.1 /images/partner-img10.jpg
INFO: [ app_init ] --START--
INFO: Run Behavior\BuildLiteBehavior [ RunTime:0.000044s ]
INFO: [ app_init ] --END-- [ RunTime:0.000587s ]
ERR: æ— æ³•åŠ è½½æ¨¡å—:Images

[ 2018-01-24T21:44:00+08:00 ] 127.0.0.1 /images/ren.jpg
INFO: [ app_init ] --START--
INFO: Run Behavior\BuildLiteBehavior [ RunTime:0.000040s ]
INFO: [ app_init ] --END-- [ RunTime:0.000594s ]
ERR: æ— æ³•åŠ è½½æ¨¡å—:Images

[ 2018-01-24T21:44:00+08:00 ] 127.0.0.1 /images/news-img.jpg
INFO: [ app_init ] --START--
INFO: Run Behavior\BuildLiteBehavior [ RunTime:0.000035s ]
INFO: [ app_init ] --END-- [ RunTime:0.000611s ]
ERR: æ— æ³•åŠ è½½æ¨¡å—:Images

[ 2018-01-24T21:44:00+08:00 ] 127.0.0.1 /images/news-img3.jpg
INFO: [ app_init ] --START--
INFO: Run Behavior\BuildLiteBehavior [ RunTime:0.000035s ]
INFO: [ app_init ] --END-- [ RunTime:0.000567s ]
ERR: æ— æ³•åŠ è½½æ¨¡å—:Images

[ 2018-01-24T21:44:00+08:00 ] 127.0.0.1 /images/news-img2.jpg
INFO: [ app_init ] --START--
INFO: Run Behavior\BuildLiteBehavior [ RunTime:0.000036s ]
INFO: [ app_init ] --END-- [ RunTime:0.000599s ]
ERR: æ— æ³•åŠ è½½æ¨¡å—:Images

[ 2018-01-24T21:44:00+08:00 ] 127.0.0.1 /images/home-icon.png
INFO: [ app_init ] --START--
INFO: Run Behavior\BuildLiteBehavior [ RunTime:0.000041s ]
INFO: [ app_init ] --END-- [ RunTime:0.000590s ]
ERR: æ— æ³•åŠ è½½æ¨¡å—:Images

[ 2018-01-24T21:44:00+08:00 ] 127.0.0.1 /images/weixin.jpg
INFO: [ app_init ] --START--
INFO: Run Behavior\BuildLiteBehavior [ RunTime:0.000036s ]
INFO: [ app_init ] --END-- [ RunTime:0.000627s ]
ERR: æ— æ³•åŠ è½½æ¨¡å—:Images

[ 2018-01-24T21:44:00+08:00 ] 127.0.0.1 /images/simg1.jpg
INFO: [ app_init ] --START--
INFO: Run Behavior\BuildLiteBehavior [ RunTime:0.000035s ]
INFO: [ app_init ] --END-- [ RunTime:0.000734s ]
ERR: æ— æ³•åŠ è½½æ¨¡å—:Images

[ 2018-01-24T21:44:00+08:00 ] 127.0.0.1 /images/code.jpg
INFO: [ app_init ] --START--
INFO: Run Behavior\BuildLiteBehavior [ RunTime:0.000041s ]
INFO: [ app_init ] --END-- [ RunTime:0.000893s ]
ERR: æ— æ³•åŠ è½½æ¨¡å—:Images

[ 2018-01-24T21:44:00+08:00 ] 127.0.0.1 /images/partner-img9.jpg
INFO: [ app_init ] --START--
INFO: Run Behavior\BuildLiteBehavior [ RunTime:0.000064s ]
INFO: [ app_init ] --END-- [ RunTime:0.000790s ]
ERR: æ— æ³•åŠ è½½æ¨¡å—:Images

[ 2018-01-24T21:44:00+08:00 ] 127.0.0.1 /images/yu.png
INFO: [ app_init ] --START--
INFO: Run Behavior\BuildLiteBehavior [ RunTime:0.000171s ]
INFO: [ app_init ] --END-- [ RunTime:0.001267s ]
ERR: æ— æ³•åŠ è½½æ¨¡å—:Images

[ 2018-01-24T21:44:00+08:00 ] 127.0.0.1 /js/jquery.placeholder.min.js
INFO: [ app_init ] --START--
INFO: Run Behavior\BuildLiteBehavior [ RunTime:0.000043s ]
INFO: [ app_init ] --END-- [ RunTime:0.000705s ]
ERR: æ— æ³•åŠ è½½æ¨¡å—:Js

[ 2018-01-24T21:45:19+08:00 ] 127.0.0.1 /css/bootstrap.css
INFO: [ app_init ] --START--
INFO: Run Behavior\BuildLiteBehavior [ RunTime:0.000041s ]
INFO: [ app_init ] --END-- [ RunTime:0.000607s ]
ERR: æ— æ³•åŠ è½½æ¨¡å—:Css

[ 2018-01-24T21:45:19+08:00 ] 127.0.0.1 /css/style.css
INFO: [ app_init ] --START--
INFO: Run Behavior\BuildLiteBehavior [ RunTime:0.000036s ]
INFO: [ app_init ] --END-- [ RunTime:0.000602s ]
ERR: æ— æ³•åŠ è½½æ¨¡å—:Css

[ 2018-01-24T21:45:19+08:00 ] 127.0.0.1 /css/jquery.mmenu.all.min.css
INFO: [ app_init ] --START--
INFO: Run Behavior\BuildLiteBehavior [ RunTime:0.000037s ]
INFO: [ app_init ] --END-- [ RunTime:0.000685s ]
ERR: æ— æ³•åŠ è½½æ¨¡å—:Css

[ 2018-01-24T21:45:19+08:00 ] 127.0.0.1 /js/slick.min.js
INFO: [ app_init ] --START--
INFO: Run Behavior\BuildLiteBehavior [ RunTime:0.000037s ]
INFO: [ app_init ] --END-- [ RunTime:0.000640s ]
ERR: æ— æ³•åŠ è½½æ¨¡å—:Js

[ 2018-01-24T21:45:19+08:00 ] 127.0.0.1 /js/public.js
INFO: [ app_init ] --START--
INFO: Run Behavior\BuildLiteBehavior [ RunTime:0.000042s ]
INFO: [ app_init ] --END-- [ RunTime:0.000639s ]
ERR: æ— æ³•åŠ è½½æ¨¡å—:Js

[ 2018-01-24T21:45:19+08:00 ] 127.0.0.1 /js/jquery.placeholder.min.js
INFO: [ app_init ] --START--
INFO: Run Behavior\BuildLiteBehavior [ RunTime:0.000056s ]
INFO: [ app_init ] --END-- [ RunTime:0.000895s ]
ERR: æ— æ³•åŠ è½½æ¨¡å—:Js

[ 2018-01-24T21:45:19+08:00 ] 127.0.0.1 /images/banner.jpg
INFO: [ app_init ] --START--
INFO: Run Behavior\BuildLiteBehavior [ RunTime:0.000039s ]
INFO: [ app_init ] --END-- [ RunTime:0.000594s ]
ERR: æ— æ³•åŠ è½½æ¨¡å—:Images

[ 2018-01-24T21:45:19+08:00 ] 127.0.0.1 /images/pro-img.jpg
INFO: [ app_init ] --START--
INFO: Run Behavior\BuildLiteBehavior [ RunTime:0.000038s ]
INFO: [ app_init ] --END-- [ RunTime:0.000598s ]
ERR: æ— æ³•åŠ è½½æ¨¡å—:Images

[ 2018-01-24T21:45:19+08:00 ] 127.0.0.1 /images/pro-img2.jpg
INFO: [ app_init ] --START--
INFO: Run Behavior\BuildLiteBehavior [ RunTime:0.000040s ]
INFO: [ app_init ] --END-- [ RunTime:0.000707s ]
ERR: æ— æ³•åŠ è½½æ¨¡å—:Images

[ 2018-01-24T21:45:19+08:00 ] 127.0.0.1 /images/icon-closed.png
INFO: [ app_init ] --START--
INFO: Run Behavior\BuildLiteBehavior [ RunTime:0.000045s ]
INFO: [ app_init ] --END-- [ RunTime:0.000672s ]
ERR: æ— æ³•åŠ è½½æ¨¡å—:Images

[ 2018-01-24T21:45:19+08:00 ] 127.0.0.1 /images/logo.png
INFO: [ app_init ] --START--
INFO: Run Behavior\BuildLiteBehavior [ RunTime:0.000037s ]
INFO: [ app_init ] --END-- [ RunTime:0.000637s ]
ERR: æ— æ³•åŠ è½½æ¨¡å—:Images

[ 2018-01-24T21:45:19+08:00 ] 127.0.0.1 /images/pro-img4.jpg
INFO: [ app_init ] --START--
INFO: Run Behavior\BuildLiteBehavior [ RunTime:0.000037s ]
INFO: [ app_init ] --END-- [ RunTime:0.000673s ]
ERR: æ— æ³•åŠ è½½æ¨¡å—:Images

[ 2018-01-24T21:45:19+08:00 ] 127.0.0.1 /images/pro-icon.png
INFO: [ app_init ] --START--
INFO: Run Behavior\BuildLiteBehavior [ RunTime:0.000038s ]
INFO: [ app_init ] --END-- [ RunTime:0.000578s ]
ERR: æ— æ³•åŠ è½½æ¨¡å—:Images

[ 2018-01-24T21:45:19+08:00 ] 127.0.0.1 /images/pro-img5.jpg
INFO: [ app_init ] --START--
INFO: Run Behavior\BuildLiteBehavior [ RunTime:0.000038s ]
INFO: [ app_init ] --END-- [ RunTime:0.000587s ]
ERR: æ— æ³•åŠ è½½æ¨¡å—:Images

[ 2018-01-24T21:45:19+08:00 ] 127.0.0.1 /js/slick.min.js
INFO: [ app_init ] --START--
INFO: Run Behavior\BuildLiteBehavior [ RunTime:0.000038s ]
INFO: [ app_init ] --END-- [ RunTime:0.000793s ]
ERR: æ— æ³•åŠ è½½æ¨¡å—:Js

[ 2018-01-24T21:45:19+08:00 ] 127.0.0.1 /images/simg2.jpg
INFO: [ app_init ] --START--
INFO: Run Behavior\BuildLiteBehavior [ RunTime:0.000037s ]
INFO: [ app_init ] --END-- [ RunTime:0.000610s ]
ERR: æ— æ³•åŠ è½½æ¨¡å—:Images

[ 2018-01-24T21:45:19+08:00 ] 127.0.0.1 /images/simg1.jpg
INFO: [ app_init ] --START--
INFO: Run Behavior\BuildLiteBehavior [ RunTime:0.000036s ]
INFO: [ app_init ] --END-- [ RunTime:0.001134s ]
ERR: æ— æ³•åŠ è½½æ¨¡å—:Images

[ 2018-01-24T21:45:19+08:00 ] 127.0.0.1 /images/pro-img3.jpg
INFO: [ app_init ] --START--
INFO: Run Behavior\BuildLiteBehavior [ RunTime:0.000127s ]
INFO: [ app_init ] --END-- [ RunTime:0.000856s ]
ERR: æ— æ³•åŠ è½½æ¨¡å—:Images

[ 2018-01-24T21:45:19+08:00 ] 127.0.0.1 /images/partner-img3.jpg
INFO: [ app_init ] --START--
INFO: Run Behavior\BuildLiteBehavior [ RunTime:0.000039s ]
INFO: [ app_init ] --END-- [ RunTime:0.000611s ]
ERR: æ— æ³•åŠ è½½æ¨¡å—:Images

[ 2018-01-24T21:45:19+08:00 ] 127.0.0.1 /js/public.js
INFO: [ app_init ] --START--
INFO: Run Behavior\BuildLiteBehavior [ RunTime:0.000041s ]
INFO: [ app_init ] --END-- [ RunTime:0.000627s ]
ERR: æ— æ³•åŠ è½½æ¨¡å—:Js

[ 2018-01-24T21:45:19+08:00 ] 127.0.0.1 /images/partner-img1.jpg
INFO: [ app_init ] --START--
INFO: Run Behavior\BuildLiteBehavior [ RunTime:0.000037s ]
INFO: [ app_init ] --END-- [ RunTime:0.000602s ]
ERR: æ— æ³•åŠ è½½æ¨¡å—:Images

[ 2018-01-24T21:45:19+08:00 ] 127.0.0.1 /images/partner-img5.jpg
INFO: [ app_init ] --START--
INFO: Run Behavior\BuildLiteBehavior [ RunTime:0.000162s ]
INFO: [ app_init ] --END-- [ RunTime:0.000829s ]
ERR: æ— æ³•åŠ è½½æ¨¡å—:Images

[ 2018-01-24T21:45:19+08:00 ] 127.0.0.1 /images/partner-img2.jpg
INFO: [ app_init ] --START--
INFO: Run Behavior\BuildLiteBehavior [ RunTime:0.000036s ]
INFO: [ app_init ] --END-- [ RunTime:0.000630s ]
ERR: æ— æ³•åŠ è½½æ¨¡å—:Images

[ 2018-01-24T21:45:19+08:00 ] 127.0.0.1 /images/simg4.jpg
INFO: [ app_init ] --START--
INFO: Run Behavior\BuildLiteBehavior [ RunTime:0.000041s ]
INFO: [ app_init ] --END-- [ RunTime:0.000709s ]
ERR: æ— æ³•åŠ è½½æ¨¡å—:Images

[ 2018-01-24T21:45:20+08:00 ] 127.0.0.1 /images/simg3.jpg
INFO: [ app_init ] --START--
INFO: Run Behavior\BuildLiteBehavior [ RunTime:0.000042s ]
INFO: [ app_init ] --END-- [ RunTime:0.003549s ]
ERR: æ— æ³•åŠ è½½æ¨¡å—:Images

[ 2018-01-24T21:45:20+08:00 ] 127.0.0.1 /images/partner-img6.jpg
INFO: [ app_init ] --START--
INFO: Run Behavior\BuildLiteBehavior [ RunTime:0.000049s ]
INFO: [ app_init ] --END-- [ RunTime:0.001655s ]
ERR: æ— æ³•åŠ è½½æ¨¡å—:Images

[ 2018-01-24T21:45:20+08:00 ] 127.0.0.1 /images/partner-img9.jpg
INFO: [ app_init ] --START--
INFO: Run Behavior\BuildLiteBehavior [ RunTime:0.000036s ]
INFO: [ app_init ] --END-- [ RunTime:0.000592s ]
ERR: æ— æ³•åŠ è½½æ¨¡å—:Images

[ 2018-01-24T21:45:20+08:00 ] 127.0.0.1 /js/jquery.placeholder.min.js
INFO: [ app_init ] --START--
INFO: Run Behavior\BuildLiteBehavior [ RunTime:0.000038s ]
INFO: [ app_init ] --END-- [ RunTime:0.000621s ]
ERR: æ— æ³•åŠ è½½æ¨¡å—:Js

[ 2018-01-24T21:45:20+08:00 ] 127.0.0.1 /images/partner-img10.jpg
INFO: [ app_init ] --START--
INFO: Run Behavior\BuildLiteBehavior [ RunTime:0.000041s ]
INFO: [ app_init ] --END-- [ RunTime:0.000735s ]
ERR: æ— æ³•åŠ è½½æ¨¡å—:Images

[ 2018-01-24T21:45:20+08:00 ] 127.0.0.1 /images/partner-img4.jpg
INFO: [ app_init ] --START--
INFO: Run Behavior\BuildLiteBehavior [ RunTime:0.000036s ]
INFO: [ app_init ] --END-- [ RunTime:0.000595s ]
ERR: æ— æ³•åŠ è½½æ¨¡å—:Images

[ 2018-01-24T21:45:20+08:00 ] 127.0.0.1 /images/ren.jpg
INFO: [ app_init ] --START--
INFO: Run Behavior\BuildLiteBehavior [ RunTime:0.000037s ]
INFO: [ app_init ] --END-- [ RunTime:0.000590s ]
ERR: æ— æ³•åŠ è½½æ¨¡å—:Images

[ 2018-01-24T21:45:20+08:00 ] 127.0.0.1 /images/partner-img8.jpg
INFO: [ app_init ] --START--
INFO: Run Behavior\BuildLiteBehavior [ RunTime:0.000038s ]
INFO: [ app_init ] --END-- [ RunTime:0.001927s ]
ERR: æ— æ³•åŠ è½½æ¨¡å—:Images

[ 2018-01-24T21:45:20+08:00 ] 127.0.0.1 /images/news-img.jpg
INFO: [ app_init ] --START--
INFO: Run Behavior\BuildLiteBehavior [ RunTime:0.000048s ]
INFO: [ app_init ] --END-- [ RunTime:0.000624s ]
ERR: æ— æ³•åŠ è½½æ¨¡å—:Images

[ 2018-01-24T21:45:20+08:00 ] 127.0.0.1 /images/news-img2.jpg
INFO: [ app_init ] --START--
INFO: Run Behavior\BuildLiteBehavior [ RunTime:0.000036s ]
INFO: [ app_init ] --END-- [ RunTime:0.000568s ]
ERR: æ— æ³•åŠ è½½æ¨¡å—:Images

[ 2018-01-24T21:45:20+08:00 ] 127.0.0.1 /images/news-img3.jpg
INFO: [ app_init ] --START--
INFO: Run Behavior\BuildLiteBehavior [ RunTime:0.000039s ]
INFO: [ app_init ] --END-- [ RunTime:0.000746s ]
ERR: æ— æ³•åŠ è½½æ¨¡å—:Images

[ 2018-01-24T21:45:20+08:00 ] 127.0.0.1 /images/code.jpg
INFO: [ app_init ] --START--
INFO: Run Behavior\BuildLiteBehavior [ RunTime:0.000038s ]
INFO: [ app_init ] --END-- [ RunTime:0.000582s ]
ERR: æ— æ³•åŠ è½½æ¨¡å—:Images

[ 2018-01-24T21:45:20+08:00 ] 127.0.0.1 /images/home-icon.png
INFO: [ app_init ] --START--
INFO: Run Behavior\BuildLiteBehavior [ RunTime:0.000091s ]
INFO: [ app_init ] --END-- [ RunTime:0.000998s ]
ERR: æ— æ³•åŠ è½½æ¨¡å—:Images

[ 2018-01-24T21:45:20+08:00 ] 127.0.0.1 /images/partner-img7.jpg
INFO: [ app_init ] --START--
INFO: Run Behavior\BuildLiteBehavior [ RunTime:0.000042s ]
INFO: [ app_init ] --END-- [ RunTime:0.000937s ]
ERR: æ— æ³•åŠ è½½æ¨¡å—:Images

[ 2018-01-24T21:45:20+08:00 ] 127.0.0.1 /images/yu.png
INFO: [ app_init ] --START--
INFO: Run Behavior\BuildLiteBehavior [ RunTime:0.000039s ]
INFO: [ app_init ] --END-- [ RunTime:0.000679s ]
ERR: æ— æ³•åŠ è½½æ¨¡å—:Images

[ 2018-01-24T21:45:20+08:00 ] 127.0.0.1 /images/weixin.jpg
INFO: [ app_init ] --START--
INFO: Run Behavior\BuildLiteBehavior [ RunTime:0.000042s ]
INFO: [ app_init ] --END-- [ RunTime:0.000704s ]
ERR: æ— æ³•åŠ è½½æ¨¡å—:Images

[ 2018-01-24T21:49:44+08:00 ] 127.0.0.1 /css/bootstrap.css
INFO: [ app_init ] --START--
INFO: Run Behavior\BuildLiteBehavior [ RunTime:0.000068s ]
INFO: [ app_init ] --END-- [ RunTime:0.000670s ]
ERR: æ— æ³•åŠ è½½æ¨¡å—:Css

[ 2018-01-24T21:49:44+08:00 ] 127.0.0.1 /css/slick.css
INFO: [ app_init ] --START--
INFO: Run Behavior\BuildLiteBehavior [ RunTime:0.000046s ]
INFO: [ app_init ] --END-- [ RunTime:0.000779s ]
ERR: æ— æ³•åŠ è½½æ¨¡å—:Css

[ 2018-01-24T21:49:44+08:00 ] 127.0.0.1 /css/jquery.mmenu.all.min.css
INFO: [ app_init ] --START--
INFO: Run Behavior\BuildLiteBehavior [ RunTime:0.000039s ]
INFO: [ app_init ] --END-- [ RunTime:0.000943s ]
ERR: æ— æ³•åŠ è½½æ¨¡å—:Css

[ 2018-01-24T21:49:44+08:00 ] 127.0.0.1 /css/style.css
INFO: [ app_init ] --START--
INFO: Run Behavior\BuildLiteBehavior [ RunTime:0.000042s ]
INFO: [ app_init ] --END-- [ RunTime:0.000762s ]
ERR: æ— æ³•åŠ è½½æ¨¡å—:Css

[ 2018-01-24T21:49:44+08:00 ] 127.0.0.1 /images/logo.png
INFO: [ app_init ] --START--
INFO: Run Behavior\BuildLiteBehavior [ RunTime:0.000041s ]
INFO: [ app_init ] --END-- [ RunTime:0.000829s ]
ERR: æ— æ³•åŠ è½½æ¨¡å—:Images

—:Js

[ 2018-01-24T21:49:44+08:00 ] 127.0.0.1 /js/slick.min.js
INFO: [ app_init ] --START--
INFO: Run Behavior\BuildLiteBehavior [ RunTime:0.000037s ]
INFO: [ app_init ] --END-- [ RunTime:0.000614s ]
ERR: æ— æ³•åŠ è½½æ¨¡å—:Js

[ 2018-01-24T21:49:44+08:00 ] 127.0.0.1 /images/banner.jpg
INFO: [ app_init ] --START--
INFO: Run Behavior\BuildLiteBehavior [ RunTime:0.000040s ]
INFO: [ app_init ] --END-- [ RunTime:0.000671s ]
ERR: æ— æ³•åŠ è½½æ¨¡å—:Images

[ 2018-01-24T21:49:44+08:00 ] 127.0.0.1 /images/pro-img.jpg
INFO: [ app_init ] --START--
INFO: Run Behavior\BuildLiteBehavior [ RunTime:0.000041s ]
INFO: [ app_init ] --END-- [ RunTime:0.000941s ]
ERR: æ— æ³•åŠ è½½æ¨¡å—:Images

[ 2018-01-24T21:49:44+08:00 ] 127.0.0.1 /images/pro-img2.jpg
INFO: [ app_init ] --START--
INFO: Run Behavior\BuildLiteBehavior [ RunTime:0.000046s ]
INFO: [ app_init ] --END-- [ RunTime:0.000668s ]
ERR: æ— æ³•åŠ è½½æ¨¡å—:Images

[ 2018-01-24T21:49:44+08:00 ] 127.0.0.1 /images/pro-img3.jpg
INFO: [ app_init ] --START--
INFO: Run Behavior\BuildLiteBehavior [ RunTime:0.000039s ]
INFO: [ app_init ] --END-- [ RunTime:0.000622s ]
ERR: æ— æ³•åŠ è½½æ¨¡å—:Images

[ 2018-01-24T21:49:44+08:00 ] 127.0.0.1 /images/pro-img4.jpg
INFO: [ app_init ] --START--
INFO: Run Behavior\BuildLiteBehavior [ RunTime:0.000039s ]
INFO: [ app_init ] --END-- [ RunTime:0.000649s ]
ERR: æ— æ³•åŠ è½½æ¨¡å—:Images

[ 2018-01-24T21:49:44+08:00 ] 127.0.0.1 /js/public.js
INFO: [ app_init ] --START--
INFO: Run Behavior\BuildLiteBehavior [ RunTime:0.000041s ]
INFO: [ app_init ] --END-- [ RunTime:0.000648s ]
ERR: æ— æ³•åŠ è½½æ¨¡å—:Js

[ 2018-01-24T21:49:44+08:00 ] 127.0.0.1 /images/icon-closed.png
INFO: [ app_init ] --START--
INFO: Run Behavior\BuildLiteBehavior [ RunTime:0.000038s ]
INFO: [ app_init ] --END-- [ RunTime:0.000905s ]
ERR: æ— æ³•åŠ è½½æ¨¡å—:Images

[ 2018-01-24T21:49:44+08:00 ] 127.0.0.1 /images/pro-icon.png
INFO: [ app_init ] --START--
INFO: Run Behavior\BuildLiteBehavior [ RunTime:0.000038s ]
INFO: [ app_init ] --END-- [ RunTime:0.000877s ]
ERR: æ— æ³•åŠ è½½æ¨¡å—:Images

[ 2018-01-24T21:49:44+08:00 ] 127.0.0.1 /images/simg1.jpg
INFO: [ app_init ] --START--
INFO: Run Behavior\BuildLiteBehavior [ RunTime:0.000039s ]
INFO: [ app_init ] --END-- [ RunTime:0.000606s ]
ERR: æ— æ³•åŠ è½½æ¨¡å—:Images

[ 2018-01-24T21:49:44+08:00 ] 127.0.0.1 /js/jquery.placeholder.min.js
INFO: [ app_init ] --START--
INFO: Run Behavior\BuildLiteBehavior [ RunTime:0.000041s ]
INFO: [ app_init ] --END-- [ RunTime:0.000845s ]
ERR: æ— æ³•åŠ è½½æ¨¡å—:Js

[ 2018-01-24T21:49:44+08:00 ] 127.0.0.1 /images/pro-img5.jpg
INFO: [ app_init ] --START--
INFO: Run Behavior\BuildLiteBehavior [ RunTime:0.000040s ]
INFO: [ app_init ] --END-- [ RunTime:0.001018s ]
ERR: æ— æ³•åŠ è½½æ¨¡å—:Images

[ 2018-01-24T21:49:44+08:00 ] 127.0.0.1 /images/simg4.jpg
INFO: [ app_init ] --START--
INFO: Run Behavior\BuildLiteBehavior [ RunTime:0.000086s ]
INFO: [ app_init ] --END-- [ RunTime:0.001027s ]
ERR: æ— æ³•åŠ è½½æ¨¡å—:Images

[ 2018-01-24T21:49:44+08:00 ] 127.0.0.1 /images/simg2.jpg
INFO: [ app_init ] --START--
INFO: Run Behavior\BuildLiteBehavior [ RunTime:0.000042s ]
INFO: [ app_init ] --END-- [ RunTime:0.000578s ]
ERR: æ— æ³•åŠ è½½æ¨¡å—:Images

[ 2018-01-24T21:49:44+08:00 ] 127.0.0.1 /images/partner-img4.jpg
INFO: [ app_init ] --START--
INFO: Run Behavior\BuildLiteBehavior [ RunTime:0.000036s ]
INFO: [ app_init ] --END-- [ RunTime:0.000602s ]
ERR: æ— æ³•åŠ è½½æ¨¡å—:Images

[ 2018-01-24T21:49:44+08:00 ] 127.0.0.1 /images/partner-img2.jpg
INFO: [ app_init ] --START--
INFO: Run Behavior\BuildLiteBehavior [ RunTime:0.000038s ]
INFO: [ app_init ] --END-- [ RunTime:0.000623s ]
ERR: æ— æ³•åŠ è½½æ¨¡å—:Images

[ 2018-01-24T21:49:44+08:00 ] 127.0.0.1 /images/partner-img1.jpg
INFO: [ app_init ] --START--
INFO: Run Behavior\BuildLiteBehavior [ RunTime:0.000036s ]
INFO: [ app_init ] --END-- [ RunTime:0.000634s ]
ERR: æ— æ³•åŠ è½½æ¨¡å—:Images

[ 2018-01-24T21:49:44+08:00 ] 127.0.0.1 /images/partner-img5.jpg
INFO: [ app_init ] --START--
INFO: Run Behavior\BuildLiteBehavior [ RunTime:0.000043s ]
INFO: [ app_init ] --END-- [ RunTime:0.000791s ]
ERR: æ— æ³•åŠ è½½æ¨¡å—:Images

[ 2018-01-24T21:49:44+08:00 ] 127.0.0.1 /images/partner-img6.jpg
INFO: [ app_init ] --START--
INFO: Run Behavior\BuildLiteBehavior [ RunTime:0.000034s ]
INFO: [ app_init ] --END-- [ RunTime:0.000641s ]
ERR: æ— æ³•åŠ è½½æ¨¡å—:Images

[ 2018-01-24T21:49:44+08:00 ] 127.0.0.1 /images/partner-img3.jpg
INFO: [ app_init ] --START--
INFO: Run Behavior\BuildLiteBehavior [ RunTime:0.000031s ]
INFO: [ app_init ] --END-- [ RunTime:0.000557s ]
ERR: æ— æ³•åŠ è½½æ¨¡å—:Images

[ 2018-01-24T21:49:44+08:00 ] 127.0.0.1 /images/partner-img8.jpg
INFO: [ app_init ] --START--
INFO: Run Behavior\BuildLiteBehavior [ RunTime:0.000057s ]
INFO: [ app_init ] --END-- [ RunTime:0.000776s ]
ERR: æ— æ³•åŠ è½½æ¨¡å—:Images

[ 2018-01-24T21:49:44+08:00 ] 127.0.0.1 /images/news-img.jpg
INFO: [ app_init ] --START--
INFO: Run Behavior\BuildLiteBehavior [ RunTime:0.000152s ]
INFO: [ app_init ] --END-- [ RunTime:0.001767s ]
ERR: æ— æ³•åŠ è½½æ¨¡å—:Images

[ 2018-01-24T21:49:44+08:00 ] 127.0.0.1 /images/partner-img10.jpg
INFO: [ app_init ] --START--
INFO: Run Behavior\BuildLiteBehavior [ RunTime:0.000033s ]
INFO: [ app_init ] --END-- [ RunTime:0.000594s ]
ERR: æ— æ³•åŠ è½½æ¨¡å—:Images

[ 2018-01-24T21:49:44+08:00 ] 127.0.0.1 /images/ren.jpg
INFO: [ app_init ] --START--
INFO: Run Behavior\BuildLiteBehavior [ RunTime:0.000046s ]
INFO: [ app_init ] --END-- [ RunTime:0.000655s ]
ERR: æ— æ³•åŠ è½½æ¨¡å—:Images

[ 2018-01-24T21:49:44+08:00 ] 127.0.0.1 /images/news-img2.jpg
INFO: [ app_init ] --START--
INFO: Run Behavior\BuildLiteBehavior [ RunTime:0.000043s ]
INFO: [ app_init ] --END-- [ RunTime:0.000600s ]
ERR: æ— æ³•åŠ è½½æ¨¡å—:Images

[ 2018-01-24T21:49:44+08:00 ] 127.0.0.1 /images/home-icon.png
INFO: [ app_init ] --START--
INFO: Run Behavior\BuildLiteBehavior [ RunTime:0.000037s ]
INFO: [ app_init ] --END-- [ RunTime:0.000589s ]
ERR: æ— æ³•åŠ è½½æ¨¡å—:Images

[ 2018-01-24T21:49:44+08:00 ] 127.0.0.1 /images/weixin.jpg
INFO: [ app_init ] --START--
INFO: Run Behavior\BuildLiteBehavior [ RunTime:0.000039s ]
INFO: [ app_init ] --END-- [ RunTime:0.000693s ]
ERR: æ— æ³•åŠ è½½æ¨¡å—:Images

[ 2018-01-24T21:49:44+08:00 ] 127.0.0.1 /images/partner-img9.jpg
INFO: [ app_init ] --START--
INFO: Run Behavior\BuildLiteBehavior [ RunTime:0.000041s ]
INFO: [ app_init ] --END-- [ RunTime:0.000631s ]
ERR: æ— æ³•åŠ è½½æ¨¡å—:Images

[ 2018-01-24T21:49:44+08:00 ] 127.0.0.1 /images/news-img3.jpg
INFO: [ app_init ] --START--
INFO: Run Behavior\BuildLiteBehavior [ RunTime:0.000038s ]
INFO: [ app_init ] --END-- [ RunTime:0.000580s ]
ERR: æ— æ³•åŠ è½½æ¨¡å—:Images

[ 2018-01-24T21:49:44+08:00 ] 127.0.0.1 /images/yu.png
INFO: [ app_init ] --START--
INFO: Run Behavior\BuildLiteBehavior [ RunTime:0.000040s ]
INFO: [ app_init ] --END-- [ RunTime:0.000850s ]
ERR: æ— æ³•åŠ è½½æ¨¡å—:Images

[ 2018-01-24T21:55:17+08:00 ] 127.0.0.1 /css/slick.css
INFO: [ app_init ] --START--
INFO: Run Behavior\BuildLiteBehavior [ RunTime:0.000041s ]
INFO: [ app_init ] --END-- [ RunTime:0.000730s ]
ERR: æ— æ³•åŠ è½½æ¨¡å—:Css

[ 2018-01-24T21:55:17+08:00 ] 127.0.0.1 /css/bootstrap.css
INFO: [ app_init ] --START--
INFO: Run Behavior\BuildLiteBehavior [ RunTime:0.000039s ]
INFO: [ app_init ] --END-- [ RunTime:0.000676s ]
ERR: æ— æ³•åŠ è½½æ¨¡å—:Css

[ 2018-01-24T21:55:17+08:00 ] 127.0.0.1 /css/jquery.mmenu.all.min.css
INFO: [ app_init ] --START--
INFO: Run Behavior\BuildLiteBehavior [ RunTime:0.000035s ]
INFO: [ app_init ] --END-- [ RunTime:0.000662s ]
ERR: æ— æ³•åŠ è½½æ¨¡å—:Css

[ 2018-01-24T21:55:17+08:00 ] 127.0.0.1 /css/style.css
INFO: [ app_init ] --START--
INFO: Run Behavior\BuildLiteBehavior [ RunTime:0.000040s ]
INFO: [ app_init ] --END-- [ RunTime:0.001624s ]
ERR: æ— æ³•åŠ è½½æ¨¡å—:Css

[ 2018-01-24T21:55:17+08:00 ] 127.0.0.1 /js/jquery.placeholder.min.js
INFO: [ app_init ] --START--
INFO: Run Behavior\BuildLiteBehavior [ RunTime:0.000039s ]
INFO: [ app_init ] --END-- [ RunTime:0.000660s ]
ERR: æ— æ³•åŠ è½½æ¨¡å—:Js

[ 2018-01-24T21:55:17+08:00 ] 127.0.0.1 /images/pro-icon.png
INFO: [ app_init ] --START--
INFO: Run Behavior\BuildLiteBehavior [ RunTime:0.000044s ]
INFO: [ app_init ] --END-- [ RunTime:0.000922s ]
ERR: æ— æ³•åŠ è½½æ¨¡å—:Images

[ 2018-01-24T21:55:17+08:00 ] 127.0.0.1 /images/icon-closed.png
INFO: [ app_init ] --START--
INFO: Run Behavior\BuildLiteBehavior [ RunTime:0.000036s ]
INFO: [ app_init ] --END-- [ RunTime:0.000734s ]
ERR: æ— æ³•åŠ è½½æ¨¡å—:Images

[ 2018-01-24T21:55:17+08:00 ] 127.0.0.1 /js/slick.min.js
INFO: [ app_init ] --START--
INFO: Run Behavior\BuildLiteBehavior [ RunTime:0.000040s ]
INFO: [ app_init ] --END-- [ RunTime:0.000714s ]
ERR: æ— æ³•åŠ è½½æ¨¡å—:Js

[ 2018-01-24T21:55:17+08:00 ] 127.0.0.1 /images/logo.png
INFO: [ app_init ] --START--
INFO: Run Behavior\BuildLiteBehavior [ RunTime:0.000038s ]
INFO: [ app_init ] --END-- [ RunTime:0.000592s ]
ERR: æ— æ³•åŠ è½½æ¨¡å—:Images

[ 2018-01-24T21:55:17+08:00 ] 127.0.0.1 /images/pro-img.jpg
INFO: [ app_init ] --START--
INFO: Run Behavior\BuildLiteBehavior [ RunTime:0.000037s ]
INFO: [ app_init ] --END-- [ RunTime:0.000599s ]
ERR: æ— æ³•åŠ è½½æ¨¡å—:Images

[ 2018-01-24T21:55:17+08:00 ] 127.0.0.1 /images/pro-img2.jpg
INFO: [ app_init ] --START--
INFO: Run Behavior\BuildLiteBehavior [ RunTime:0.000036s ]
INFO: [ app_init ] --END-- [ RunTime:0.000674s ]
ERR: æ— æ³•åŠ è½½æ¨¡å—:Images

[ 2018-01-24T21:55:17+08:00 ] 127.0.0.1 /images/pro-img4.jpg
INFO: [ app_init ] --START--
INFO: Run Behavior\BuildLiteBehavior [ RunTime:0.000033s ]
INFO: [ app_init ] --END-- [ RunTime:0.000626s ]
ERR: æ— æ³•åŠ è½½æ¨¡å—:Images

[ 2018-01-24T21:55:17+08:00 ] 127.0.0.1 /images/simg1.jpg
INFO: [ app_init ] --START--
INFO: Run Behavior\BuildLiteBehavior [ RunTime:0.000040s ]
INFO: [ app_init ] --END-- [ RunTime:0.000652s ]
ERR: æ— æ³•åŠ è½½æ¨¡å—:Images

[ 2018-01-24T21:55:17+08:00 ] 127.0.0.1 /images/simg3.jpg
INFO: [ app_init ] --START--
INFO: Run Behavior\BuildLiteBehavior [ RunTime:0.000108s ]
INFO: [ app_init ] --END-- [ RunTime:0.000761s ]
ERR: æ— æ³•åŠ è½½æ¨¡å—:Images

[ 2018-01-24T21:55:17+08:00 ] 127.0.0.1 /images/simg4.jpg
INFO: [ app_init ] --START--
INFO: Run Behavior\BuildLiteBehavior [ RunTime:0.000106s ]
INFO: [ app_init ] --END-- [ RunTime:0.000777s ]
ERR: æ— æ³•åŠ è½½æ¨¡å—:Images

[ 2018-01-24T21:55:17+08:00 ] 127.0.0.1 /images/banner.jpg
INFO: [ app_init ] --START--
INFO: Run Behavior\BuildLiteBehavior [ RunTime:0.000061s ]
INFO: [ app_init ] --END-- [ RunTime:0.000651s ]
ERR: æ— æ³•åŠ è½½æ¨¡å—:Images

[ 2018-01-24T21:55:17+08:00 ] 127.0.0.1 /js/public.js
INFO: [ app_init ] --START--
INFO: Run Behavior\BuildLiteBehavior [ RunTime:0.000037s ]
INFO: [ app_init ] --END-- [ RunTime:0.000595s ]
ERR: æ— æ³•åŠ è½½æ¨¡å—:Js

[ 2018-01-24T21:55:17+08:00 ] 127.0.0.1 /images/partner-img2.jpg
INFO: [ app_init ] --START--
INFO: Run Behavior\BuildLiteBehavior [ RunTime:0.000036s ]
INFO: [ app_init ] --END-- [ RunTime:0.000632s ]
ERR: æ— æ³•åŠ è½½æ¨¡å—:Images

[ 2018-01-24T21:55:17+08:00 ] 127.0.0.1 /images/pro-img3.jpg
INFO: [ app_init ] --START--
INFO: Run Behavior\BuildLiteBehavior [ RunTime:0.000040s ]
INFO: [ app_init ] --END-- [ RunTime:0.000606s ]
ERR: æ— æ³•åŠ è½½æ¨¡å—:Images

[ 2018-01-24T21:55:17+08:00 ] 127.0.0.1 /images/simg2.jpg
INFO: [ app_init ] --START--
INFO: Run Behavior\BuildLiteBehavior [ RunTime:0.000038s ]
INFO: [ app_init ] --END-- [ RunTime:0.000642s ]
ERR: æ— æ³•åŠ è½½æ¨¡å—:Images

ges

[ 2018-01-24T21:55:17+08:00 ] 127.0.0.1 /images/partner-img5.jpg
INFO: [ app_init ] --START--
INFO: Run Behavior\BuildLiteBehavior [ RunTime:0.000036s ]
INFO: [ app_init ] --END-- [ RunTime:0.000633s ]
ERR: æ— æ³•åŠ è½½æ¨¡å—:Images

[ 2018-01-24T21:55:17+08:00 ] 127.0.0.1 /images/partner-img1.jpg
INFO: [ app_init ] --START--
INFO: Run Behavior\BuildLiteBehavior [ RunTime:0.000037s ]
INFO: [ app_init ] --END-- [ RunTime:0.000606s ]
ERR: æ— æ³•åŠ è½½æ¨¡å—:Images

[ 2018-01-24T21:55:17+08:00 ] 127.0.0.1 /images/partner-img3.jpg
INFO: [ app_init ] --START--
INFO: Run Behavior\BuildLiteBehavior [ RunTime:0.000035s ]
INFO: [ app_init ] --END-- [ RunTime:0.000591s ]
ERR: æ— æ³•åŠ è½½æ¨¡å—:Images

[ 2018-01-24T21:55:17+08:00 ] 127.0.0.1 /images/partner-img8.jpg
INFO: [ app_init ] --START--
INFO: Run Behavior\BuildLiteBehavior [ RunTime:0.000038s ]
INFO: [ app_init ] --END-- [ RunTime:0.000616s ]
ERR: æ— æ³•åŠ è½½æ¨¡å—:Images

[ 2018-01-24T21:55:17+08:00 ] 127.0.0.1 /images/partner-img6.jpg
INFO: [ app_init ] --START--
INFO: Run Behavior\BuildLiteBehavior [ RunTime:0.000039s ]
INFO: [ app_init ] --END-- [ RunTime:0.000617s ]
ERR: æ— æ³•åŠ è½½æ¨¡å—:Images

[ 2018-01-24T21:55:17+08:00 ] 127.0.0.1 /images/partner-img9.jpg
INFO: [ app_init ] --START--
INFO: Run Behavior\BuildLiteBehavior [ RunTime:0.000043s ]
INFO: [ app_init ] --END-- [ RunTime:0.000602s ]
ERR: æ— æ³•åŠ è½½æ¨¡å—:Images

[ 2018-01-24T21:55:17+08:00 ] 127.0.0.1 /images/code.jpg
INFO: [ app_init ] --START--
INFO: Run Behavior\BuildLiteBehavior [ RunTime:0.000038s ]
INFO: [ app_init ] --END-- [ RunTime:0.000612s ]
ERR: æ— æ³•åŠ è½½æ¨¡å—:Images

[ 2018-01-24T21:55:17+08:00 ] 127.0.0.1 /images/partner-img10.jpg
INFO: [ app_init ] --START--
INFO: Run Behavior\BuildLiteBehavior [ RunTime:0.000040s ]
INFO: [ app_init ] --END-- [ RunTime:0.000705s ]
ERR: æ— æ³•åŠ è½½æ¨¡å—:Images

[ 2018-01-24T21:55:17+08:00 ] 127.0.0.1 /images/news-img2.jpg
INFO: [ app_init ] --START--
INFO: Run Behavior\BuildLiteBehavior [ RunTime:0.000041s ]
INFO: [ app_init ] --END-- [ RunTime:0.000593s ]
ERR: æ— æ³•åŠ è½½æ¨¡å—:Images

[ 2018-01-24T21:55:17+08:00 ] 127.0.0.1 /images/news-img3.jpg
INFO: [ app_init ] --START--
INFO: Run Behavior\BuildLiteBehavior [ RunTime:0.000037s ]
INFO: [ app_init ] --END-- [ RunTime:0.000590s ]
ERR: æ— æ³•åŠ è½½æ¨¡å—:Images

[ 2018-01-24T21:55:17+08:00 ] 127.0.0.1 /images/weixin.jpg
INFO: [ app_init ] --START--
INFO: Run Behavior\BuildLiteBehavior [ RunTime:0.000057s ]
INFO: [ app_init ] --END-- [ RunTime:0.000844s ]
ERR: æ— æ³•åŠ è½½æ¨¡å—:Images

[ 2018-01-24T21:55:17+08:00 ] 127.0.0.1 /images/news-img.jpg
INFO: [ app_init ] --START--
INFO: Run Behavior\BuildLiteBehavior [ RunTime:0.000038s ]
INFO: [ app_init ] --END-- [ RunTime:0.000604s ]
ERR: æ— æ³•åŠ è½½æ¨¡å—:Images

[ 2018-01-24T21:55:17+08:00 ] 127.0.0.1 /images/ren.jpg
INFO: [ app_init ] --START--
INFO: Run Behavior\BuildLiteBehavior [ RunTime:0.000035s ]
INFO: [ app_init ] --END-- [ RunTime:0.000905s ]
ERR: æ— æ³•åŠ è½½æ¨¡å—:Images

[ 2018-01-24T21:55:17+08:00 ] 127.0.0.1 /images/yu.png
INFO: [ app_init ] --START--
INFO: Run Behavior\BuildLiteBehavior [ RunTime:0.000036s ]
INFO: [ app_init ] --END-- [ RunTime:0.000709s ]
ERR: æ— æ³•åŠ è½½æ¨¡å—:Images

[ 2018-01-24T21:55:18+08:00 ] 127.0.0.1 /images/home-icon.png
INFO: [ app_init ] --START--
INFO: Run Behavior\BuildLiteBehavior [ RunTime:0.000040s ]
INFO: [ app_init ] --END-- [ RunTime:0.000936s ]
ERR: æ— æ³•åŠ è½½æ¨¡å—:Images

[ 2018-01-24T21:55:18+08:00 ] 127.0.0.1 /js/jquery.placeholder.min.js
INFO: [ app_init ] --START--
INFO: Run Behavior\BuildLiteBehavior [ RunTime:0.000055s ]
INFO: [ app_init ] --END-- [ RunTime:0.001024s ]
ERR: æ— æ³•åŠ è½½æ¨¡å—:Js

[ 2018-01-24T21:56:43+08:00 ] 127.0.0.1 /js/jquery.placeholder.min.js
INFO: [ app_init ] --START--
INFO: Run Behavior\BuildLiteBehavior [ RunTime:0.000141s ]
INFO: [ app_init ] --END-- [ RunTime:0.001771s ]
ERR: æ— æ³•åŠ è½½æ¨¡å—:Js

[ 2018-01-24T21:56:43+08:00 ] 127.0.0.1 /js/slick.min.js
INFO: [ app_init ] --START--
INFO: Run Behavior\BuildLiteBehavior [ RunTime:0.000040s ]
INFO: [ app_init ] --END-- [ RunTime:0.000648s ]
ERR: æ— æ³•åŠ è½½æ¨¡å—:Js

[ 2018-01-24T21:56:43+08:00 ] 127.0.0.1 /js/public.js
INFO: [ app_init ] --START--
INFO: Run Behavior\BuildLiteBehavior [ RunTime:0.000039s ]
INFO: [ app_init ] --END-- [ RunTime:0.000594s ]
ERR: æ— æ³•åŠ è½½æ¨¡å—:Js

[ 2018-01-24T21:56:43+08:00 ] 127.0.0.1 /images/logo.png
INFO: [ app_init ] --START--
INFO: Run Behavior\BuildLiteBehavior [ RunTime:0.000072s ]
INFO: [ app_init ] --END-- [ RunTime:0.000636s ]
ERR: æ— æ³•åŠ è½½æ¨¡å—:Images

[ 2018-01-24T21:56:43+08:00 ] 127.0.0.1 /images/banner.jpg
INFO: [ app_init ] --START--
INFO: Run Behavior\BuildLiteBehavior [ RunTime:0.000043s ]
INFO: [ app_init ] --END-- [ RunTime:0.000796s ]
ERR: æ— æ³•åŠ è½½æ¨¡å—:Images

[ 2018-01-24T21:56:43+08:00 ] 127.0.0.1 /images/pro-img.jpg
INFO: [ app_init ] --START--
INFO: Run Behavior\BuildLiteBehavior [ RunTime:0.000038s ]
INFO: [ app_init ] --END-- [ RunTime:0.000705s ]
ERR: æ— æ³•åŠ è½½æ¨¡å—:Images

[ 2018-01-24T21:56:43+08:00 ] 127.0.0.1 /images/pro-img5.jpg
INFO: [ app_init ] --START--
INFO: Run Behavior\BuildLiteBehavior [ RunTime:0.000222s ]
INFO: [ app_init ] --END-- [ RunTime:0.001453s ]
ERR: æ— æ³•åŠ è½½æ¨¡å—:Images

[ 2018-01-24T21:56:43+08:00 ] 127.0.0.1 /images/pro-img4.jpg
INFO: [ app_init ] --START--
INFO: Run Behavior\BuildLiteBehavior [ RunTime:0.000038s ]
INFO: [ app_init ] --END-- [ RunTime:0.000895s ]
ERR: æ— æ³•åŠ è½½æ¨¡å—:Images

[ 2018-01-24T21:56:43+08:00 ] 127.0.0.1 /images/simg1.jpg
INFO: [ app_init ] --START--
INFO: Run Behavior\BuildLiteBehavior [ RunTime:0.000039s ]
INFO: [ app_init ] --END-- [ RunTime:0.000713s ]
ERR: æ— æ³•åŠ è½½æ¨¡å—:Images

[ 2018-01-24T21:56:43+08:00 ] 127.0.0.1 /images/pro-img3.jpg
INFO: [ app_init ] --START--
INFO: Run Behavior\BuildLiteBehavior [ RunTime:0.000129s ]
INFO: [ app_init ] --END-- [ RunTime:0.001186s ]
ERR: æ— æ³•åŠ è½½æ¨¡å—:Images

[ 2018-01-24T21:56:43+08:00 ] 127.0.0.1 /images/simg3.jpg
INFO: [ app_init ] --START--
INFO: Run Behavior\BuildLiteBehavior [ RunTime:0.000074s ]
INFO: [ app_init ] --END-- [ RunTime:0.002082s ]
ERR: æ— æ³•åŠ è½½æ¨¡å—:Images

[ 2018-01-24T21:56:43+08:00 ] 127.0.0.1 /images/simg4.jpg
INFO: [ app_init ] --START--
INFO: Run Behavior\BuildLiteBehavior [ RunTime:0.000038s ]
INFO: [ app_init ] --END-- [ RunTime:0.000674s ]
ERR: æ— æ³•åŠ è½½æ¨¡å—:Images

[ 2018-01-24T21:56:43+08:00 ] 127.0.0.1 /images/icon-closed.png
INFO: [ app_init ] --START--
INFO: Run Behavior\BuildLiteBehavior [ RunTime:0.000040s ]
INFO: [ app_init ] --END-- [ RunTime:0.000924s ]
ERR: æ— æ³•åŠ è½½æ¨¡å—:Images

[ 2018-01-24T21:56:43+08:00 ] 127.0.0.1 /images/partner-img3.jpg
INFO: [ app_init ] --START--
INFO: Run Behavior\BuildLiteBehavior [ RunTime:0.000041s ]
INFO: [ app_init ] --END-- [ RunTime:0.000774s ]
ERR: æ— æ³•åŠ è½½æ¨¡å—:Images

[ 2018-01-24T21:56:43+08:00 ] 127.0.0.1 /images/pro-icon.png
INFO: [ app_init ] --START--
INFO: Run Behavior\BuildLiteBehavior [ RunTime:0.000041s ]
INFO: [ app_init ] --END-- [ RunTime:0.080020s ]
ERR: æ— æ³•åŠ è½½æ¨¡å—:Images

[ 2018-01-24T21:56:43+08:00 ] 127.0.0.1 /images/simg2.jpg
INFO: [ app_init ] --START--
INFO: Run Behavior\BuildLiteBehavior [ RunTime:0.000035s ]
INFO: [ app_init ] --END-- [ RunTime:0.000712s ]
ERR: æ— æ³•åŠ è½½æ¨¡å—:Images

[ 2018-01-24T21:56:43+08:00 ] 127.0.0.1 /images/pro-img2.jpg
INFO: [ app_init ] --START--
INFO: Run Behavior\BuildLiteBehavior [ RunTime:0.000042s ]
INFO: [ app_init ] --END-- [ RunTime:0.000667s ]
ERR: æ— æ³•åŠ è½½æ¨¡å—:Images

[ 2018-01-24T21:56:43+08:00 ] 127.0.0.1 /images/partner-img7.jpg
INFO: [ app_init ] --START--
INFO: Run Behavior\BuildLiteBehavior [ RunTime:0.000037s ]
INFO: [ app_init ] --END-- [ RunTime:0.000629s ]
ERR: æ— æ³•åŠ è½½æ¨¡å—:Images

[ 2018-01-24T21:56:43+08:00 ] 127.0.0.1 /images/partner-img2.jpg
INFO: [ app_init ] --START--
INFO: Run Behavior\BuildLiteBehavior [ RunTime:0.000053s ]
INFO: [ app_init ] --END-- [ RunTime:0.000905s ]
ERR: æ— æ³•åŠ è½½æ¨¡å—:Images

[ 2018-01-24T21:56:43+08:00 ] 127.0.0.1 /images/partner-img8.jpg
INFO: [ app_init ] --START--
INFO: Run Behavior\BuildLiteBehavior [ RunTime:0.000037s ]
INFO: [ app_init ] --END-- [ RunTime:0.000816s ]
ERR: æ— æ³•åŠ è½½æ¨¡å—:Images

[ 2018-01-24T21:56:43+08:00 ] 127.0.0.1 /images/partner-img5.jpg
INFO: [ app_init ] --START--
INFO: Run Behavior\BuildLiteBehavior [ RunTime:0.000116s ]
INFO: [ app_init ] --END-- [ RunTime:0.000720s ]
ERR: æ— æ³•åŠ è½½æ¨¡å—:Images

[ 2018-01-24T21:56:43+08:00 ] 127.0.0.1 /images/partner-img6.jpg
INFO: [ app_init ] --START--
INFO: Run Behavior\BuildLiteBehavior [ RunTime:0.000036s ]
INFO: [ app_init ] --END-- [ RunTime:0.056306s ]
ERR: æ— æ³•åŠ è½½æ¨¡å—:Images

[ 2018-01-24T21:56:43+08:00 ] 127.0.0.1 /images/partner-img4.jpg
INFO: [ app_init ] --START--
INFO: Run Behavior\BuildLiteBehavior [ RunTime:0.000038s ]
INFO: [ app_init ] --END-- [ RunTime:0.000672s ]
ERR: æ— æ³•åŠ è½½æ¨¡å—:Images

[ 2018-01-24T21:56:43+08:00 ] 127.0.0.1 /images/ren.jpg
INFO: [ app_init ] --START--
INFO: Run Behavior\BuildLiteBehavior [ RunTime:0.000042s ]
INFO: [ app_init ] --END-- [ RunTime:0.000622s ]
ERR: æ— æ³•åŠ è½½æ¨¡å—:Images

[ 2018-01-24T21:56:43+08:00 ] 127.0.0.1 /images/partner-img1.jpg
INFO: [ app_init ] --START--
INFO: Run Behavior\BuildLiteBehavior [ RunTime:0.000032s ]
INFO: [ app_init ] --END-- [ RunTime:0.000618s ]
ERR: æ— æ³•åŠ è½½æ¨¡å—:Images

[ 2018-01-24T21:56:43+08:00 ] 127.0.0.1 /images/news-img.jpg
INFO: [ app_init ] --START--
INFO: Run Behavior\BuildLiteBehavior [ RunTime:0.000050s ]
INFO: [ app_init ] --END-- [ RunTime:0.000730s ]
ERR: æ— æ³•åŠ è½½æ¨¡å—:Images

[ 2018-01-24T21:56:43+08:00 ] 127.0.0.1 /images/news-img3.jpg
INFO: [ app_init ] --START--
INFO: Run Behavior\BuildLiteBehavior [ RunTime:0.000038s ]
INFO: [ app_init ] --END-- [ RunTime:0.000621s ]
ERR: æ— æ³•åŠ è½½æ¨¡å—:Images

[ 2018-01-24T21:56:43+08:00 ] 127.0.0.1 /images/home-icon.png
INFO: [ app_init ] --START--
INFO: Run Behavior\BuildLiteBehavior [ RunTime:0.000042s ]
INFO: [ app_init ] --END-- [ RunTime:0.000885s ]
ERR: æ— æ³•åŠ è½½æ¨¡å—:Images

[ 2018-01-24T21:56:43+08:00 ] 127.0.0.1 /images/yu.png
INFO: [ app_init ] --START--
INFO: Run Behavior\BuildLiteBehavior [ RunTime:0.000032s ]
INFO: [ app_init ] --END-- [ RunTime:0.000575s ]
ERR: æ— æ³•åŠ è½½æ¨¡å—:Images

[ 2018-01-24T21:56:43+08:00 ] 127.0.0.1 /images/partner-img10.jpg
INFO: [ app_init ] --START--
INFO: Run Behavior\BuildLiteBehavior [ RunTime:0.000037s ]
INFO: [ app_init ] --END-- [ RunTime:0.000585s ]
ERR: æ— æ³•åŠ è½½æ¨¡å—:Images

[ 2018-01-24T21:56:43+08:00 ] 127.0.0.1 /images/weixin.jpg
INFO: [ app_init ] --START--
INFO: Run Behavior\BuildLiteBehavior [ RunTime:0.000039s ]
INFO: [ app_init ] --END-- [ RunTime:0.012388s ]
ERR: æ— æ³•åŠ è½½æ¨¡å—:Images

[ 2018-01-24T21:56:43+08:00 ] 127.0.0.1 /js/jquery.placeholder.min.js
INFO: [ app_init ] --START--
INFO: Run Behavior\BuildLiteBehavior [ RunTime:0.000034s ]
INFO: [ app_init ] --END-- [ RunTime:0.000596s ]
ERR: æ— æ³•åŠ è½½æ¨¡å—:Js

[ 2018-01-24T21:56:43+08:00 ] 127.0.0.1 /images/code.jpg
INFO: [ app_init ] --START--
INFO: Run Behavior\BuildLiteBehavior [ RunTime:0.000086s ]
INFO: [ app_init ] --END-- [ RunTime:0.000976s ]
ERR: æ— æ³•åŠ è½½æ¨¡å—:Images

[ 2018-01-24T21:56:43+08:00 ] 127.0.0.1 /public/css/home/images/home-bg.jpg
INFO: [ app_init ] --START--
INFO: Run Behavior\BuildLiteBehavior [ RunTime:0.000039s ]
INFO: [ app_init ] --END-- [ RunTime:0.000750s ]
ERR: æ— æ³•åŠ è½½æ¨¡å—:Public

[ 2018-01-24T21:56:43+08:00 ] 127.0.0.1 /images/news-img2.jpg
INFO: [ app_init ] --START--
INFO: Run Behavior\BuildLiteBehavior [ RunTime:0.000036s ]
INFO: [ app_init ] --END-- [ RunTime:0.000683s ]
ERR: æ— æ³•åŠ è½½æ¨¡å—:Images

[ 2018-01-24T21:56:43+08:00 ] 127.0.0.1 /public/css/home/images/home-tm.png
INFO: [ app_init ] --START--
INFO: Run Behavior\BuildLiteBehavior [ RunTime:0.000044s ]
INFO: [ app_init ] --END-- [ RunTime:0.017095s ]
ERR: æ— æ³•åŠ è½½æ¨¡å—:Public

[ 2018-01-24T21:57:53+08:00 ] 127.0.0.1 /js/jquery.placeholder.min.js
INFO: [ app_init ] --START--
INFO: Run Behavior\BuildLiteBehavior [ RunTime:0.000043s ]
INFO: [ app_init ] --END-- [ RunTime:0.000869s ]
ERR: æ— æ³•åŠ è½½æ¨¡å—:Js

[ 2018-01-24T21:57:53+08:00 ] 127.0.0.1 /js/public.js
INFO: [ app_init ] --START--
INFO: Run Behavior\BuildLiteBehavior [ RunTime:0.000040s ]
INFO: [ app_init ] --END-- [ RunTime:0.000690s ]
ERR: æ— æ³•åŠ è½½æ¨¡å—:Js

[ 2018-01-24T21:57:53+08:00 ] 127.0.0.1 /images/pro-img.jpg
INFO: [ app_init ] --START--
INFO: Run Behavior\BuildLiteBehavior [ RunTime:0.000041s ]
INFO: [ app_init ] --END-- [ RunTime:0.000581s ]
ERR: æ— æ³•åŠ è½½æ¨¡å—:Images

[ 2018-01-24T21:57:53+08:00 ] 127.0.0.1 /images/banner.jpg
INFO: [ app_init ] --START--
INFO: Run Behavior\BuildLiteBehavior [ RunTime:0.000038s ]
INFO: [ app_init ] --END-- [ RunTime:0.000585s ]
ERR: æ— æ³•åŠ è½½æ¨¡å—:Images

[ 2018-01-24T21:57:53+08:00 ] 127.0.0.1 /images/pro-img2.jpg
INFO: [ app_init ] --START--
INFO: Run Behavior\BuildLiteBehavior [ RunTime:0.000036s ]
INFO: [ app_init ] --END-- [ RunTime:0.000613s ]
ERR: æ— æ³•åŠ è½½æ¨¡å—:Images

[ 2018-01-24T21:57:53+08:00 ] 127.0.0.1 /images/pro-icon.png
INFO: [ app_init ] --START--
INFO: Run Behavior\BuildLiteBehavior [ RunTime:0.000040s ]
INFO: [ app_init ] --END-- [ RunTime:0.000706s ]
ERR: æ— æ³•åŠ è½½æ¨¡å—:Images

[ 2018-01-24T21:57:53+08:00 ] 127.0.0.1 /images/pro-img3.jpg
INFO: [ app_init ] --START--
INFO: Run Behavior\BuildLiteBehavior [ RunTime:0.000040s ]
INFO: [ app_init ] --END-- [ RunTime:0.000813s ]
ERR: æ— æ³•åŠ è½½æ¨¡å—:Images

[ 2018-01-24T21:57:53+08:00 ] 127.0.0.1 /images/pro-img4.jpg
INFO: [ app_init ] --START--
INFO: Run Behavior\BuildLiteBehavior [ RunTime:0.000037s ]
INFO: [ app_init ] --END-- [ RunTime:0.000606s ]
ERR: æ— æ³•åŠ è½½æ¨¡å—:Images

[ 2018-01-24T21:57:53+08:00 ] 127.0.0.1 /images/pro-img5.jpg
INFO: [ app_init ] --START--
INFO: Run Behavior\BuildLiteBehavior [ RunTime:0.000040s ]
INFO: [ app_init ] --END-- [ RunTime:0.000644s ]
ERR: æ— æ³•åŠ è½½æ¨¡å—:Images

[ 2018-01-24T21:57:53+08:00 ] 127.0.0.1 /images/icon-closed.png
INFO: [ app_init ] --START--
INFO: Run Behavior\BuildLiteBehavior [ RunTime:0.000040s ]
INFO: [ app_init ] --END-- [ RunTime:0.001316s ]
ERR: æ— æ³•åŠ è½½æ¨¡å—:Images

[ 2018-01-24T21:57:53+08:00 ] 127.0.0.1 /images/simg3.jpg
INFO: [ app_init ] --START--
INFO: Run Behavior\BuildLiteBehavior [ RunTime:0.000038s ]
INFO: [ app_init ] --END-- [ RunTime:0.000621s ]
ERR: æ— æ³•åŠ è½½æ¨¡å—:Images

[ 2018-01-24T21:57:53+08:00 ] 127.0.0.1 /images/simg4.jpg
INFO: [ app_init ] --START--
INFO: Run Behavior\BuildLiteBehavior [ RunTime:0.000038s ]
INFO: [ app_init ] --END-- [ RunTime:0.000649s ]
ERR: æ— æ³•åŠ è½½æ¨¡å—:Images

[ 2018-01-24T21:57:53+08:00 ] 127.0.0.1 /images/partner-img3.jpg
INFO: [ app_init ] --START--
INFO: Run Behavior\BuildLiteBehavior [ RunTime:0.000042s ]
INFO: [ app_init ] --END-- [ RunTime:0.000633s ]
ERR: æ— æ³•åŠ è½½æ¨¡å—:Images

[ 2018-01-24T21:57:53+08:00 ] 127.0.0.1 /images/partner-img2.jpg
INFO: [ app_init ] --START--
INFO: Run Behavior\BuildLiteBehavior [ RunTime:0.000038s ]
INFO: [ app_init ] --END-- [ RunTime:0.000720s ]
ERR: æ— æ³•åŠ è½½æ¨¡å—:Images

[ 2018-01-24T21:57:53+08:00 ] 127.0.0.1 /images/partner-img4.jpg
INFO: [ app_init ] --START--
INFO: Run Behavior\BuildLiteBehavior [ RunTime:0.000045s ]
INFO: [ app_init ] --END-- [ RunTime:0.000695s ]
ERR: æ— æ³•åŠ è½½æ¨¡å—:Images

[ 2018-01-24T21:57:53+08:00 ] 127.0.0.1 /images/simg2.jpg
INFO: [ app_init ] --START--
INFO: Run Behavior\BuildLiteBehavior [ RunTime:0.000038s ]
INFO: [ app_init ] --END-- [ RunTime:0.052146s ]
ERR: æ— æ³•åŠ è½½æ¨¡å—:Images

[ 2018-01-24T21:57:53+08:00 ] 127.0.0.1 /images/simg1.jpg
INFO: [ app_init ] --START--
INFO: Run Behavior\BuildLiteBehavior [ RunTime:0.000157s ]
INFO: [ app_init ] --END-- [ RunTime:0.002753s ]
ERR: æ— æ³•åŠ è½½æ¨¡å—:Images

[ 2018-01-24T21:57:53+08:00 ] 127.0.0.1 /images/partner-img7.jpg
INFO: [ app_init ] --START--
INFO: Run Behavior\BuildLiteBehavior [ RunTime:0.000039s ]
INFO: [ app_init ] --END-- [ RunTime:0.000746s ]
ERR: æ— æ³•åŠ è½½æ¨¡å—:Images

[ 2018-01-24T21:57:53+08:00 ] 127.0.0.1 /images/partner-img5.jpg
INFO: [ app_init ] --START--
INFO: Run Behavior\BuildLiteBehavior [ RunTime:0.000039s ]
INFO: [ app_init ] --END-- [ RunTime:0.000625s ]
ERR: æ— æ³•åŠ è½½æ¨¡å—:Images

[ 2018-01-24T21:57:53+08:00 ] 127.0.0.1 /images/partner-img9.jpg
INFO: [ app_init ] --START--
INFO: Run Behavior\BuildLiteBehavior [ RunTime:0.000039s ]
INFO: [ app_init ] --END-- [ RunTime:0.000639s ]
ERR: æ— æ³•åŠ è½½æ¨¡å—:Images

[ 2018-01-24T21:57:53+08:00 ] 127.0.0.1 /images/partner-img10.jpg
INFO: [ app_init ] --START--
INFO: Run Behavior\BuildLiteBehavior [ RunTime:0.000040s ]
INFO: [ app_init ] --END-- [ RunTime:0.001269s ]
ERR: æ— æ³•åŠ è½½æ¨¡å—:Images

[ 2018-01-24T21:57:53+08:00 ] 127.0.0.1 /images/partner-img6.jpg
INFO: [ app_init ] --START--
INFO: Run Behavior\BuildLiteBehavior [ RunTime:0.000041s ]
INFO: [ app_init ] --END-- [ RunTime:0.000868s ]
ERR: æ— æ³•åŠ è½½æ¨¡å—:Images

[ 2018-01-24T21:57:53+08:00 ] 127.0.0.1 /images/ren.jpg
INFO: [ app_init ] --START--
INFO: Run Behavior\BuildLiteBehavior [ RunTime:0.000046s ]
INFO: [ app_init ] --END-- [ RunTime:0.000666s ]
ERR: æ— æ³•åŠ è½½æ¨¡å—:Images

[ 2018-01-24T21:57:53+08:00 ] 127.0.0.1 /images/partner-img1.jpg
INFO: [ app_init ] --START--
INFO: Run Behavior\BuildLiteBehavior [ RunTime:0.000055s ]
INFO: [ app_init ] --END-- [ RunTime:0.001024s ]
ERR: æ— æ³•åŠ è½½æ¨¡å—:Images

[ 2018-01-24T21:57:53+08:00 ] 127.0.0.1 /images/news-img2.jpg
INFO: [ app_init ] --START--
INFO: Run Behavior\BuildLiteBehavior [ RunTime:0.000040s ]
INFO: [ app_init ] --END-- [ RunTime:0.000678s ]
ERR: æ— æ³•åŠ è½½æ¨¡å—:Images

[ 2018-01-24T21:57:53+08:00 ] 127.0.0.1 /images/partner-img8.jpg
INFO: [ app_init ] --START--
INFO: Run Behavior\BuildLiteBehavior [ RunTime:0.000038s ]
INFO: [ app_init ] --END-- [ RunTime:0.000757s ]
ERR: æ— æ³•åŠ è½½æ¨¡å—:Images

[ 2018-01-24T21:57:53+08:00 ] 127.0.0.1 /images/news-img3.jpg
INFO: [ app_init ] --START--
INFO: Run Behavior\BuildLiteBehavior [ RunTime:0.000049s ]
INFO: [ app_init ] --END-- [ RunTime:0.001052s ]
ERR: æ— æ³•åŠ è½½æ¨¡å—:Images

[ 2018-01-24T21:57:53+08:00 ] 127.0.0.1 /images/code.jpg
INFO: [ app_init ] --START--
INFO: Run Behavior\BuildLiteBehavior [ RunTime:0.000039s ]
INFO: [ app_init ] --END-- [ RunTime:0.000821s ]
ERR: æ— æ³•åŠ è½½æ¨¡å—:Images

[ 2018-01-24T21:57:53+08:00 ] 127.0.0.1 /images/yu.png
INFO: [ app_init ] --START--
INFO: Run Behavior\BuildLiteBehavior [ RunTime:0.000040s ]
INFO: [ app_init ] --END-- [ RunTime:0.000599s ]
ERR: æ— æ³•åŠ è½½æ¨¡å—:Images

[ 2018-01-24T21:57:53+08:00 ] 127.0.0.1 /js/jquery.placeholder.min.js
INFO: [ app_init ] --START--
INFO: Run Behavior\BuildLiteBehavior [ RunTime:0.000036s ]
INFO: [ app_init ] --END-- [ RunTime:0.000601s ]
ERR: æ— æ³•åŠ è½½æ¨¡å—:Js

[ 2018-01-24T21:57:53+08:00 ] 127.0.0.1 /images/news-img.jpg
INFO: [ app_init ] --START--
INFO: Run Behavior\BuildLiteBehavior [ RunTime:0.000040s ]
INFO: [ app_init ] --END-- [ RunTime:0.000979s ]
ERR: æ— æ³•åŠ è½½æ¨¡å—:Images

[ 2018-01-24T21:57:53+08:00 ] 127.0.0.1 /images/home-icon.png
INFO: [ app_init ] --START--
INFO: Run Behavior\BuildLiteBehavior [ RunTime:0.000048s ]
INFO: [ app_init ] --END-- [ RunTime:0.000660s ]
ERR: æ— æ³•åŠ è½½æ¨¡å—:Images

[ 2018-01-24T21:57:53+08:00 ] 127.0.0.1 /Public/css/home/images/home-tm.png
INFO: [ app_init ] --START--
INFO: Run Behavior\BuildLiteBehavior [ RunTime:0.000040s ]
INFO: [ app_init ] --END-- [ RunTime:0.000629s ]
ERR: æ— æ³•åŠ è½½æ¨¡å—:Public

[ 2018-01-24T21:57:53+08:00 ] 127.0.0.1 /images/weixin.jpg
INFO: [ app_init ] --START--
INFO: Run Behavior\BuildLiteBehavior [ RunTime:0.000035s ]
INFO: [ app_init ] --END-- [ RunTime:0.000601s ]
ERR: æ— æ³•åŠ è½½æ¨¡å—:Images

[ 2018-01-24T21:57:53+08:00 ] 127.0.0.1 /Public/css/home/images/home-bg.jpg
INFO: [ app_init ] --START--
INFO: Run Behavior\BuildLiteBehavior [ RunTime:0.000059s ]
INFO: [ app_init ] --END-- [ RunTime:0.000849s ]
ERR: æ— æ³•åŠ è½½æ¨¡å—:Public

[ 2018-01-24T21:57:58+08:00 ] 127.0.0.1 /proshow.html
INFO: [ app_init ] --START--
INFO: Run Behavior\BuildLiteBehavior [ RunTime:0.000022s ]
INFO: [ app_init ] --END-- [ RunTime:0.000421s ]
ERR: æ— æ³•åŠ è½½æ¨¡å—:Proshow

[ 2018-01-24T21:59:53+08:00 ] 127.0.0.1 /js/public.js
INFO: [ app_init ] --START--
INFO: Run Behavior\BuildLiteBehavior [ RunTime:0.000037s ]
INFO: [ app_init ] --END-- [ RunTime:0.000602s ]
ERR: æ— æ³•åŠ è½½æ¨¡å—:Js

[ 2018-01-24T21:59:53+08:00 ] 127.0.0.1 /images/icon-closed.png
INFO: [ app_init ] --START--
INFO: Run Behavior\BuildLiteBehavior [ RunTime:0.000040s ]
INFO: [ app_init ] --END-- [ RunTime:0.000714s ]
ERR: æ— æ³•åŠ è½½æ¨¡å—:Images

[ 2018-01-24T21:59:53+08:00 ] 127.0.0.1 /js/jquery.placeholder.min.js
INFO: [ app_init ] --START--
INFO: Run Behavior\BuildLiteBehavior [ RunTime:0.000044s ]
INFO: [ app_init ] --END-- [ RunTime:0.000733s ]
ERR: æ— æ³•åŠ è½½æ¨¡å—:Js

[ 2018-01-24T21:59:53+08:00 ] 127.0.0.1 /images/pro-img.jpg
INFO: [ app_init ] --START--
INFO: Run Behavior\BuildLiteBehavior [ RunTime:0.000037s ]
INFO: [ app_init ] --END-- [ RunTime:0.000572s ]
ERR: æ— æ³•åŠ è½½æ¨¡å—:Images

[ 2018-01-24T21:59:53+08:00 ] 127.0.0.1 /images/pro-icon.png
INFO: [ app_init ] --START--
INFO: Run Behavior\BuildLiteBehavior [ RunTime:0.000039s ]
INFO: [ app_init ] --END-- [ RunTime:0.000748s ]
ERR: æ— æ³•åŠ è½½æ¨¡å—:Images

[ 2018-01-24T21:59:53+08:00 ] 127.0.0.1 /images/pro-img2.jpg
INFO: [ app_init ] --START--
INFO: Run Behavior\BuildLiteBehavior [ RunTime:0.000040s ]
INFO: [ app_init ] --END-- [ RunTime:0.001095s ]
ERR: æ— æ³•åŠ è½½æ¨¡å—:Images

[ 2018-01-24T21:59:53+08:00 ] 127.0.0.1 /images/pro-img3.jpg
INFO: [ app_init ] --START--
INFO: Run Behavior\BuildLiteBehavior [ RunTime:0.000039s ]
INFO: [ app_init ] --END-- [ RunTime:0.000623s ]
ERR: æ— æ³•åŠ è½½æ¨¡å—:Images

[ 2018-01-24T21:59:53+08:00 ] 127.0.0.1 /images/logo.png
INFO: [ app_init ] --START--
INFO: Run Behavior\BuildLiteBehavior [ RunTime:0.000039s ]
INFO: [ app_init ] --END-- [ RunTime:0.000708s ]
ERR: æ— æ³•åŠ è½½æ¨¡å—:Images

[ 2018-01-24T21:59:53+08:00 ] 127.0.0.1 /images/pro-img4.jpg
INFO: [ app_init ] --START--
INFO: Run Behavior\BuildLiteBehavior [ RunTime:0.000045s ]
INFO: [ app_init ] --END-- [ RunTime:0.000648s ]
ERR: æ— æ³•åŠ è½½æ¨¡å—:Images

[ 2018-01-24T21:59:53+08:00 ] 127.0.0.1 /js/slick.min.js
INFO: [ app_init ] --START--
INFO: Run Behavior\BuildLiteBehavior [ RunTime:0.000039s ]
INFO: [ app_init ] --END-- [ RunTime:0.000743s ]
ERR: æ— æ³•åŠ è½½æ¨¡å—:Js

[ 2018-01-24T21:59:53+08:00 ] 127.0.0.1 /images/pro-img5.jpg
INFO: [ app_init ] --START--
INFO: Run Behavior\BuildLiteBehavior [ RunTime:0.000040s ]
INFO: [ app_init ] --END-- [ RunTime:0.000654s ]
ERR: æ— æ³•åŠ è½½æ¨¡å—:Images

[ 2018-01-24T21:59:53+08:00 ] 127.0.0.1 /images/simg2.jpg
INFO: [ app_init ] --START--
INFO: Run Behavior\BuildLiteBehavior [ RunTime:0.000041s ]
INFO: [ app_init ] --END-- [ RunTime:0.000614s ]
ERR: æ— æ³•åŠ è½½æ¨¡å—:Images

[ 2018-01-24T21:59:53+08:00 ] 127.0.0.1 /images/simg3.jpg
INFO: [ app_init ] --START--
INFO: Run Behavior\BuildLiteBehavior [ RunTime:0.000040s ]
INFO: [ app_init ] --END-- [ RunTime:0.000704s ]
ERR: æ— æ³•åŠ è½½æ¨¡å—:Images

[ 2018-01-24T21:59:53+08:00 ] 127.0.0.1 /images/partner-img3.jpg
INFO: [ app_init ] --START--
INFO: Run Behavior\BuildLiteBehavior [ RunTime:0.000038s ]
INFO: [ app_init ] --END-- [ RunTime:0.000645s ]
ERR: æ— æ³•åŠ è½½æ¨¡å—:Images

[ 2018-01-24T21:59:53+08:00 ] 127.0.0.1 /images/partner-img1.jpg
INFO: [ app_init ] --START--
INFO: Run Behavior\BuildLiteBehavior [ RunTime:0.000041s ]
INFO: [ app_init ] --END-- [ RunTime:0.000640s ]
ERR: æ— æ³•åŠ è½½æ¨¡å—:Images

[ 2018-01-24T21:59:53+08:00 ] 127.0.0.1 /images/banner.jpg
INFO: [ app_init ] --START--
INFO: Run Behavior\BuildLiteBehavior [ RunTime:0.000037s ]
INFO: [ app_init ] --END-- [ RunTime:0.000650s ]
ERR: æ— æ³•åŠ è½½æ¨¡å—:Images

[ 2018-01-24T21:59:53+08:00 ] 127.0.0.1 /images/partner-img2.jpg
INFO: [ app_init ] --START--
INFO: Run Behavior\BuildLiteBehavior [ RunTime:0.000090s ]
INFO: [ app_init ] --END-- [ RunTime:0.001016s ]
ERR: æ— æ³•åŠ è½½æ¨¡å—:Images

[ 2018-01-24T21:59:53+08:00 ] 127.0.0.1 /images/partner-img5.jpg
INFO: [ app_init ] --START--
INFO: Run Behavior\BuildLiteBehavior [ RunTime:0.000038s ]
INFO: [ app_init ] --END-- [ RunTime:0.000633s ]
ERR: æ— æ³•åŠ è½½æ¨¡å—:Images

[ 2018-01-24T21:59:53+08:00 ] 127.0.0.1 /images/partner-img6.jpg
INFO: [ app_init ] --START--
INFO: Run Behavior\BuildLiteBehavior [ RunTime:0.000047s ]
INFO: [ app_init ] --END-- [ RunTime:0.000657s ]
ERR: æ— æ³•åŠ è½½æ¨¡å—:Images

[ 2018-01-24T21:59:53+08:00 ] 127.0.0.1 /images/simg4.jpg
INFO: [ app_init ] --START--
INFO: Run Behavior\BuildLiteBehavior [ RunTime:0.000034s ]
INFO: [ app_init ] --END-- [ RunTime:0.000555s ]
ERR: æ— æ³•åŠ è½½æ¨¡å—:Images

[ 2018-01-24T21:59:53+08:00 ] 127.0.0.1 /images/partner-img7.jpg
INFO: [ app_init ] --START--
INFO: Run Behavior\BuildLiteBehavior [ RunTime:0.000037s ]
INFO: [ app_init ] --END-- [ RunTime:0.000588s ]
ERR: æ— æ³•åŠ è½½æ¨¡å—:Images

[ 2018-01-24T21:59:53+08:00 ] 127.0.0.1 /images/partner-img8.jpg
INFO: [ app_init ] --START--
INFO: Run Behavior\BuildLiteBehavior [ RunTime:0.000036s ]
INFO: [ app_init ] --END-- [ RunTime:0.000585s ]
ERR: æ— æ³•åŠ è½½æ¨¡å—:Images

[ 2018-01-24T21:59:53+08:00 ] 127.0.0.1 /images/simg1.jpg
INFO: [ app_init ] --START--
INFO: Run Behavior\BuildLiteBehavior [ RunTime:0.000145s ]
INFO: [ app_init ] --END-- [ RunTime:0.000893s ]
ERR: æ— æ³•åŠ è½½æ¨¡å—:Images

[ 2018-01-24T21:59:53+08:00 ] 127.0.0.1 /images/partner-img10.jpg
INFO: [ app_init ] --START--
INFO: Run Behavior\BuildLiteBehavior [ RunTime:0.000038s ]
INFO: [ app_init ] --END-- [ RunTime:0.000601s ]
ERR: æ— æ³•åŠ è½½æ¨¡å—:Images

[ 2018-01-24T21:59:54+08:00 ] 127.0.0.1 /images/ren.jpg
INFO: [ app_init ] --START--
INFO: Run Behavior\BuildLiteBehavior [ RunTime:0.000039s ]
INFO: [ app_init ] --END-- [ RunTime:0.000665s ]
ERR: æ— æ³•åŠ è½½æ¨¡å—:Images

[ 2018-01-24T21:59:54+08:00 ] 127.0.0.1 /images/partner-img4.jpg
INFO: [ app_init ] --START--
INFO: Run Behavior\BuildLiteBehavior [ RunTime:0.000038s ]
INFO: [ app_init ] --END-- [ RunTime:0.000967s ]
ERR: æ— æ³•åŠ è½½æ¨¡å—:Images

[ 2018-01-24T21:59:54+08:00 ] 127.0.0.1 /images/code.jpg
INFO: [ app_init ] --START--
INFO: Run Behavior\BuildLiteBehavior [ RunTime:0.000042s ]
INFO: [ app_init ] --END-- [ RunTime:0.000634s ]
ERR: æ— æ³•åŠ è½½æ¨¡å—:Images

[ 2018-01-24T21:59:54+08:00 ] 127.0.0.1 /images/news-img.jpg
INFO: [ app_init ] --START--
INFO: Run Behavior\BuildLiteBehavior [ RunTime:0.000038s ]
INFO: [ app_init ] --END-- [ RunTime:0.000780s ]
ERR: æ— æ³•åŠ è½½æ¨¡å—:Images

[ 2018-01-24T21:59:54+08:00 ] 127.0.0.1 /js/public.js
INFO: [ app_init ] --START--
INFO: Run Behavior\BuildLiteBehavior [ RunTime:0.000035s ]
INFO: [ app_init ] --END-- [ RunTime:0.001095s ]
ERR: æ— æ³•åŠ è½½æ¨¡å—:Js

[ 2018-01-24T21:59:54+08:00 ] 127.0.0.1 /images/news-img2.jpg
INFO: [ app_init ] --START--
INFO: Run Behavior\BuildLiteBehavior [ RunTime:0.000036s ]
INFO: [ app_init ] --END-- [ RunTime:0.000611s ]
ERR: æ— æ³•åŠ è½½æ¨¡å—:Images

[ 2018-01-24T21:59:54+08:00 ] 127.0.0.1 /images/weixin.jpg
INFO: [ app_init ] --START--
INFO: Run Behavior\BuildLiteBehavior [ RunTime:0.000037s ]
INFO: [ app_init ] --END-- [ RunTime:0.000599s ]
ERR: æ— æ³•åŠ è½½æ¨¡å—:Images

[ 2018-01-24T21:59:54+08:00 ] 127.0.0.1 /images/yu.png
INFO: [ app_init ] --START--
INFO: Run Behavior\BuildLiteBehavior [ RunTime:0.000045s ]
INFO: [ app_init ] --END-- [ RunTime:0.000667s ]
ERR: æ— æ³•åŠ è½½æ¨¡å—:Images

[ 2018-01-24T21:59:54+08:00 ] 127.0.0.1 /images/home-icon.png
INFO: [ app_init ] --START--
INFO: Run Behavior\BuildLiteBehavior [ RunTime:0.000040s ]
INFO: [ app_init ] --END-- [ RunTime:0.011117s ]
ERR: æ— æ³•åŠ è½½æ¨¡å—:Images

[ 2018-01-24T21:59:54+08:00 ] 127.0.0.1 /Public/css/home/images/home-tm.png
INFO: [ app_init ] --START--
INFO: Run Behavior\BuildLiteBehavior [ RunTime:0.000045s ]
INFO: [ app_init ] --END-- [ RunTime:0.000619s ]
ERR: æ— æ³•åŠ è½½æ¨¡å—:Public

[ 2018-01-24T21:59:53+08:00 ] 127.0.0.1 /images/partner-img9.jpg
INFO: [ app_init ] --START--
INFO: Run Behavior\BuildLiteBehavior [ RunTime:0.000036s ]
INFO: [ app_init ] --END-- [ RunTime:0.000760s ]
ERR: æ— æ³•åŠ è½½æ¨¡å—:Images

[ 2018-01-24T21:59:54+08:00 ] 127.0.0.1 /images/news-img3.jpg
INFO: [ app_init ] --START--
INFO: Run Behavior\BuildLiteBehavior [ RunTime:0.000035s ]
INFO: [ app_init ] --END-- [ RunTime:0.000587s ]
ERR: æ— æ³•åŠ è½½æ¨¡å—:Images

[ 2018-01-24T21:59:54+08:00 ] 127.0.0.1 /Public/css/home/images/home-bg.jpg
INFO: [ app_init ] --START--
INFO: Run Behavior\BuildLiteBehavior [ RunTime:0.000109s ]
INFO: [ app_init ] --END-- [ RunTime:0.000725s ]
ERR: æ— æ³•åŠ è½½æ¨¡å—:Public

[ 2018-01-24T22:03:06+08:00 ] 127.0.0.1 /js/slick.min.js
INFO: [ app_init ] --START--
INFO: Run Behavior\BuildLiteBehavior [ RunTime:0.000048s ]
INFO: [ app_init ] --END-- [ RunTime:0.000732s ]
ERR: æ— æ³•åŠ è½½æ¨¡å—:Js

[ 2018-01-24T22:03:06+08:00 ] 127.0.0.1 /js/jquery.placeholder.min.js
INFO: [ app_init ] --START--
INFO: Run Behavior\BuildLiteBehavior [ RunTime:0.000045s ]
INFO: [ app_init ] --END-- [ RunTime:0.000851s ]
ERR: æ— æ³•åŠ è½½æ¨¡å—:Js

[ 2018-01-24T22:03:06+08:00 ] 127.0.0.1 /js/public.js
INFO: [ app_init ] --START--
INFO: Run Behavior\BuildLiteBehavior [ RunTime:0.000037s ]
INFO: [ app_init ] --END-- [ RunTime:0.000780s ]
ERR: æ— æ³•åŠ è½½æ¨¡å—:Js

[ 2018-01-24T22:03:06+08:00 ] 127.0.0.1 /Public/css/home/images/home-tm.png
INFO: [ app_init ] --START--
INFO: Run Behavior\BuildLiteBehavior [ RunTime:0.000038s ]
INFO: [ app_init ] --END-- [ RunTime:0.000827s ]
ERR: æ— æ³•åŠ è½½æ¨¡å—:Public

[ 2018-01-24T22:03:06+08:00 ] 127.0.0.1 /Public/css/home/images/home-bg.jpg
INFO: [ app_init ] --START--
INFO: Run Behavior\BuildLiteBehavior [ RunTime:0.000029s ]
INFO: [ app_init ] --END-- [ RunTime:0.000950s ]
ERR: æ— æ³•åŠ è½½æ¨¡å—:Public

[ 2018-01-24T22:03:06+08:00 ] 127.0.0.1 /js/jquery.placeholder.min.js
INFO: [ app_init ] --START--
INFO: Run Behavior\BuildLiteBehavior [ RunTime:0.000024s ]
INFO: [ app_init ] --END-- [ RunTime:0.000394s ]
ERR: æ— æ³•åŠ è½½æ¨¡å—:Js

[ 2018-01-24T22:04:32+08:00 ] 127.0.0.1 /index.html
INFO: [ app_init ] --START--
INFO: Run Behavior\BuildLiteBehavior [ RunTime:0.000028s ]
INFO: [ app_init ] --END-- [ RunTime:0.000463s ]
ERR: æ— æ³•åŠ è½½æ¨¡å—:Index

[ 2018-01-24T22:04:36+08:00 ] 127.0.0.1 /js/jquery.placeholder.min.js
INFO: [ app_init ] --START--
INFO: Run Behavior\BuildLiteBehavior [ RunTime:0.000051s ]
INFO: [ app_init ] --END-- [ RunTime:0.000829s ]
ERR: æ— æ³•åŠ è½½æ¨¡å—:Js

[ 2018-01-24T22:04:36+08:00 ] 127.0.0.1 /Public/css/home/images/home-tm.png
INFO: [ app_init ] --START--
INFO: Run Behavior\BuildLiteBehavior [ RunTime:0.000037s ]
INFO: [ app_init ] --END-- [ RunTime:0.000624s ]
ERR: æ— æ³•åŠ è½½æ¨¡å—:Public

[ 2018-01-24T22:04:36+08:00 ] 127.0.0.1 /js/public.js
INFO: [ app_init ] --START--
INFO: Run Behavior\BuildLiteBehavior [ RunTime:0.000040s ]
INFO: [ app_init ] --END-- [ RunTime:0.000703s ]
ERR: æ— æ³•åŠ è½½æ¨¡å—:Js

[ 2018-01-24T22:04:36+08:00 ] 127.0.0.1 /Public/css/home/images/home-bg.jpg
INFO: [ app_init ] --START--
INFO: Run Behavior\BuildLiteBehavior [ RunTime:0.000035s ]
INFO: [ app_init ] --END-- [ RunTime:0.000612s ]
ERR: æ— æ³•åŠ è½½æ¨¡å—:Public

[ 2018-01-24T22:04:36+08:00 ] 127.0.0.1 /js/public.js
INFO: [ app_init ] --START--
INFO: Run Behavior\BuildLiteBehavior [ RunTime:0.000038s ]
INFO: [ app_init ] --END-- [ RunTime:0.001347s ]
ERR: æ— æ³•åŠ è½½æ¨¡å—:Js

[ 2018-01-24T22:04:36+08:00 ] 127.0.0.1 /js/jquery.placeholder.min.js
INFO: [ app_init ] --START--
INFO: Run Behavior\BuildLiteBehavior [ RunTime:0.000039s ]
INFO: [ app_init ] --END-- [ RunTime:0.000743s ]
ERR: æ— æ³•åŠ è½½æ¨¡å—:Js

[ 2018-01-24T22:05:00+08:00 ] 127.0.0.1 /js/public.js
INFO: [ app_init ] --START--
INFO: Run Behavior\BuildLiteBehavior [ RunTime:0.000038s ]
INFO: [ app_init ] --END-- [ RunTime:0.000602s ]
ERR: æ— æ³•åŠ è½½æ¨¡å—:Js

[ 2018-01-24T22:05:00+08:00 ] 127.0.0.1 /js/jquery.placeholder.min.js
INFO: [ app_init ] --START--
INFO: Run Behavior\BuildLiteBehavior [ RunTime:0.000047s ]
INFO: [ app_init ] --END-- [ RunTime:0.000640s ]
ERR: æ— æ³•åŠ è½½æ¨¡å—:Js

[ 2018-01-24T22:05:00+08:00 ] 127.0.0.1 /js/slick.min.js
INFO: [ app_init ] --START--
INFO: Run Behavior\BuildLiteBehavior [ RunTime:0.000044s ]
INFO: [ app_init ] --END-- [ RunTime:0.002798s ]
ERR: æ— æ³•åŠ è½½æ¨¡å—:Js

[ 2018-01-24T22:05:00+08:00 ] 127.0.0.1 /Public/css/home/images/home-tm.png
INFO: [ app_init ] --START--
INFO: Run Behavior\BuildLiteBehavior [ RunTime:0.000041s ]
INFO: [ app_init ] --END-- [ RunTime:0.001063s ]
ERR: æ— æ³•åŠ è½½æ¨¡å—:Public

[ 2018-01-24T22:05:00+08:00 ] 127.0.0.1 /Public/css/home/images/home-bg.jpg
INFO: [ app_init ] --START--
INFO: Run Behavior\BuildLiteBehavior [ RunTime:0.000042s ]
INFO: [ app_init ] --END-- [ RunTime:0.001078s ]
ERR: æ— æ³•åŠ è½½æ¨¡å—:Public

[ 2018-01-24T22:05:00+08:00 ] 127.0.0.1 /js/slick.min.js
INFO: [ app_init ] --START--
INFO: Run Behavior\BuildLiteBehavior [ RunTime:0.000040s ]
INFO: [ app_init ] --END-- [ RunTime:0.000948s ]
ERR: æ— æ³•åŠ è½½æ¨¡å—:Js

[ 2018-01-24T22:05:00+08:00 ] 127.0.0.1 /js/public.js
INFO: [ app_init ] --START--
INFO: Run Behavior\BuildLiteBehavior [ RunTime:0.000045s ]
INFO: [ app_init ] --END-- [ RunTime:0.000710s ]
ERR: æ— æ³•åŠ è½½æ¨¡å—:Js

[ 2018-01-24T22:05:00+08:00 ] 127.0.0.1 /js/jquery.placeholder.min.js
INFO: [ app_init ] --START--
INFO: Run Behavior\BuildLiteBehavior [ RunTime:0.000022s ]
INFO: [ app_init ] --END-- [ RunTime:0.000397s ]
ERR: æ— æ³•åŠ è½½æ¨¡å—:Js

[ 2018-01-24T22:05:37+08:00 ] 127.0.0.1 /js/slick.min.js
INFO: [ app_init ] --START--
INFO: Run Behavior\BuildLiteBehavior [ RunTime:0.000041s ]
INFO: [ app_init ] --END-- [ RunTime:0.001025s ]
ERR: æ— æ³•åŠ è½½æ¨¡å—:Js

[ 2018-01-24T22:05:37+08:00 ] 127.0.0.1 /js/jquery.placeholder.min.js
INFO: [ app_init ] --START--
INFO: Run Behavior\BuildLiteBehavior [ RunTime:0.000040s ]
INFO: [ app_init ] --END-- [ RunTime:0.000771s ]
ERR: æ— æ³•åŠ è½½æ¨¡å—:Js

[ 2018-01-24T22:05:37+08:00 ] 127.0.0.1 /js/public.js
INFO: [ app_init ] --START--
INFO: Run Behavior\BuildLiteBehavior [ RunTime:0.000041s ]
INFO: [ app_init ] --END-- [ RunTime:0.000859s ]
ERR: æ— æ³•åŠ è½½æ¨¡å—:Js

[ 2018-01-24T22:05:37+08:00 ] 127.0.0.1 /Public/css/home/images/home-tm.png
INFO: [ app_init ] --START--
INFO: Run Behavior\BuildLiteBehavior [ RunTime:0.000205s ]
INFO: [ app_init ] --END-- [ RunTime:0.001178s ]
ERR: æ— æ³•åŠ è½½æ¨¡å—:Public

[ 2018-01-24T22:05:37+08:00 ] 127.0.0.1 /Public/css/home/images/home-bg.jpg
INFO: [ app_init ] --START--
INFO: Run Behavior\BuildLiteBehavior [ RunTime:0.000040s ]
INFO: [ app_init ] --END-- [ RunTime:0.001044s ]
ERR: æ— æ³•åŠ è½½æ¨¡å—:Public

[ 2018-01-24T22:05:37+08:00 ] 127.0.0.1 /js/jquery.placeholder.min.js
INFO: [ app_init ] --START--
INFO: Run Behavior\BuildLiteBehavior [ RunTime:0.000038s ]
INFO: [ app_init ] --END-- [ RunTime:0.000695s ]
ERR: æ— æ³•åŠ è½½æ¨¡å—:Js

[ 2018-01-24T22:05:38+08:00 ] 127.0.0.1 /js/slick.min.js
INFO: [ app_init ] --START--
INFO: Run Behavior\BuildLiteBehavior [ RunTime:0.000045s ]
INFO: [ app_init ] --END-- [ RunTime:0.000777s ]
ERR: æ— æ³•åŠ è½½æ¨¡å—:Js

[ 2018-01-24T22:05:38+08:00 ] 127.0.0.1 /js/public.js
INFO: [ app_init ] --START--
INFO: Run Behavior\BuildLiteBehavior [ RunTime:0.000040s ]
INFO: [ app_init ] --END-- [ RunTime:0.000675s ]
ERR: æ— æ³•åŠ è½½æ¨¡å—:Js

[ 2018-01-24T22:05:38+08:00 ] 127.0.0.1 /js/jquery.placeholder.min.js
INFO: [ app_init ] --START--
INFO: Run Behavior\BuildLiteBehavior [ RunTime:0.000044s ]
INFO: [ app_init ] --END-- [ RunTime:0.001472s ]
ERR: æ— æ³•åŠ è½½æ¨¡å—:Js

[ 2018-01-24T22:05:38+08:00 ] 127.0.0.1 /Public/css/home/images/home-tm.png
INFO: [ app_init ] --START--
INFO: Run Behavior\BuildLiteBehavior [ RunTime:0.000042s ]
INFO: [ app_init ] --END-- [ RunTime:0.000678s ]
ERR: æ— æ³•åŠ è½½æ¨¡å—:Public

[ 2018-01-24T22:05:38+08:00 ] 127.0.0.1 /Public/css/home/images/home-bg.jpg
INFO: [ app_init ] --START--
INFO: Run Behavior\BuildLiteBehavior [ RunTime:0.000036s ]
INFO: [ app_init ] --END-- [ RunTime:0.000692s ]
ERR: æ— æ³•åŠ è½½æ¨¡å—:Public

[ 2018-01-24T22:05:41+08:00 ] 127.0.0.1 /js/public.js
INFO: [ app_init ] --START--
INFO: Run Behavior\BuildLiteBehavior [ RunTime:0.000047s ]
INFO: [ app_init ] --END-- [ RunTime:0.000674s ]
ERR: æ— æ³•åŠ è½½æ¨¡å—:Js

[ 2018-01-24T22:05:41+08:00 ] 127.0.0.1 /js/slick.min.js
INFO: [ app_init ] --START--
INFO: Run Behavior\BuildLiteBehavior [ RunTime:0.000037s ]
INFO: [ app_init ] --END-- [ RunTime:0.000622s ]
ERR: æ— æ³•åŠ è½½æ¨¡å—:Js

[ 2018-01-24T22:05:41+08:00 ] 127.0.0.1 /js/jquery.placeholder.min.js
INFO: [ app_init ] --START--
INFO: Run Behavior\BuildLiteBehavior [ RunTime:0.000041s ]
INFO: [ app_init ] --END-- [ RunTime:0.000922s ]
ERR: æ— æ³•åŠ è½½æ¨¡å—:Js

[ 2018-01-24T22:05:41+08:00 ] 127.0.0.1 /Public/css/home/images/home-tm.png
INFO: [ app_init ] --START--
INFO: Run Behavior\BuildLiteBehavior [ RunTime:0.000038s ]
INFO: [ app_init ] --END-- [ RunTime:0.000636s ]
ERR: æ— æ³•åŠ è½½æ¨¡å—:Public

[ 2018-01-24T22:05:41+08:00 ] 127.0.0.1 /Public/css/home/images/home-bg.jpg
INFO: [ app_init ] --START--
INFO: Run Behavior\BuildLiteBehavior [ RunTime:0.000042s ]
INFO: [ app_init ] --END-- [ RunTime:0.001308s ]
ERR: æ— æ³•åŠ è½½æ¨¡å—:Public

[ 2018-01-24T22:05:41+08:00 ] 127.0.0.1 /js/public.js
INFO: [ app_init ] --START--
INFO: Run Behavior\BuildLiteBehavior [ RunTime:0.000040s ]
INFO: [ app_init ] --END-- [ RunTime:0.000751s ]
ERR: æ— æ³•åŠ è½½æ¨¡å—:Js

[ 2018-01-24T22:05:41+08:00 ] 127.0.0.1 /js/jquery.placeholder.min.js
INFO: [ app_init ] --START--
INFO: Run Behavior\BuildLiteBehavior [ RunTime:0.000022s ]
INFO: [ app_init ] --END-- [ RunTime:0.000424s ]
ERR: æ— æ³•åŠ è½½æ¨¡å—:Js

[ 2018-01-24T22:05:45+08:00 ] 127.0.0.1 /js/jquery.placeholder.min.js
INFO: [ app_init ] --START--
INFO: Run Behavior\BuildLiteBehavior [ RunTime:0.000037s ]
INFO: [ app_init ] --END-- [ RunTime:0.000785s ]
ERR: æ— æ³•åŠ è½½æ¨¡å—:Js

[ 2018-01-24T22:05:45+08:00 ] 127.0.0.1 /js/public.js
INFO: [ app_init ] --START--
INFO: Run Behavior\BuildLiteBehavior [ RunTime:0.000038s ]
INFO: [ app_init ] --END-- [ RunTime:0.000640s ]
ERR: æ— æ³•åŠ è½½æ¨¡å—:Js

[ 2018-01-24T22:05:45+08:00 ] 127.0.0.1 /Public/css/home/images/home-bg.jpg
INFO: [ app_init ] --START--
INFO: Run Behavior\BuildLiteBehavior [ RunTime:0.000038s ]
INFO: [ app_init ] --END-- [ RunTime:0.000662s ]
ERR: æ— æ³•åŠ è½½æ¨¡å—:Public

[ 2018-01-24T22:05:45+08:00 ] 127.0.0.1 /Public/css/home/images/home-tm.png
INFO: [ app_init ] --START--
INFO: Run Behavior\BuildLiteBehavior [ RunTime:0.000045s ]
INFO: [ app_init ] --END-- [ RunTime:0.000841s ]
ERR: æ— æ³•åŠ è½½æ¨¡å—:Public

[ 2018-01-24T22:05:45+08:00 ] 127.0.0.1 /js/slick.min.js
INFO: [ app_init ] --START--
INFO: Run Behavior\BuildLiteBehavior [ RunTime:0.000025s ]
INFO: [ app_init ] --END-- [ RunTime:0.000487s ]
ERR: æ— æ³•åŠ è½½æ¨¡å—:Js

[ 2018-01-24T22:05:45+08:00 ] 127.0.0.1 /js/public.js
INFO: [ app_init ] --START--
INFO: Run Behavior\BuildLiteBehavior [ RunTime:0.000022s ]
INFO: [ app_init ] --END-- [ RunTime:0.000393s ]
ERR: æ— æ³•åŠ è½½æ¨¡å—:Js

[ 2018-01-24T22:05:45+08:00 ] 127.0.0.1 /js/jquery.placeholder.min.js
INFO: [ app_init ] --START--
INFO: Run Behavior\BuildLiteBehavior [ RunTime:0.000023s ]
INFO: [ app_init ] --END-- [ RunTime:0.000408s ]
ERR: æ— æ³•åŠ è½½æ¨¡å—:Js

[ 2018-01-24T22:06:05+08:00 ] 127.0.0.1 /js/public.js
INFO: [ app_init ] --START--
INFO: Run Behavior\BuildLiteBehavior [ RunTime:0.000037s ]
INFO: [ app_init ] --END-- [ RunTime:0.000631s ]
ERR: æ— æ³•åŠ è½½æ¨¡å—:Js

[ 2018-01-24T22:06:05+08:00 ] 127.0.0.1 /js/jquery.placeholder.min.js
INFO: [ app_init ] --START--
INFO: Run Behavior\BuildLiteBehavior [ RunTime:0.000041s ]
INFO: [ app_init ] --END-- [ RunTime:0.000640s ]
ERR: æ— æ³•åŠ è½½æ¨¡å—:Js

[ 2018-01-24T22:06:05+08:00 ] 127.0.0.1 /Public/images/pro-icon.png
INFO: [ app_init ] --START--
INFO: Run Behavior\BuildLiteBehavior [ RunTime:0.000039s ]
INFO: [ app_init ] --END-- [ RunTime:0.001042s ]
ERR: æ— æ³•åŠ è½½æ¨¡å—:Public

[ 2018-01-24T22:06:05+08:00 ] 127.0.0.1 /Public/images/banner.jpg
INFO: [ app_init ] --START--
INFO: Run Behavior\BuildLiteBehavior [ RunTime:0.000041s ]
INFO: [ app_init ] --END-- [ RunTime:0.000661s ]
ERR: æ— æ³•åŠ è½½æ¨¡å—:Public

[ 2018-01-24T22:06:05+08:00 ] 127.0.0.1 /js/slick.min.js
INFO: [ app_init ] --START--
INFO: Run Behavior\BuildLiteBehavior [ RunTime:0.000039s ]
INFO: [ app_init ] --END-- [ RunTime:0.000660s ]
ERR: æ— æ³•åŠ è½½æ¨¡å—:Js

[ 2018-01-24T22:06:05+08:00 ] 127.0.0.1 /Public/images/pro-img2.jpg
INFO: [ app_init ] --START--
INFO: Run Behavior\BuildLiteBehavior [ RunTime:0.000041s ]
INFO: [ app_init ] --END-- [ RunTime:0.000691s ]
ERR: æ— æ³•åŠ è½½æ¨¡å—:Public

[ 2018-01-24T22:06:05+08:00 ] 127.0.0.1 /Public/images/icon-closed.png
INFO: [ app_init ] --START--
INFO: Run Behavior\BuildLiteBehavior [ RunTime:0.000036s ]
INFO: [ app_init ] --END-- [ RunTime:0.000712s ]
ERR: æ— æ³•åŠ è½½æ¨¡å—:Public

[ 2018-01-24T22:06:05+08:00 ] 127.0.0.1 /Public/images/logo.png
INFO: [ app_init ] --START--
INFO: Run Behavior\BuildLiteBehavior [ RunTime:0.000037s ]
INFO: [ app_init ] --END-- [ RunTime:0.000591s ]
ERR: æ— æ³•åŠ è½½æ¨¡å—:Public

[ 2018-01-24T22:06:05+08:00 ] 127.0.0.1 /Public/images/simg2.jpg
INFO: [ app_init ] --START--
INFO: Run Behavior\BuildLiteBehavior [ RunTime:0.000041s ]
INFO: [ app_init ] --END-- [ RunTime:0.000614s ]
ERR: æ— æ³•åŠ è½½æ¨¡å—:Public

[ 2018-01-24T22:06:05+08:00 ] 127.0.0.1 /Public/images/pro-img.jpg
INFO: [ app_init ] --START--
INFO: Run Behavior\BuildLiteBehavior [ RunTime:0.000035s ]
INFO: [ app_init ] --END-- [ RunTime:0.000774s ]
ERR: æ— æ³•åŠ è½½æ¨¡å—:Public

[ 2018-01-24T22:06:05+08:00 ] 127.0.0.1 /Public/images/pro-img5.jpg
INFO: [ app_init ] --START--
INFO: Run Behavior\BuildLiteBehavior [ RunTime:0.000041s ]
INFO: [ app_init ] --END-- [ RunTime:0.014833s ]
ERR: æ— æ³•åŠ è½½æ¨¡å—:Public

[ 2018-01-24T22:06:05+08:00 ] 127.0.0.1 /js/public.js
INFO: [ app_init ] --START--
INFO: Run Behavior\BuildLiteBehavior [ RunTime:0.000038s ]
INFO: [ app_init ] --END-- [ RunTime:0.000615s ]
ERR: æ— æ³•åŠ è½½æ¨¡å—:Js

[ 2018-01-24T22:06:05+08:00 ] 127.0.0.1 /Public/images/simg3.jpg
INFO: [ app_init ] --START--
INFO: Run Behavior\BuildLiteBehavior [ RunTime:0.000037s ]
INFO: [ app_init ] --END-- [ RunTime:0.000609s ]
ERR: æ— æ³•åŠ è½½æ¨¡å—:Public

[ 2018-01-24T22:06:05+08:00 ] 127.0.0.1 /Public/images/pro-img4.jpg
INFO: [ app_init ] --START--
INFO: Run Behavior\BuildLiteBehavior [ RunTime:0.000037s ]
INFO: [ app_init ] --END-- [ RunTime:0.000620s ]
ERR: æ— æ³•åŠ è½½æ¨¡å—:Public



[ 2018-01-24T22:06:05+08:00 ] 127.0.0.1 /Public/images/simg4.jpg
INFO: [ app_init ] --START--
INFO: Run Behavior\BuildLiteBehavior [ RunTime:0.000040s ]
INFO: [ app_init ] --END-- [ RunTime:0.000607s ]
ERR: æ— æ³•åŠ è½½æ¨¡å—:Public

[ 2018-01-24T22:06:05+08:00 ] 127.0.0.1 /Public/images/partner-img4.jpg
INFO: [ app_init ] --START--
INFO: Run Behavior\BuildLiteBehavior [ RunTime:0.000040s ]
INFO: [ app_init ] --END-- [ RunTime:0.000593s ]
ERR: æ— æ³•åŠ è½½æ¨¡å—:Public

[ 2018-01-24T22:06:05+08:00 ] 127.0.0.1 /Public/images/partner-img5.jpg
INFO: [ app_init ] --START--
INFO: Run Behavior\BuildLiteBehavior [ RunTime:0.000034s ]
INFO: [ app_init ] --END-- [ RunTime:0.000535s ]
ERR: æ— æ³•åŠ è½½æ¨¡å—:Public

[ 2018-01-24T22:06:05+08:00 ] 127.0.0.1 /Public/images/partner-img6.jpg
INFO: [ app_init ] --START--
INFO: Run Behavior\BuildLiteBehavior [ RunTime:0.000039s ]
INFO: [ app_init ] --END-- [ RunTime:0.002036s ]
ERR: æ— æ³•åŠ è½½æ¨¡å—:Public

[ 2018-01-24T22:06:05+08:00 ] 127.0.0.1 /Public/images/partner-img7.jpg
INFO: [ app_init ] --START--
INFO: Run Behavior\BuildLiteBehavior [ RunTime:0.000044s ]
INFO: [ app_init ] --END-- [ RunTime:0.000639s ]
ERR: æ— æ³•åŠ è½½æ¨¡å—:Public

[ 2018-01-24T22:06:05+08:00 ] 127.0.0.1 /Public/images/simg1.jpg
INFO: [ app_init ] --START--
INFO: Run Behavior\BuildLiteBehavior [ RunTime:0.000037s ]
INFO: [ app_init ] --END-- [ RunTime:0.000599s ]
ERR: æ— æ³•åŠ è½½æ¨¡å—:Public

lic

[ 2018-01-24T22:06:05+08:00 ] 127.0.0.1 /Public/images/partner-img9.jpg
INFO: [ app_init ] --START--
INFO: Run Behavior\BuildLiteBehavior [ RunTime:0.000034s ]
INFO: [ app_init ] --END-- [ RunTime:0.000706s ]
ERR: æ— æ³•åŠ è½½æ¨¡å—:Public

[ 2018-01-24T22:06:05+08:00 ] 127.0.0.1 /Public/images/partner-img1.jpg
INFO: [ app_init ] --START--
INFO: Run Behavior\BuildLiteBehavior [ RunTime:0.000039s ]
INFO: [ app_init ] --END-- [ RunTime:0.000654s ]
ERR: æ— æ³•åŠ è½½æ¨¡å—:Public

[ 2018-01-24T22:06:05+08:00 ] 127.0.0.1 /Public/images/partner-img10.jpg
INFO: [ app_init ] --START--
INFO: Run Behavior\BuildLiteBehavior [ RunTime:0.000039s ]
INFO: [ app_init ] --END-- [ RunTime:0.001075s ]
ERR: æ— æ³•åŠ è½½æ¨¡å—:Public

[ 2018-01-24T22:06:05+08:00 ] 127.0.0.1 /Public/images/code.jpg
INFO: [ app_init ] --START--
INFO: Run Behavior\BuildLiteBehavior [ RunTime:0.000039s ]
INFO: [ app_init ] --END-- [ RunTime:0.000589s ]
ERR: æ— æ³•åŠ è½½æ¨¡å—:Public

c

[ 2018-01-24T22:06:05+08:00 ] 127.0.0.1 /Public/images/news-img.jpg
INFO: [ app_init ] --START--
INFO: Run Behavior\BuildLiteBehavior [ RunTime:0.000046s ]
INFO: [ app_init ] --END-- [ RunTime:0.000727s ]
ERR: æ— æ³•åŠ è½½æ¨¡å—:Public

[ 2018-01-24T22:06:05+08:00 ] 127.0.0.1 /Public/images/ren.jpg
INFO: [ app_init ] --START--
INFO: Run Behavior\BuildLiteBehavior [ RunTime:0.000041s ]
INFO: [ app_init ] --END-- [ RunTime:0.000557s ]
ERR: æ— æ³•åŠ è½½æ¨¡å—:Public

[ 2018-01-24T22:06:05+08:00 ] 127.0.0.1 /Public/images/news-img3.jpg
INFO: [ app_init ] --START--
INFO: Run Behavior\BuildLiteBehavior [ RunTime:0.000046s ]
INFO: [ app_init ] --END-- [ RunTime:0.000627s ]
ERR: æ— æ³•åŠ è½½æ¨¡å—:Public

[ 2018-01-24T22:06:05+08:00 ] 127.0.0.1 /Public/images/yu.png
INFO: [ app_init ] --START--
INFO: Run Behavior\BuildLiteBehavior [ RunTime:0.000037s ]
INFO: [ app_init ] --END-- [ RunTime:0.000623s ]
ERR: æ— æ³•åŠ è½½æ¨¡å—:Public

[ 2018-01-24T22:06:05+08:00 ] 127.0.0.1 /Public/images/weixin.jpg
INFO: [ app_init ] --START--
INFO: Run Behavior\BuildLiteBehavior [ RunTime:0.000039s ]
INFO: [ app_init ] --END-- [ RunTime:0.000593s ]
ERR: æ— æ³•åŠ è½½æ¨¡å—:Public

[ 2018-01-24T22:06:05+08:00 ] 127.0.0.1 /Public/images/home-icon.png
INFO: [ app_init ] --START--
INFO: Run Behavior\BuildLiteBehavior [ RunTime:0.000035s ]
INFO: [ app_init ] --END-- [ RunTime:0.000600s ]
ERR: æ— æ³•åŠ è½½æ¨¡å—:Public

[ 2018-01-24T22:06:05+08:00 ] 127.0.0.1 /Public/css/home/images/home-bg.jpg
INFO: [ app_init ] --START--
INFO: Run Behavior\BuildLiteBehavior [ RunTime:0.000038s ]
INFO: [ app_init ] --END-- [ RunTime:0.000594s ]
ERR: æ— æ³•åŠ è½½æ¨¡å—:Public

[ 2018-01-24T22:06:05+08:00 ] 127.0.0.1 /Public/css/home/images/home-tm.png
INFO: [ app_init ] --START--
INFO: Run Behavior\BuildLiteBehavior [ RunTime:0.000047s ]
INFO: [ app_init ] --END-- [ RunTime:0.000788s ]
ERR: æ— æ³•åŠ è½½æ¨¡å—:Public

[ 2018-01-24T22:06:05+08:00 ] 127.0.0.1 /js/jquery.placeholder.min.js
INFO: [ app_init ] --START--
INFO: Run Behavior\BuildLiteBehavior [ RunTime:0.000025s ]
INFO: [ app_init ] --END-- [ RunTime:0.000676s ]
ERR: æ— æ³•åŠ è½½æ¨¡å—:Js

[ 2018-01-24T22:06:41+08:00 ] 127.0.0.1 /js/jquery.placeholder.min.js
INFO: [ app_init ] --START--
INFO: Run Behavior\BuildLiteBehavior [ RunTime:0.000037s ]
INFO: [ app_init ] --END-- [ RunTime:0.000605s ]
ERR: æ— æ³•åŠ è½½æ¨¡å—:Js

[ 2018-01-24T22:06:41+08:00 ] 127.0.0.1 /js/public.js
INFO: [ app_init ] --START--
INFO: Run Behavior\BuildLiteBehavior [ RunTime:0.000046s ]
INFO: [ app_init ] --END-- [ RunTime:0.000852s ]
ERR: æ— æ³•åŠ è½½æ¨¡å—:Js

[ 2018-01-24T22:06:41+08:00 ] 127.0.0.1 /js/slick.min.js
INFO: [ app_init ] --START--
INFO: Run Behavior\BuildLiteBehavior [ RunTime:0.004938s ]
INFO: [ app_init ] --END-- [ RunTime:0.014942s ]
ERR: æ— æ³•åŠ è½½æ¨¡å—:Js

[ 2018-01-24T22:06:41+08:00 ] 127.0.0.1 /Public/css/home/images/home-bg.jpg
INFO: [ app_init ] --START--
INFO: Run Behavior\BuildLiteBehavior [ RunTime:0.000144s ]
INFO: [ app_init ] --END-- [ RunTime:0.000949s ]
ERR: æ— æ³•åŠ è½½æ¨¡å—:Public

[ 2018-01-24T22:06:41+08:00 ] 127.0.0.1 /Public/css/home/images/home-tm.png
INFO: [ app_init ] --START--
INFO: Run Behavior\BuildLiteBehavior [ RunTime:0.000038s ]
INFO: [ app_init ] --END-- [ RunTime:0.000651s ]
ERR: æ— æ³•åŠ è½½æ¨¡å—:Public

[ 2018-01-24T22:06:41+08:00 ] 127.0.0.1 /js/public.js
INFO: [ app_init ] --START--
INFO: Run Behavior\BuildLiteBehavior [ RunTime:0.000034s ]
INFO: [ app_init ] --END-- [ RunTime:0.000648s ]
ERR: æ— æ³•åŠ è½½æ¨¡å—:Js

[ 2018-01-24T22:06:41+08:00 ] 127.0.0.1 /js/jquery.placeholder.min.js
INFO: [ app_init ] --START--
INFO: Run Behavior\BuildLiteBehavior [ RunTime:0.000036s ]
INFO: [ app_init ] --END-- [ RunTime:0.000600s ]
ERR: æ— æ³•åŠ è½½æ¨¡å—:Js

[ 2018-01-24T22:08:53+08:00 ] 127.0.0.1 /Public/css/home/images/home-bg.jpg
INFO: [ app_init ] --START--
INFO: Run Behavior\BuildLiteBehavior [ RunTime:0.000039s ]
INFO: [ app_init ] --END-- [ RunTime:0.000698s ]
ERR: æ— æ³•åŠ è½½æ¨¡å—:Public

[ 2018-01-24T22:08:53+08:00 ] 127.0.0.1 /Public/css/home/images/home-tm.png
INFO: [ app_init ] --START--
INFO: Run Behavior\BuildLiteBehavior [ RunTime:0.000059s ]
INFO: [ app_init ] --END-- [ RunTime:0.002305s ]
ERR: æ— æ³•åŠ è½½æ¨¡å—:Public

[ 2018-01-24T22:08:53+08:00 ] 127.0.0.1 /Public/css/home/images/right-arrow.png
INFO: [ app_init ] --START--
INFO: Run Behavior\BuildLiteBehavior [ RunTime:0.000061s ]
INFO: [ app_init ] --END-- [ RunTime:0.001382s ]
ERR: æ— æ³•åŠ è½½æ¨¡å—:Public

[ 2018-01-24T22:08:53+08:00 ] 127.0.0.1 /Public/css/home/images/left-arrow.png
INFO: [ app_init ] --START--
INFO: Run Behavior\BuildLiteBehavior [ RunTime:0.000040s ]
INFO: [ app_init ] --END-- [ RunTime:0.000864s ]
ERR: æ— æ³•åŠ è½½æ¨¡å—:Public

[ 2018-01-24T22:26:19+08:00 ] 127.0.0.1 /proshow.html
INFO: [ app_init ] --START--
INFO: Run Behavior\BuildLiteBehavior [ RunTime:0.000039s ]
INFO: [ app_init ] --END-- [ RunTime:0.000913s ]
ERR: æ— æ³•åŠ è½½æ¨¡å—:Proshow

[ 2018-01-24T22:26:29+08:00 ] 127.0.0.1 /about.html
INFO: [ app_init ] --START--
INFO: Run Behavior\BuildLiteBehavior [ RunTime:0.000023s ]
INFO: [ app_init ] --END-- [ RunTime:0.000424s ]
ERR: æ— æ³•åŠ è½½æ¨¡å—:About

[ 2018-01-24T22:27:22+08:00 ] 127.0.0.1 /about.html
INFO: [ app_init ] --START--
INFO: Run Behavior\BuildLiteBehavior [ RunTime:0.000026s ]
INFO: [ app_init ] --END-- [ RunTime:0.000540s ]
ERR: æ— æ³•åŠ è½½æ¨¡å—:About

[ 2018-01-24T22:44:26+08:00 ] 127.0.0.1 /product.html
INFO: [ app_init ] --START--
INFO: Run Behavior\BuildLiteBehavior [ RunTime:0.000065s ]
INFO: [ app_init ] --END-- [ RunTime:0.000921s ]
ERR: æ— æ³•åŠ è½½æ¨¡å—:Product

[ 2018-01-24T22:44:29+08:00 ] 127.0.0.1 /solution.html
INFO: [ app_init ] --START--
INFO: Run Behavior\BuildLiteBehavior [ RunTime:0.000033s ]
INFO: [ app_init ] --END-- [ RunTime:0.000562s ]
ERR: æ— æ³•åŠ è½½æ¨¡å—:Solution

