[ 2018-01-26T22:15:20+08:00 ] 127.0.0.1 /admin.php?c=login
INFO: [ app_init ] --START--
INFO: Run Behavior\BuildLiteBehavior [ RunTime:0.000030s ]
INFO: [ app_init ] --END-- [ RunTime:0.002279s ]
INFO: [ app_begin ] --START--
INFO: Run Behavior\ReadHtmlCacheBehavior [ RunTime:0.002306s ]
INFO: [ app_begin ] --END-- [ RunTime:0.002577s ]
INFO: [ view_parse ] --START--
INFO: [ template_filter ] --START--
INFO: Run Behavior\ContentReplaceBehavior [ RunTime:0.002454s ]
INFO: [ template_filter ] --END-- [ RunTime:0.002629s ]
INFO: Run Behavior\ParseTemplateBehavior [ RunTime:0.016236s ]
INFO: [ view_parse ] --END-- [ RunTime:0.016423s ]
INFO: [ view_filter ] --START--
INFO: Run Behavior\WriteHtmlCacheBehavior [ RunTime:0.001147s ]
INFO: [ view_filter ] --END-- [ RunTime:0.001271s ]
INFO: [ app_end ] --START--
INFO: Run Behavior\ShowPageTraceBehavior [ RunTime:0.001368s ]
INFO: [ app_end ] --END-- [ RunTime:0.001519s ]

[ 2018-01-26T22:15:30+08:00 ] 127.0.0.1 /admin.php?c=login&a=check
INFO: [ app_init ] --START--
INFO: Run Behavior\BuildLiteBehavior [ RunTime:0.000035s ]
INFO: [ app_init ] --END-- [ RunTime:0.000467s ]
INFO: [ app_begin ] --START--
INFO: Run Behavior\ReadHtmlCacheBehavior [ RunTime:0.001296s ]
INFO: [ app_begin ] --END-- [ RunTime:0.001568s ]
SQL: SHOW COLUMNS FROM `tt_admin` [ RunTime:0.0179s ]
SQL: SELECT * FROM `tt_admin` WHERE ( username="admin" ) LIMIT 1   [ RunTime:0.0049s ]
SQL: UPDATE `tt_admin` SET `lastlogintime`='1516976130' WHERE ( admin_id=1 ) [ RunTime:0.0021s ]

[ 2018-01-26T22:15:31+08:00 ] 127.0.0.1 /admin.php?c=index
INFO: [ app_init ] --START--
INFO: Run Behavior\BuildLiteBehavior [ RunTime:0.000023s ]
INFO: [ app_init ] --END-- [ RunTime:0.000387s ]
INFO: [ app_begin ] --START--
INFO: Run Behavior\ReadHtmlCacheBehavior [ RunTime:0.000518s ]
INFO: [ app_begin ] --END-- [ RunTime:0.000671s ]
NOTIC: [2048] Declaration of Common\Model\NewsModel::find() should be compatible with Think\Model::find($options = Array) C:\Software\wamp64\www\demo\Application\Common\Model\NewsModel.class.php 第 9 行.
SQL: SHOW COLUMNS FROM `tt_news` [ RunTime:0.0030s ]
SQL: SELECT * FROM `tt_news` WHERE `status` = 1 ORDER BY count desc LIMIT 1   [ RunTime:0.0014s ]
SQL: SELECT COUNT(*) AS tp_count FROM `tt_news` WHERE `status` <> -1 LIMIT 1   [ RunTime:0.0028s ]
NOTIC: [2048] Declaration of Common\Model\PositionModel::find() should be compatible with Think\Model::find($options = Array) C:\Software\wamp64\www\demo\Application\Common\Model\PositionModel.class.php 第 81 行.
SQL: SHOW COLUMNS FROM `tt_position` [ RunTime:0.0029s ]
SQL: SELECT COUNT(*) AS tp_count FROM `tt_position` WHERE `status` = 1 LIMIT 1   [ RunTime:0.0006s ]
SQL: SHOW COLUMNS FROM `tt_admin` [ RunTime:0.0010s ]
SQL: SELECT COUNT(*) AS tp_count FROM `tt_admin` WHERE `status` = 1 AND `lastlogintime` > 1516896000 LIMIT 1   [ RunTime:0.0003s ]
NOTIC: [2] Illegal string offset 'tp_count' C:\Software\wamp64\www\demo\Application\Common\Model\AdminModel.class.php 第 75 行.
INFO: [ view_parse ] --START--
INFO: [ template_filter ] --START--
INFO: Run Behavior\ContentReplaceBehavior [ RunTime:0.000094s ]
INFO: [ template_filter ] --END-- [ RunTime:0.000204s ]
NOTIC: [2048] Declaration of Common\Model\MenuModel::find() should be compatible with Think\Model::find($options = Array) C:\Software\wamp64\www\demo\Application\Common\Model\MenuModel.class.php 第 92 行.
SQL: SHOW COLUMNS FROM `tt_menu` [ RunTime:0.0038s ]
SQL: SELECT * FROM `tt_menu` WHERE `status` <> -1 AND `type` = 1 ORDER BY listorder desc,menu_id desc  [ RunTime:0.0005s ]
NOTIC: [8] Undefined index: a C:\Software\wamp64\www\demo\Application\Common\Common\function.php 第 33 行.
NOTIC: [8] Undefined index: a C:\Software\wamp64\www\demo\Application\Common\Common\function.php 第 33 行.
NOTIC: [8] Undefined index: a C:\Software\wamp64\www\demo\Application\Common\Common\function.php 第 33 行.
NOTIC: [8] Undefined index: a C:\Software\wamp64\www\demo\Application\Common\Common\function.php 第 33 行.
NOTIC: [8] Undefined index: a C:\Software\wamp64\www\demo\Application\Common\Common\function.php 第 33 行.
NOTIC: [8] Undefined index: a C:\Software\wamp64\www\demo\Application\Common\Common\function.php 第 33 行.
INFO: Run Behavior\ParseTemplateBehavior [ RunTime:0.025858s ]
INFO: [ view_parse ] --END-- [ RunTime:0.025963s ]
INFO: [ view_filter ] --START--
INFO: Run Behavior\WriteHtmlCacheBehavior [ RunTime:0.000681s ]
INFO: [ view_filter ] --END-- [ RunTime:0.000783s ]
INFO: [ app_end ] --START--
INFO: Run Behavior\ShowPageTraceBehavior [ RunTime:0.000770s ]
INFO: [ app_end ] --END-- [ RunTime:0.000874s ]

